1: 5,2,6,1,7,4,0,3,
2: 4,6,1,5,2,0,7,3,
3: 3,6,0,7,4,1,5,2,
4: 6,4,2,0,5,7,1,3,
5: 6,1,5,2,0,3,7,4,
6: 2,5,7,0,3,6,4,1,
7: 4,6,1,3,7,0,2,5,
8: 0,6,3,5,7,1,4,2,
9: 4,1,3,5,7,2,0,6,
10: 3,0,4,7,1,6,2,5,
11: 2,4,1,7,0,6,3,5,
12: 6,3,1,7,5,0,2,4,
13: 2,5,1,6,4,0,7,3,
14: 2,5,3,1,7,4,6,0,
15: 1,6,4,7,0,3,5,2,
16: 4,6,1,5,2,0,3,7,
17: 6,1,3,0,7,4,2,5,
18: 7,2,0,5,1,4,6,3,
19: 5,2,0,7,3,1,6,4,
20: 3,5,7,1,6,0,2,4,
21: 0,6,4,7,1,3,5,2,
22: 4,0,7,3,1,6,2,5,
23: 1,3,5,7,2,0,6,4,
24: 1,4,6,3,0,7,5,2,
25: 6,3,1,4,7,0,2,5,
26: 4,6,0,2,7,5,3,1,
27: 1,5,0,6,3,7,2,4,
28: 7,3,0,2,5,1,6,4,
29: 4,2,7,3,6,0,5,1,
30: 3,6,2,7,1,4,0,5,
31: 5,2,0,6,4,7,1,3,
32: 3,1,7,5,0,2,4,6,
33: 3,5,7,2,0,6,4,1,
34: 1,4,6,0,2,7,5,3,
35: 5,0,4,1,7,2,6,3,
36: 5,2,0,7,4,1,3,6,
37: 2,5,1,6,0,3,7,4,
38: 7,1,4,2,0,6,3,5,
39: 3,5,0,4,1,7,2,6,
40: 3,1,6,2,5,7,4,0,
41: 2,0,6,4,7,1,3,5,
42: 4,7,3,0,2,5,1,6,
43: 2,5,7,0,4,6,1,3,
44: 4,6,3,0,2,7,5,1,
45: 2,5,7,1,3,0,6,4,
46: 4,7,3,0,6,1,5,2,
47: 4,1,3,6,2,7,5,0,
48: 3,0,4,7,5,2,6,1,
49: 5,1,6,0,3,7,4,2,
50: 3,6,4,2,0,5,7,1,
51: 4,0,3,5,7,1,6,2,
52: 5,2,6,3,0,7,1,4,
53: 4,6,0,3,1,7,5,2,
54: 5,1,6,0,2,4,7,3,
55: 5,2,4,7,0,3,1,6,
56: 2,4,1,7,5,3,6,0,
57: 5,7,1,3,0,6,4,2,
58: 0,4,7,5,2,6,1,3,
59: 4,0,7,5,2,6,1,3,
60: 2,5,1,4,7,0,6,3,
61: 3,1,6,2,5,7,0,4,
62: 3,1,6,4,0,7,5,2,
63: 2,4,6,0,3,1,7,5,
64: 5,3,6,0,7,1,4,2,
65: 2,5,3,0,7,4,6,1,
66: 6,2,7,1,4,0,5,3,
67: 1,7,5,0,2,4,6,3,
68: 0,5,7,2,6,3,1,4,
69: 5,3,6,0,2,4,1,7,
70: 1,5,7,2,0,3,6,4,
71: 5,2,6,1,3,7,0,4,
72: 6,0,2,7,5,3,1,4,
73: 6,2,0,5,7,4,1,3,
74: 4,2,0,5,7,1,3,6,
75: 2,4,7,3,0,6,1,5,
76: 3,6,4,1,5,0,2,7,
77: 7,1,3,0,6,4,2,5,
78: 5,3,0,4,7,1,6,2,
79: 5,3,1,7,4,6,0,2,
80: 3,1,7,4,6,0,2,5,
81: 2,7,3,6,0,5,1,4,
82: 2,6,1,7,5,3,0,4,
83: 3,7,0,4,6,1,5,2,
84: 3,1,4,7,5,0,2,6,
85: 3,7,4,2,0,6,1,5,
86: 3,7,0,2,5,1,6,4,
87: 4,2,0,6,1,7,5,3,
88: 4,1,5,0,6,3,7,2,
89: 4,1,7,0,3,6,2,5,
90: 2,6,1,7,4,0,3,5,
time = 76381
