time = 3641679
500
0: body[2.3308e+12][4.62114e+12][4.71224e+12] velocity: (45618.3, 9810.38, 16684.1) mass: 8.40188e+29
1: body[1.64159e+12][3.27e+12][2.81886e+12] velocity: (31464.6, 18266.5, 25678.7) mass: 7.6823e+29
2: body[5.40616e+12][3.75332e+12][4.23212e+12] velocity: (7002.93, 30344.4, 799.969) mass: 9.5223e+29
3: body[8.11401e+11][4.7452e+12][9.24879e+11] velocity: (20112.3, 6451.27, 5498.72) mass: 2.42887e+29
4: body[1.29036e+12][3.02758e+12][4.95351e+12] velocity: (30619, 14801.1, 31832) mass: 9.98925e+29
5: body[2.91547e+12][5.74164e+12][1.72918e+12] velocity: (38568.4, 26236, 38521.3) mass: 5.24287e+29
6: body[5.26351e+12][1.67553e+12][2.07981e+12] velocity: (40317.3, 45978.6, 3494.61) mass: 4.00229e+29
7: body[3.10624e+12][5.11578e+11][1.13557e+12] velocity: (33194.7, 44576.9, 17444.4) mass: 9.49327e+29
8: body[1.19169e+11][2.70463e+12][3.76165e+11] velocity: (11991, 48540.3, 45163.9) mass: 6.41713e+28
9: body[1.57661e+12][3.1868e+12][2.21661e+12] velocity: (38049.3, 25641.5, 33433.2) mass: 8.5092e+29
10: body[2.35779e+11][2.58518e+12][5.49905e+12] velocity: (46626.8, 36058.2, 14149.7) mass: 5.31606e+29
11: body[3.77659e+12][2.09079e+12][4.06218e+12] velocity: (8259.78, 22026.2, 43953.1) mass: 7.38534e+29
12: body[1.9505e+12][1.35388e+12][5.27503e+12] velocity: (17513, 34364.1, 47761.4) mass: 8.29201e+29
13: body[3.88208e+12][5.06791e+12][2.59692e+12] velocity: (46149.4, 19859.2, 40751.4) mass: 5.8864e+29
14: body[5.37884e+12][2.85067e+12][1.27401e+12] velocity: (47427.8, 46017.5, 7404.57) mass: 6.84219e+29
15: body[3.78359e+12][2.55192e+12][3.65695e+12] velocity: (14013.6, 39317.3, 15337.5) mass: 8.81062e+29
16: body[1.33643e+12][1.10825e+12][1.63052e+12] velocity: (27865.8, 20858.1, 8517.34) mass: 4.47034e+29
17: body[6.11998e+11][7.48101e+11][2.92716e+12] velocity: (38094, 49285.6, 46764.5) mass: 9.06804e+29
18: body[2.26208e+12][4.42463e+12][2.17764e+12] velocity: (14565, 11119.6, 29241.7) mass: 6.84445e+29
19: body[9.0253e+11][4.32038e+12][7.43524e+11] velocity: (39728.6, 8175.65, 37334.1) mass: 2.44413e+29
20: body[5.60637e+12][3.10962e+11][3.08067e+12] velocity: (8748.29, 12051.3, 39882.7) mass: 7.45298e+28
21: body[3.87701e+12][5.70809e+12][3.77339e+12] velocity: (37955, 4588.22, 6726.68) mass: 7.32654e+29
22: body[4.63565e+11][4.15991e+11][1.20994e+12] velocity: (23108.2, 41041.3, 28684.7) mass: 5.2021e+29
23: body[3.07324e+11][9.34908e+11][5.9005e+12] velocity: (10263.9, 44528.9, 6211.44) mass: 7.55581e+29
24: body[3.1896e+11][5.14017e+12][4.29308e+11] velocity: (268.603, 46117.5, 29751.6) mass: 9.97799e+29
25: body[9.66018e+11][2.31253e+12][5.38924e+12] velocity: (41014.2, 17989.6, 27546.4) mass: 1.80372e+29
26: body[2.67249e+12][4.05886e+12][5.89195e+11] velocity: (26539.8, 37858.6, 15310.8) mass: 5.7943e+29
27: body[3.40684e+12][5.17807e+12][4.4153e+12] velocity: (31409.1, 1683.96, 37379.8) mass: 9.92228e+29
28: body[5.46395e+12][5.15551e+12][4.90702e+12] velocity: (48927.8, 37160, 45137.5) mass: 8.33239e+29
29: body[3.93818e+12][2.93767e+12][9.67746e+11] velocity: (41463.5, 44476.6, 3891.78) mass: 9.83596e+29
30: body[1.46649e+12][3.7153e+12][1.35333e+12] velocity: (35085.1, 15840.7, 16492.3) mass: 6.49707e+29
31: body[4.40367e+11][3.73733e+12][1.32377e+12] velocity: (32655.2, 25547.3, 48618.4) mass: 2.31428e+29
32: body[3.22407e+12][4.24624e+12][6.72437e+11] velocity: (23574.4, 29621.9, 47270.3) mass: 2.80042e+29
33: body[1.98448e+12][5.00283e+12][2.56621e+12] velocity: (147.497, 17174.4, 29902.5) mass: 4.50918e+29
34: body[1.38205e+12][3.98662e+12][2.85248e+12] velocity: (24145, 15180.2, 35634.6) mass: 8.33243e+29
35: body[3.67176e+12][2.44015e+11][2.44526e+12] velocity: (34761.2, 33792.8, 31915) mass: 1.82556e+29
36: body[1.09243e+12][3.59515e+12][3.70343e+12] velocity: (36592.3, 16464.3, 36967.1) mass: 3.47116e+29
37: body[5.4345e+12][4.04236e+12][3.85385e+12] velocity: (12781.4, 26596.2, 4386.42) mass: 2.02213e+29
38: body[5.17704e+12][4.0497e+12][5.55562e+11] velocity: (5482.52, 18070.8, 28911.2) mass: 2.60497e+29
39: body[3.93393e+12][1.70521e+12][4.57785e+12] velocity: (14483.6, 16449.2, 9491.38) mass: 5.93211e+29
40: body[2.1932e+10][4.88349e+12][1.95987e+12] velocity: (9534.29, 21791.7, 47961.3) mass: 9.84363e+29
41: body[4.5157e+12][4.1262e+12][7.18093e+11] velocity: (34233.9, 19182.9, 38797.6) mass: 9.1893e+29
42: body[5.40944e+12][5.08768e+12][1.20222e+12] velocity: (39608.7, 27375, 14950.4) mass: 9.43051e+29
43: body[5.36938e+12][5.15718e+12][2.94023e+12] velocity: (28744.8, 8104.46, 13696) mass: 9.04932e+29
44: body[2.9073e+12][2.73686e+12][5.00953e+12] velocity: (24803.1, 14552.5, 8944.65) mass: 8.64579e+29
45: body[4.29467e+12][8.24067e+11][3.56147e+12] velocity: (24578.1, 41982.5, 36188.5) mass: 6.84178e+29
46: body[1.3102e+12][2.94286e+12][7.16833e+11] velocity: (6948.41, 18027.4, 16314.8) mass: 1.78208e+29
47: body[5.36359e+12][3.67251e+12][4.93873e+12] velocity: (40838.6, 24824.1, 16729.2) mass: 9.31895e+29
48: body[3.88776e+12][3.59272e+12][1.52801e+12] velocity: (7522.86, 3618.32, 5428.32) mass: 3.94327e+29
49: body[2.14562e+12][1.70264e+12][1.95922e+12] velocity: (4575.89, 21407.4, 46770.6) mass: 6.47207e+29
50: body[1.56833e+12][3.88729e+12][4.4983e+12] velocity: (24406.6, 7876.57, 44044.9) mass: 5.8357e+29
51: body[3.05636e+12][1.22987e+12][3.29131e+12] velocity: (21287.4, 41596.9, 19706.1) mass: 6.25665e+29
52: body[1.92773e+12][4.30468e+12][3.77194e+12] velocity: (49244.3, 16866.5, 44854.5) mass: 2.44327e+29
53: body[2.42699e+12][3.31839e+10][4.62185e+12] velocity: (38707.4, 14794.4, 5616.08) mass: 1.36075e+29
54: body[4.25819e+12][2.9312e+11][2.65063e+12] velocity: (49279.6, 35469.4, 10555.8) mass: 8.65535e+29
55: body[5.10622e+12][5.5543e+11][5.90239e+11] velocity: (19114.2, 15123.1, 32865.8) mass: 4.73894e+29
56: body[7.79021e+11][3.07275e+11][3.18184e+11] velocity: (22905.5, 39100.1, 34659.2) mass: 8.09095e+29
57: body[7.05051e+11][3.48143e+12][3.41551e+12] velocity: (26613.9, 29764.3, 18092.1) mass: 4.4256e+29
58: body[5.2461e+12][2.81412e+12][1.00462e+12] velocity: (30431.8, 26304.6, 31024.8) mass: 3.04285e+29
59: body[1.379e+12][4.89986e+12][4.14269e+11] velocity: (4965.12, 46142.3, 8568.02) mass: 5.96196e+29
60: body[1.33194e+12][4.88172e+12][1.71738e+12] velocity: (17799.4, 43671.9, 17238.3) mass: 4.81733e+29
61: body[3.89232e+12][2.17039e+11][1.52268e+12] velocity: (38879.3, 31379.8, 41831.8) mass: 8.14909e+29
62: body[1.30443e+12][1.17124e+12][3.61679e+12] velocity: (5500.68, 33820, 39142.1) mass: 3.08157e+29
63: body[1.18396e+12][2.36801e+12][1.86405e+12] velocity: (21753.3, 11584.3, 19322.5) mass: 7.19462e+29
64: body[9.14513e+11][3.2785e+12][8.73372e+10] velocity: (19024.3, 19137.3, 15264.3) mass: 5.32846e+29
65: body[1.5406e+12][3.83595e+12][3.26216e+12] velocity: (45981.2, 34275.3, 40465.9) mass: 7.37408e+29
66: body[1.84281e+12][3.81439e+12][3.81043e+10] velocity: (26672.7, 42174.8, 31024.5) mass: 6.97848e+29
67: body[3.06234e+12][2.36765e+12][2.13964e+12] velocity: (35881.4, 40150.6, 33924.7) mass: 6.42693e+29
68: body[1.9488e+11][3.77685e+11][4.04878e+12] velocity: (9444.96, 31027.9, 35005.5) mass: 1.52876e+29
69: body[7.77275e+09][3.65175e+10][1.80461e+12] velocity: (13135, 32823.9, 42881.7) mass: 5.67831e+29
70: body[2.01681e+12][3.93866e+12][5.18997e+12] velocity: (32669.6, 15625, 44148.2) mass: 1.81161e+29
71: body[9.30049e+11][2.97433e+12][4.89167e+12] velocity: (33995.2, 45360.9, 9440.08) mass: 1.86265e+29
72: body[4.16898e+12][5.13068e+12][3.23065e+12] velocity: (36891.2, 46569.4, 11642.2) mass: 3.94521e+29
73: body[3.2559e+12][5.51123e+12][2.92046e+12] velocity: (27598.7, 46849.1, 39983.6) mass: 9.26576e+29
74: body[3.51158e+12][3.87889e+12][5.87604e+12] velocity: (46779.4, 16225.4, 43621.6) mass: 8.14139e+29
75: body[3.76628e+12][4.48114e+12][4.5776e+12] velocity: (39699.5, 13106.1, 30179.3) mass: 5.89157e+29
76: body[9.88805e+11][4.69626e+12][5.10578e+12] velocity: (43693.7, 33176.1, 20554.6) mass: 4.70564e+29
77: body[3.52234e+12][3.81155e+12][3.17763e+12] velocity: (7394.9, 28904.5, 1668.24) mass: 6.11981e+29
78: body[3.05758e+12][4.91451e+12][3.04099e+12] velocity: (5638.35, 24438.8, 25513.6) mass: 7.0091e+29
79: body[4.80661e+12][2.27011e+12][3.76396e+12] velocity: (22225.4, 7176.32, 20803) mass: 4.84997e+28
80: body[2.4024e+12][1.06509e+11][4.23634e+12] velocity: (28693.7, 40728, 29214.3) mass: 2.47033e+29
81: body[2.81675e+12][5.87424e+12][3.4905e+11] velocity: (3722.09, 31964.7, 29924.5) mass: 4.46743e+29
82: body[1.29994e+12][3.72043e+12][5.45061e+12] velocity: (36950.6, 23131.3, 21806.6) mass: 2.22602e+29
83: body[5.62402e+12][5.60001e+12][5.30693e+12] velocity: (38289.9, 16624.9, 26802.9) mass: 8.50586e+29
84: body[2.82135e+12][5.60811e+12][2.75118e+12] velocity: (43803.3, 48077, 9053) mass: 2.19136e+29
85: body[4.60443e+12][4.52533e+12][5.34237e+12] velocity: (12839.7, 38040.2, 48119.9) mass: 4.58039e+29
86: body[2.37673e+12][3.30945e+12][3.27331e+12] velocity: (31207.9, 9555.71, 23857.8) mass: 3.31846e+29
87: body[3.86051e+12][5.41122e+12][1.24356e+12] velocity: (30312.2, 43221.6, 5505.04) mass: 3.60105e+29
88: body[1.17704e+12][3.81704e+12][3.49714e+12] velocity: (33873.3, 29792.2, 2924.64) mass: 3.73556e+29
89: body[3.32683e+12][1.43153e+12][1.15567e+11] velocity: (17184.9, 508.972, 46261.7) mass: 5.60872e+29
90: body[4.54779e+12][5.2364e+12][5.50841e+12] velocity: (8632.26, 22369.1, 24336.9) mass: 6.01427e+29
91: body[3.77142e+12][5.70133e+12][9.18069e+11] velocity: (14638.1, 44011.9, 18370.9) mass: 7.95231e+29
92: body[4.41515e+12][2.80778e+12][1.61436e+12] velocity: (47268.1, 6139, 43310.8) mass: 8.99431e+29
93: body[4.24135e+12][5.4555e+12][1.08687e+12] velocity: (14022.7, 8326.7, 10192.5) mass: 6.23194e+29
94: body[1.0439e+12][7.4741e+11][1.34325e+12] velocity: (47391, 739.422, 8074.76) mass: 6.26125e+29
95: body[2.72534e+12][3.82907e+12][5.4001e+12] velocity: (5042.7, 30704.4, 3428.17) mass: 1.19989e+29
96: body[2.93e+12][2.57979e+12][1.7322e+12] velocity: (12156.3, 45670.8, 28484.7) mass: 3.93746e+29
97: body[2.08085e+11][2.54942e+12][4.80634e+12] velocity: (37769.8, 17805, 49850.1) mass: 1.90709e+29
98: body[3.09196e+12][1.18701e+12][3.90841e+12] velocity: (34967.6, 16459.4, 44436.8) mass: 3.56664e+28
99: body[2.01822e+12][2.99012e+11][4.52648e+12] velocity: (40188, 35011.8, 34060.6) mass: 6.46712e+29
100: body[1.84984e+12][4.44044e+12][1.76036e+12] velocity: (40516.1, 9409.43, 29621.5) mass: 9.04187e+29
101: body[5.9917e+11][9.30469e+11][1.44073e+12] velocity: (6868.02, 29479, 2916.68) mass: 5.34394e+28
102: body[5.58048e+12][3.31643e+11][5.46133e+12] velocity: (23400.8, 12892.9, 29310.8) mass: 8.89553e+29
103: body[3.45305e+12][2.81277e+12][4.81425e+12] velocity: (46294.2, 26328.2, 29056.5) mass: 1.68837e+29
104: body[1.33122e+12][1.55869e+12][3.74218e+12] velocity: (26920.7, 876.833, 46590.7) mass: 7.29398e+29
105: body[1.21504e+12][3.08645e+12][2.3686e+12] velocity: (15453.4, 34022.6, 32284.8) mass: 3.47546e+29
106: body[1.58816e+12][4.15208e+12][1.96518e+12] velocity: (10782.7, 37958.4, 12931) mass: 4.43339e+29
107: body[9.80486e+10][4.98762e+12][5.03211e+12] velocity: (30181.7, 16114.2, 33419.6) mass: 6.83574e+29
108: body[5.00351e+12][1.47846e+12][1.51559e+12] velocity: (3608.79, 25741.9, 44519) mass: 5.2683e+29
109: body[3.13619e+12][4.84734e+12][5.65942e+12] velocity: (34783.8, 17240.3, 18378.1) mass: 6.11411e+29
110: body[1.42063e+11][3.30132e+10][2.87834e+12] velocity: (14747.1, 35503.6, 40998.9) mass: 4.39153e+28
111: body[2.76017e+12][4.65714e+11][1.12699e+12] velocity: (24239.1, 46243.9, 2199.77) mass: 5.0741e+29
112: body[1.44507e+12][4.20115e+12][3.61007e+12] velocity: (4693.17, 48034, 43325.2) mass: 8.4411e+28
113: body[2.80812e+12][4.47045e+12][4.59046e+12] velocity: (449.136, 28667.3, 36725) mass: 1.66094e+29
114: body[5.44726e+12][5.69225e+11][4.64828e+12] velocity: (47254.2, 5127.35, 13727.8) mass: 7.43727e+29
115: body[4.77868e+12][5.61504e+11][4.40976e+12] velocity: (13809.1, 8740.65, 46866.2) mass: 2.39321e+29
116: body[5.71897e+11][5.79153e+12][4.98908e+12] velocity: (17106, 34544.5, 22779.1) mass: 7.60862e+29
117: body[3.85933e+12][1.91185e+12][3.54454e+12] velocity: (6444.73, 4118.82, 18890.9) mass: 4.34398e+29
118: body[3.89579e+12][6.76222e+11][5.19892e+12] velocity: (29111.3, 10618.3, 33404.9) mass: 1.36956e+29
119: body[1.84335e+12][5.56517e+12][4.53464e+12] velocity: (6125.05, 1826.17, 25703.4) mass: 5.28885e+29
120: body[1.24957e+12][2.67251e+12][9.44981e+11] velocity: (15454.7, 21715.8, 327.948) mass: 3.993e+29
121: body[7.48084e+11][2.72889e+12][4.99646e+11] velocity: (39108.6, 39289.1, 34215.6) mass: 6.49787e+29
122: body[5.11874e+12][3.70544e+11][2.82388e+11] velocity: (26330.5, 8924.35, 46447.5) mass: 9.10227e+29
123: body[2.2922e+12][3.51986e+12][3.76837e+12] velocity: (35026.6, 26971.7, 20280.7) mass: 1.09525e+29
124: body[3.41171e+12][5.43876e+12][1.30983e+12] velocity: (39464.6, 18634, 19123.9) mass: 8.22426e+29
125: body[4.77099e+12][2.28887e+12][4.41253e+12] velocity: (46629.4, 42449.4, 41536.3) mass: 9.74906e+28
126: body[3.74987e+12][3.04772e+12][3.68838e+12] velocity: (25082.5, 28937.8, 33556.2) mass: 7.14432e+29
127: body[4.4607e+12][3.53912e+12][8.23466e+11] velocity: (7131.55, 9811.86, 38945.7) mass: 2.94762e+28
128: body[4.33969e+12][1.08621e+12][3.93741e+12] velocity: (15599, 5330.02, 44406.7) mass: 8.44281e+29
129: body[2.83193e+12][1.59773e+12][1.18246e+12] velocity: (14397.6, 32927.9, 47404.4) mass: 1.02233e+29
130: body[2.99141e+12][4.5942e+12][5.52688e+12] velocity: (7131.12, 14767.5, 27984.7) mass: 2.21918e+29
131: body[5.15586e+12][1.3774e+12][3.98009e+12] velocity: (31384, 41688.2, 40701.4) mass: 6.4452e+29
132: body[1.71174e+11][3.48675e+12][3.64496e+12] velocity: (38300.5, 38716.6, 14198.1) mass: 7.73301e+29
133: body[5.19361e+12][1.02097e+12][1.05765e+12] velocity: (18039.3, 22135.7, 18833.4) mass: 7.67534e+28
134: body[5.96672e+11][1.92215e+12][5.13317e+12] velocity: (30425, 5242.02, 40187.4) mass: 6.47522e+29
135: body[2.35395e+12][2.16669e+12][2.32631e+12] velocity: (13642.6, 30058, 3451.22) mass: 7.49719e+29
136: body[2.55197e+12][5.2013e+12][3.98287e+12] velocity: (23044, 23494.7, 14599.3) mass: 9.01549e+29
137: body[1.45237e+12][3.40589e+12][1.77897e+12] velocity: (6356.73, 37482.6, 24063.1) mass: 2.24415e+29
138: body[1.13693e+12][5.0681e+12][7.87004e+11] velocity: (14694.7, 9167.83, 198.643) mass: 4.85866e+29
139: body[1.70661e+12][4.77159e+12][3.83809e+12] velocity: (34393.3, 8687.2, 2213.22) mass: 9.00772e+29
140: body[4.57373e+12][6.70787e+11][5.08378e+12] velocity: (10316, 49764.6, 26760.9) mass: 9.59716e+29
141: body[2.7515e+12][4.89017e+12][5.26554e+12] velocity: (35622.1, 20199, 9609.73) mass: 6.67908e+29
142: body[9.14296e+11][3.97682e+12][1.9127e+12] velocity: (17446.9, 26619.7, 22895.2) mass: 8.37986e+29
143: body[4.23086e+12][2.71556e+12][3.19355e+12] velocity: (197.294, 13408, 9579.15) mass: 6.40368e+29
144: body[2.62112e+12][1.39603e+12][3.85543e+12] velocity: (10965.2, 17534.9, 25679.8) mass: 6.9337e+29
145: body[2.03026e+12][3.01551e+11][5.60752e+11] velocity: (40468.4, 44009.4, 49397.6) mass: 4.26412e+29
146: body[1.67915e+12][1.0665e+12][2.12251e+12] velocity: (21985.7, 42749.9, 34179.3) mass: 5.21261e+29
147: body[2.27961e+12][8.30591e+11][2.52085e+12] velocity: (5186.02, 30085.2, 48433.1) mass: 7.86187e+29
148: body[5.12898e+12][9.41725e+11][4.73733e+12] velocity: (15599.5, 19821, 22752.2) mass: 1.09233e+29
149: body[4.39593e+12][5.72333e+12][5.65687e+12] velocity: (4442.05, 961.894, 2601.46) mass: 5.32342e+29
150: body[5.30797e+12][2.35283e+11][2.47631e+12] velocity: (9137.48, 11049.2, 38925.9) mass: 8.97883e+29
151: body[4.36454e+11][2.72538e+12][2.41658e+12] velocity: (23092.2, 30098.1, 41809.2) mass: 6.22791e+29
152: body[1.19348e+12][4.74319e+12][3.97016e+12] velocity: (3621.42, 48050.4, 23718.1) mass: 5.63327e+29
153: body[2.11404e+12][5.49592e+12][5.41321e+12] velocity: (5240.29, 44812.8, 43847.8) mass: 3.84509e+29
154: body[5.43983e+12][5.48338e+12][5.31165e+11] velocity: (40993.1, 48369.6, 25494.9) mass: 1.91772e+29
155: body[1.1118e+12][1.69765e+12][3.70251e+12] velocity: (13243.9, 37451.3, 1843.4) mass: 4.72651e+27
156: body[2.07037e+12][5.14788e+12][1.68652e+12] velocity: (27660.2, 33662.9, 47937.2) mass: 7.21822e+29
157: body[3.76736e+12][2.55552e+12][5.45566e+10] velocity: (49776.9, 18195.2, 46361.8) mass: 6.2406e+29
158: body[1.56208e+12][4.72919e+12][1.71888e+12] velocity: (9296.08, 36425.3, 19091.4) mass: 9.92851e+28
159: body[4.1226e+12][5.24888e+12][7.1681e+10] velocity: (44284.2, 8782.74, 32042) mass: 6.95418e+27
160: body[5.46092e+12][3.98896e+12][5.13398e+12] velocity: (13686.9, 27344.1, 7748.95) mass: 1.4823e+29
161: body[1.31929e+12][6.68537e+11][2.67281e+12] velocity: (43070.9, 27362.1, 23078) mass: 8.28622e+29
162: body[5.36687e+12][2.28216e+12][5.64212e+12] velocity: (8584.64, 9416.54, 12284.2) mass: 8.56826e+29
163: body[5.41528e+12][3.70673e+12][2.16764e+12] velocity: (30688.9, 25866.3, 18934.3) mass: 3.60164e+29
164: body[4.09781e+12][1.09187e+11][3.83763e+12] velocity: (30943.3, 34774.6, 25992) mass: 5.01835e+29
165: body[1.42636e+12][3.98779e+12][4.27222e+12] velocity: (23311.1, 39380.8, 8811.85) mass: 8.95354e+29
166: body[1.97175e+12][3.76375e+12][1.07442e+12] velocity: (12192.6, 1222.01, 6968.84) mass: 3.25177e+29
167: body[1.25295e+12][2.27322e+12][4.58981e+12] velocity: (6519.62, 696.388, 7169.05) mass: 4.17663e+29
168: body[3.13123e+12][3.09244e+12][1.46112e+12] velocity: (11220.7, 27085.4, 44922.1) mass: 7.45154e+29
169: body[1.39113e+12][2.46172e+12][4.36485e+12] velocity: (23856, 4621.34, 23150.6) mass: 8.44113e+29
170: body[5.1972e+12][3.77778e+12][1.57382e+12] velocity: (10635.6, 13912.8, 22438.6) mass: 9.41243e+29
171: body[1.78745e+12][3.46476e+12][5.17082e+12] velocity: (25747.3, 48582.7, 32589.4) mass: 4.58269e+29
172: body[5.8136e+12][4.71376e+12][2.30178e+12] velocity: (25686, 16099, 31819.1) mass: 6.44512e+29
173: body[5.09917e+12][3.15301e+12][3.4487e+12] velocity: (4898.17, 47544.4, 16180.1) mass: 7.40175e+29
174: body[2.59932e+11][4.64631e+12][3.05795e+12] velocity: (46294.8, 21334.5, 39214.2) mass: 5.76479e+29
175: body[4.1613e+12][1.37567e+12][3.52501e+12] velocity: (347.365, 40991.6, 23664.7) mass: 1.38845e+29
176: body[4.66978e+12][7.52151e+11][9.8913e+11] velocity: (38769.6, 46329.7, 27889.5) mass: 5.22729e+29
177: body[1.46346e+12][1.14517e+12][1.89141e+11] velocity: (5629.04, 36408.3, 30868.1) mass: 2.91431e+29
178: body[4.00427e+12][5.54707e+12][4.65209e+12] velocity: (36040.9, 36262.3, 15258.3) mass: 2.11786e+29
179: body[9.1315e+11][5.33163e+11][4.63013e+12] velocity: (43041.8, 16228.7, 19054.9) mass: 6.45644e+29
180: body[8.40631e+11][5.04666e+12][2.3037e+12] velocity: (46695.7, 48994.4, 27865.4) mass: 8.67321e+29
181: body[5.35176e+12][6.75106e+11][4.1626e+08] velocity: (7699.19, 15408.7, 1650.75) mass: 7.08616e+29
182: body[2.09815e+11][3.82307e+12][2.82648e+12] velocity: (35767.5, 29350.4, 13373.7) mass: 2.67083e+29
183: body[1.85488e+12][3.38428e+12][4.78006e+11] velocity: (23448.8, 33172.4, 43329.4) mass: 4.3474e+29
184: body[5.81763e+12][1.45464e+12][1.15272e+12] velocity: (6314.24, 5071.81, 29276.5) mass: 3.27626e+29
185: body[4.91482e+11][8.40618e+11][4.54086e+12] velocity: (49547.9, 12887, 38407.8) mass: 6.04589e+28
186: body[3.33167e+12][4.7265e+12][2.432e+12] velocity: (29942.5, 22360.3, 44547.9) mass: 1.44468e+29
187: body[2.11078e+11][9.32731e+11][4.41223e+12] velocity: (17566.2, 36583.9, 41336.6) mass: 3.12491e+29
188: body[2.32582e+12][4.08973e+12][8.59174e+11] velocity: (19017.6, 46922.3, 17085.8) mass: 8.17747e+29
189: body[2.37047e+11][5.45967e+12][3.3531e+12] velocity: (6202.53, 3307.38, 16850.8) mass: 5.07617e+29
190: body[1.91601e+12][6.30925e+11][1.51726e+12] velocity: (44416.4, 45409, 33441.1) mass: 1.12205e+29
191: body[2.09836e+12][3.2991e+12][4.72313e+12] velocity: (19535.7, 35823.2, 27313.9) mass: 4.87639e+29
192: body[2.6402e+12][2.21264e+12][3.2964e+12] velocity: (42064.5, 3413.02, 35147.1) mass: 7.4045e+29
193: body[3.81151e+10][2.63149e+11][4.29822e+12] velocity: (2396.72, 48531.4, 14789) mass: 2.20679e+29
194: body[2.18787e+11][3.74098e+12][1.66248e+12] velocity: (18147.6, 36990, 26931.2) mass: 1.69177e+29
195: body[3.81637e+12][1.22036e+12][4.35003e+12] velocity: (124.165, 38313.5, 26824.4) mass: 2.49262e+29
196: body[2.84264e+12][4.99889e+11][7.90925e+11] velocity: (46422.1, 23028.1, 34692.5) mass: 3.93097e+29
197: body[3.11058e+12][2.33426e+12][5.84105e+12] velocity: (26651.3, 21976.5, 35799.2) mass: 7.68804e+29
198: body[2.41158e+12][8.62879e+10][4.41889e+12] velocity: (22254.8, 32476.4, 1464.9) mass: 5.79765e+29
199: body[2.2862e+12][3.35679e+12][3.3035e+11] velocity: (1712.12, 38745.2, 39712.4) mass: 8.06149e+29
200: body[3.18363e+12][1.94491e+12][2.53715e+12] velocity: (1015.93, 20767.3, 28173) mass: 3.6516e+28
201: body[5.15299e+12][1.50676e+12][4.23638e+12] velocity: (19919.4, 32531.5, 35308.5) mass: 9.48708e+29
202: body[5.2979e+11][2.50806e+12][3.02749e+12] velocity: (24984.8, 21957, 13105.8) mass: 9.33176e+29
203: body[5.1297e+11][1.72774e+12][4.42393e+12] velocity: (23808.8, 43085.3, 40223.5) mass: 9.43081e+29
204: body[3.7487e+12][3.52602e+12][3.21903e+12] velocity: (8666.84, 46318.5, 48743) mass: 5.08369e+29
205: body[2.00707e+12][3.17562e+12][8.54779e+11] velocity: (10667.9, 39642.3, 43158.1) mass: 1.95538e+29
206: body[2.61478e+12][3.35994e+12][3.22297e+12] velocity: (27281.8, 49566.7, 3138.67) mass: 6.13046e+29
207: body[2.55371e+12][1.89683e+12][5.74468e+12] velocity: (25950.1, 30687.8, 36032.4) mass: 3.00651e+28
208: body[2.79613e+12][3.10994e+12][2.95893e+12] velocity: (5428.8, 6204.67, 2341.27) mass: 9.9311e+29
209: body[2.98242e+11][1.25513e+11][2.83148e+12] velocity: (19578, 27999.3, 31190.8) mass: 2.83917e+29
210: body[2.07486e+12][2.86445e+12][1.28039e+12] velocity: (39717, 2734.27, 38196.6) mass: 6.03411e+29
211: body[2.83753e+11][4.84949e+12][2.10278e+12] velocity: (24066.6, 7131.2, 16435.9) mass: 3.26097e+29
212: body[4.46224e+12][3.07444e+11][5.857e+12] velocity: (11464.7, 28977.6, 24615.3) mass: 9.99241e+29
213: body[4.14901e+12][3.18958e+12][3.67607e+12] velocity: (37554.2, 28057.7, 5127.59) mass: 3.39071e+29
214: body[7.07583e+11][4.28516e+12][4.40931e+12] velocity: (23619.6, 10542.3, 48092.2) mass: 1.43224e+29
215: body[1.56968e+12][4.28441e+12][3.48892e+12] velocity: (15692.7, 27309.5, 47335.1) mass: 2.64553e+29
216: body[4.07589e+12][1.63053e+12][4.68206e+12] velocity: (22231.3, 16433.1, 39153.4) mass: 7.93753e+29
217: body[5.35102e+12][1.65069e+12][9.5387e+10] velocity: (30411.6, 40987.9, 31989.2) mass: 6.76628e+29
218: body[2.24672e+12][4.37468e+12][2.98259e+12] velocity: (25001.5, 23309.9, 12589.1) mass: 3.62115e+29
219: body[4.00946e+12][1.27295e+12][1.39152e+12] velocity: (47222.6, 47023.7, 41388.7) mass: 9.70693e+29
220: body[2.88263e+12][4.55918e+12][3.1052e+11] velocity: (9090.69, 2434.03, 42443.8) mass: 2.58257e+29
221: body[2.22335e+12][3.723e+12][1.7845e+12] velocity: (14160.5, 45482.8, 15941.5) mass: 6.25596e+29
222: body[4.301e+12][5.64702e+12][1.50443e+12] velocity: (5424.67, 34800.6, 37993.9) mass: 8.92318e+29
223: body[9.77237e+11][7.0281e+10][3.42581e+12] velocity: (42231.9, 11432.5, 40756.6) mass: 6.09356e+29
224: body[9.91962e+11][3.7848e+12][2.76829e+11] velocity: (32857, 20673, 5020.28) mass: 7.8859e+29
225: body[2.73368e+12][5.57127e+12][2.72111e+12] velocity: (42085.3, 28644.4, 38201.9) mass: 8.3505e+29
226: body[2.855e+12][4.76856e+11][8.85269e+10] velocity: (10630.7, 1920.98, 13533.9) mass: 1.22489e+29
227: body[4.34126e+12][1.71342e+11][5.4971e+12] velocity: (44960.4, 2110.62, 25539) mass: 3.21982e+29
228: body[1.58053e+12][1.93159e+12][3.14512e+12] velocity: (21794.4, 48425.1, 28996.1) mass: 7.44056e+29
229: body[2.25605e+12][4.00496e+12][5.46722e+12] velocity: (42232.9, 31087, 19245) mass: 9.13142e+28
230: body[1.16186e+12][8.85304e+11][4.76084e+12] velocity: (34073.9, 11603.5, 40999.4) mass: 6.83833e+29
231: body[1.58171e+12][5.3369e+11][1.26794e+12] velocity: (180.243, 6031.53, 7346.72) mass: 8.92815e+29
232: body[9.46646e+11][3.88363e+12][3.82073e+12] velocity: (21481.1, 49184.2, 8947.26) mass: 9.03394e+29
233: body[5.61865e+12][4.48347e+12][5.63377e+12] velocity: (16633.3, 21810.2, 43968.9) mass: 8.62918e+29
234: body[3.5603e+11][1.58069e+12][5.08955e+12] velocity: (12911, 20951.3, 33338.1) mass: 1.78314e+29
235: body[3.82814e+12][2.89113e+12][4.89464e+12] velocity: (45768.2, 29000.5, 2148.61) mass: 9.36754e+29
236: body[4.12984e+12][1.12762e+12][4.85699e+12] velocity: (42944.9, 42455, 23448.6) mass: 9.19481e+29
237: body[4.91351e+12][3.83926e+12][8.86037e+11] velocity: (39133, 20511.4, 5280.72) mass: 2.87181e+29
238: body[5.00684e+12][5.81216e+12][1.74968e+12] velocity: (45362.4, 12536.3, 7943.26) mass: 1.18126e+29
239: body[3.95451e+12][4.88099e+12][6.02554e+11] velocity: (15865.1, 15760, 46640.3) mass: 1.64692e+29
240: body[5.29262e+12][5.75546e+12][9.12366e+11] velocity: (29751.8, 8224.76, 48888) mass: 2.34441e+29
241: body[8.56989e+10][2.63844e+12][4.38533e+12] velocity: (42411.9, 4871.47, 44620.5) mass: 4.55442e+29
242: body[2.99611e+12][5.88685e+12][4.41664e+12] velocity: (17777.4, 48998.3, 2217.45) mass: 6.30424e+29
243: body[1.38754e+12][1.20124e+12][2.52931e+12] velocity: (45275.7, 1570.1, 26507) mass: 2.63617e+29
244: body[2.05005e+12][2.72042e+12][2.69995e+12] velocity: (12246.9, 21813.6, 30558.5) mass: 2.22729e+29
245: body[3.55464e+12][3.46871e+12][1.74249e+12] velocity: (30771.4, 1736.37, 1925.01) mass: 8.39868e+29
246: body[7.84856e+11][5.49486e+12][5.49322e+11] velocity: (32040.4, 46315.3, 42108.5) mass: 4.62065e+29
247: body[5.36777e+12][5.22797e+12][1.53247e+12] velocity: (7159.24, 4392.62, 34388.7) mass: 9.9562e+29
248: body[7.11454e+11][1.285e+12][1.60481e+12] velocity: (23439.5, 33927.5, 36458.6) mass: 4.87385e+28
249: body[6.76975e+11][2.00843e+12][3.25634e+12] velocity: (35895.7, 46416.7, 42342) mass: 7.11434e+29
250: body[5.67996e+12][5.22233e+12][4.68989e+12] velocity: (4664.69, 40714.5, 44351.2) mass: 3.32182e+29
251: body[4.38594e+12][4.29653e+12][4.31675e+12] velocity: (32573.4, 30660.1, 49485.4) mass: 7.35307e+29
252: body[4.15371e+12][4.00236e+12][4.98911e+12] velocity: (41145.3, 44743.4, 5800.18) mass: 7.96788e+29
253: body[3.38413e+12][4.99003e+12][1.78709e+10] velocity: (34350.5, 9207.62, 27805.6) mass: 2.91188e+29
254: body[6.66959e+11][2.36439e+12][4.34305e+12] velocity: (3857.6, 14241, 26491.3) mass: 4.03541e+29
255: body[5.95276e+11][2.45919e+12][5.34889e+12] velocity: (42217.3, 7235.92, 31781.9) mass: 1.70819e+29
256: body[4.4759e+12][3.70191e+12][1.72667e+12] velocity: (23020.9, 15244.5, 6897.61) mass: 4.95767e+29
257: body[1.18298e+12][1.50539e+12][3.40417e+12] velocity: (38715.2, 5083.2, 29018.2) mass: 2.85365e+29
258: body[1.68956e+12][7.876e+11][5.0993e+12] velocity: (19949.7, 26751.8, 29902.5) mass: 4.60309e+29
259: body[4.83439e+12][7.66663e+11][3.81087e+12] velocity: (45871.8, 27384.2, 27579.8) mass: 4.74687e+29
260: body[4.07725e+12][1.11678e+12][1.52421e+12] velocity: (22371.4, 40928.7, 27482.7) mass: 7.62171e+29
261: body[7.14309e+11][4.06667e+12][1.16028e+12] velocity: (16116.2, 47166.4, 38690.8) mass: 9.10726e+29
262: body[2.63168e+11][2.07783e+12][3.27098e+12] velocity: (16644.5, 24275, 20899.5) mass: 9.37877e+28
263: body[1.13099e+11][1.04005e+11][1.20837e+12] velocity: (41924.3, 7416.59, 42513.7) mass: 7.29499e+29
264: body[4.09218e+12][2.37036e+12][3.06212e+12] velocity: (18944.4, 29344.8, 38730.7) mass: 7.56264e+29
265: body[2.39719e+12][1.92859e+12][4.39241e+12] velocity: (26338.9, 796.131, 46933.1) mass: 8.33062e+29
266: body[5.65868e+12][4.20416e+12][5.55587e+12] velocity: (82.1541, 3245.06, 24744.2) mass: 8.47523e+29
267: body[3.24309e+12][5.39281e+12][3.75177e+11] velocity: (28387.3, 46469.6, 13454.7) mass: 3.33894e+29
268: body[4.63163e+11][6.94138e+11][9.5492e+11] velocity: (38611.6, 25962.2, 34030.8) mass: 4.05089e+29
269: body[6.43009e+11][2.69474e+12][5.83443e+12] velocity: (25759.8, 39165, 36508.3) mass: 1.55289e+29
270: body[4.71427e+12][3.96656e+12][5.2475e+12] velocity: (37818.5, 19226.5, 41473) mass: 4.1276e+28
271: body[2.65271e+12][1.92159e+12][5.60733e+11] velocity: (49928.5, 11977.9, 7988.86) mass: 7.61029e+29
272: body[1.00259e+12][2.51512e+12][5.72975e+12] velocity: (12410.4, 27176.9, 6515.76) mass: 5.65959e+29
273: body[3.65127e+11][4.79307e+12][1.02861e+12] velocity: (8600.27, 13385.2, 8177.01) mass: 1.89329e+28
274: body[3.06826e+11][5.28124e+12][4.28705e+12] velocity: (42561.7, 28283.4, 30735.3) mass: 6.84893e+29
275: body[5.6142e+12][2.62929e+12][2.17589e+12] velocity: (19909.6, 38545.4, 23260.9) mass: 6.07427e+29
276: body[5.6651e+10][3.6682e+12][5.6931e+12] velocity: (9031.17, 2351.83, 46690.1) mass: 3.9829e+29
277: body[3.48826e+12][4.03211e+11][2.63311e+12] velocity: (32589.1, 44066.1, 31010.5) mass: 4.26904e+29
278: body[8.75456e+11][4.62045e+12][2.99688e+12] velocity: (10049.2, 33799.1, 11700.6) mass: 8.22882e+29
279: body[1.44086e+12][5.00985e+12][3.87582e+12] velocity: (9810.78, 14580.7, 1249.21) mass: 4.94732e+28
280: body[3.81389e+11][2.884e+12][5.8674e+12] velocity: (3765.43, 5509.22, 47810) mass: 5.95484e+29
281: body[9.35527e+11][5.27472e+12][4.0136e+12] velocity: (37496.6, 47968.9, 6283.47) mass: 2.53276e+29
282: body[4.96557e+12][4.40412e+12][1.32573e+12] velocity: (49385.8, 26403.8, 36640.1) mass: 4.01282e+29
283: body[1.21762e+12][5.70222e+12][1.4094e+12] velocity: (22540.8, 40648.7, 44799.7) mass: 1.88752e+29
284: body[6.42584e+11][5.43259e+12][1.42255e+12] velocity: (8725.52, 20381.5, 11779.4) mass: 6.45453e+29
285: body[3.0688e+12][1.1375e+12][2.95495e+12] velocity: (33860.9, 4387.15, 9086.96) mass: 2.47431e+29
286: body[2.8153e+11][1.81096e+12][4.88368e+12] velocity: (44522.8, 2710.96, 2530.59) mass: 4.26423e+29
287: body[3.43533e+12][4.6277e+12][3.89836e+11] velocity: (39355.9, 37430.5, 15302.8) mass: 8.77099e+29
288: body[3.33336e+12][1.1758e+12][5.212e+12] velocity: (33662.8, 6020.81, 6138.99) mass: 2.37846e+29
289: body[3.12067e+12][2.12017e+12][5.57601e+11] velocity: (2415.39, 27602.2, 29809.1) mass: 8.46642e+29
290: body[3.76558e+12][4.57678e+12][9.04635e+11] velocity: (34235.4, 4051.69, 49055.1) mass: 7.26187e+29
291: body[8.02813e+11][1.93414e+11][2.65641e+12] velocity: (35902.8, 40883.7, 25806.1) mass: 5.72763e+29
292: body[3.33808e+12][4.83683e+12][4.38524e+12] velocity: (6485.6, 931.766, 31282.9) mass: 5.04956e+29
293: body[8.21025e+11][4.42746e+12][3.83867e+12] velocity: (33471.2, 5404.16, 37173.6) mass: 8.03434e+29
294: body[3.90099e+12][2.00018e+12][2.61201e+12] velocity: (14879.1, 5790.28, 29785) mass: 7.16091e+29
295: body[1.16469e+12][3.39632e+12][3.28196e+12] velocity: (16702.1, 30406.4, 299.9) mass: 9.83497e+29
296: body[2.5022e+12][3.0803e+12][3.27513e+12] velocity: (49492, 17159, 14832.3) mass: 4.99329e+28
297: body[2.12975e+12][5.4533e+12][5.44614e+12] velocity: (24796.1, 34174.9, 28145) mass: 1.19224e+29
298: body[4.62406e+12][1.87245e+12][5.21068e+12] velocity: (22173.5, 32804, 16190.8) mass: 1.66837e+29
299: body[4.54958e+12][5.43069e+12][4.28801e+12] velocity: (48331.7, 24701.1, 14120.3) mass: 7.43078e+29
300: body[6.08107e+11][1.70835e+12][2.07014e+12] velocity: (26377.4, 40574.2, 45284.4) mass: 3.00275e+29
301: body[9.01459e+11][1.19699e+12][3.74504e+12] velocity: (25745.7, 6374.75, 27850.4) mass: 5.1512e+29
302: body[4.72669e+12][7.6738e+11][1.05717e+12] velocity: (28946.8, 22320.3, 2863.87) mass: 1.23013e+28
303: body[6.08137e+11][2.28624e+12][4.55446e+12] velocity: (43720.1, 15349.9, 24857.8) mass: 2.85004e+28
304: body[4.73962e+12][4.60812e+12][8.32159e+11] velocity: (45204.7, 3447.31, 24610.7) mass: 8.40409e+29
305: body[5.19648e+12][2.33891e+12][5.58702e+12] velocity: (1721.62, 29909.3, 29032.1) mass: 4.31407e+29
306: body[4.28186e+12][8.14615e+11][3.29818e+12] velocity: (26259.3, 13447.4, 36947.3) mass: 5.46172e+29
307: body[4.2175e+12][4.7189e+12][8.22168e+11] velocity: (40777.6, 9281.45, 45576.9) mass: 1.10183e+29
308: body[2.91775e+12][2.41046e+12][3.12941e+12] velocity: (14819.3, 9488.92, 33518.8) mass: 6.89509e+29
309: body[1.53074e+12][9.55224e+11][3.74154e+12] velocity: (6994.27, 27972, 29004.9) mass: 2.02326e+29
310: body[9.25726e+11][9.51978e+11][4.24566e+12] velocity: (44143.8, 15019.3, 13865) mass: 1.73228e+29
311: body[3.34426e+12][9.48836e+10][3.05819e+12] velocity: (14029.2, 40854.6, 32819.7) mass: 4.07673e+29
312: body[1.46157e+10][3.34834e+12][4.64483e+12] velocity: (24916.8, 48746.9, 15818.9) mass: 9.75185e+28
313: body[9.7307e+11][5.82717e+12][5.87756e+12] velocity: (21221.5, 7406.24, 31420.8) mass: 7.9341e+29
314: body[4.17221e+12][1.23902e+12][4.35186e+12] velocity: (43092.2, 18597.8, 22807.6) mass: 5.64042e+29
315: body[3.95326e+12][4.33704e+12][9.00064e+11] velocity: (11768.6, 37500.1, 33543.7) mass: 7.4439e+29
316: body[3.33707e+12][1.92996e+12][3.6294e+12] velocity: (28344.8, 44699.3, 20076.8) mass: 5.17341e+29
317: body[5.12414e+12][4.24415e+12][5.06083e+12] velocity: (1611.77, 35279.4, 42621.5) mass: 6.37327e+28
318: body[5.0494e+12][2.84886e+12][1.27734e+11] velocity: (28048, 34581.3, 37990.7) mass: 4.57052e+29
319: body[3.74555e+11][1.2728e+12][9.99133e+11] velocity: (36704.1, 47480, 16081.6) mass: 4.2472e+29
320: body[4.1288e+12][5.8488e+12][2.87166e+12] velocity: (13201.4, 15790.1, 5075.65) mass: 9.69308e+29
321: body[1.2441e+12][2.97098e+12][5.28863e+12] velocity: (3997.84, 11117.7, 37512) mass: 8.32095e+29
322: body[5.48214e+12][3.5749e+12][3.36215e+12] velocity: (39112.2, 4397.98, 29525.9) mass: 1.12371e+29
323: body[4.60731e+12][2.06084e+12][4.55108e+12] velocity: (42099.5, 28199.3, 46938.2) mass: 3.45963e+29
324: body[3.03052e+12][1.54077e+12][3.21774e+12] velocity: (10636.3, 12634.3, 1614.04) mass: 5.76048e+29
325: body[3.36401e+12][7.90472e+11][1.82978e+12] velocity: (39003.2, 31910.9, 10305.1) mass: 4.77887e+29
326: body[5.07227e+12][5.65924e+12][5.73748e+12] velocity: (39311.1, 28195.1, 27010.4) mass: 8.59687e+29
327: body[3.85357e+12][7.80877e+11][5.4175e+12] velocity: (21652.9, 24077.6, 34337.3) mass: 5.71755e+29
328: body[2.66711e+11][3.71017e+12][5.03083e+12] velocity: (27993.3, 44409.5, 19863.2) mass: 2.76344e+29
329: body[8.36193e+11][2.53797e+12][1.4731e+12] velocity: (35617.7, 28182.2, 28012.7) mass: 7.71381e+29
330: body[1.18125e+12][4.51697e+12][2.07171e+12] velocity: (3035.48, 36158.2, 16153.3) mass: 4.91214e+29
331: body[1.70603e+12][5.10451e+12][2.47229e+12] velocity: (47120.5, 49722.5, 16828.7) mass: 8.47031e+29
332: body[2.81846e+12][1.49746e+11][3.84164e+12] velocity: (26112.4, 32754.2, 25159) mass: 3.74413e+29
333: body[3.20221e+12][5.31671e+12][5.02597e+12] velocity: (34179.6, 16441.6, 4956.92) mass: 8.04055e+28
334: body[5.27447e+12][3.89762e+12][5.22531e+12] velocity: (4673.56, 21259.7, 11767) mass: 3.9426e+29
335: body[8.8217e+11][3.3019e+12][4.2216e+09] velocity: (22059.2, 21100.8, 21370.4) mass: 1.53375e+29
336: body[2.48317e+12][4.46196e+12][4.44668e+12] velocity: (44897.3, 38991.1, 20190.7) mass: 3.78966e+29
337: body[2.56297e+12][5.35646e+12][2.9519e+12] velocity: (48833.5, 40339.1, 17561.3) mass: 4.1966e+29
338: body[8.19214e+11][2.67263e+12][3.20582e+11] velocity: (1658.7, 5705.74, 47106.2) mass: 6.59387e+29
339: body[3.18052e+12][1.0386e+12][1.65432e+12] velocity: (34392, 36781.6, 14063.5) mass: 1.26812e+29
340: body[9.38288e+11][4.13069e+12][2.97707e+12] velocity: (29043.6, 22734.6, 12932) mass: 1.25433e+29
341: body[1.39572e+12][3.90775e+12][5.28826e+12] velocity: (33525.8, 28406.3, 19717.9) mass: 4.76366e+29
342: body[2.22875e+12][4.41372e+12][1.80153e+12] velocity: (25788.7, 10006.5, 18025.2) mass: 6.45693e+29
343: body[1.8566e+12][1.75935e+12][3.99106e+12] velocity: (42628.4, 23699.2, 47763.2) mass: 5.48938e+29
344: body[1.22982e+12][1.39958e+12][3.92908e+12] velocity: (18393.8, 46894.2, 8440.71) mass: 5.40389e+29
345: body[2.31428e+12][2.52559e+12][2.49102e+12] velocity: (31434.3, 4504.97, 15918.3) mass: 9.45608e+29
346: body[3.88892e+12][4.21513e+12][5.56663e+12] velocity: (1797.96, 23077, 12335.7) mass: 2.97622e+29
347: body[3.91521e+12][3.58593e+12][6.02978e+11] velocity: (48817.9, 45240.7, 38957.6) mass: 5.52692e+29
348: body[2.2346e+12][4.33078e+12][2.18283e+12] velocity: (29430.1, 48845.3, 1752.93) mass: 8.29557e+29
349: body[5.34765e+12][1.21807e+12][5.30479e+12] velocity: (14837, 31721.3, 15991.5) mass: 9.53274e+29
350: body[4.27267e+12][3.77078e+12][1.31902e+12] velocity: (19101.5, 17638.1, 8381.95) mass: 9.25819e+29
351: body[4.81046e+12][2.44948e+12][5.73626e+12] velocity: (23874.6, 1116.35, 3618.13) mass: 4.19502e+29
352: body[5.47205e+12][5.02463e+12][1.68051e+12] velocity: (15175.3, 29235.9, 32683.1) mass: 4.54797e+29
353: body[3.27278e+12][4.07527e+12][4.99063e+12] velocity: (23004.5, 44799.6, 37138.8) mass: 8.92051e+29
354: body[3.12835e+12][3.86919e+11][4.04135e+12] velocity: (12677.8, 35278.8, 45365.6) mass: 7.58491e+29
355: body[3.39296e+11][4.41699e+11][3.33245e+11] velocity: (43656.1, 24521, 1490.15) mass: 6.36959e+29
356: body[3.02228e+12][6.08746e+11][4.74699e+12] velocity: (21950.6, 47748.5, 4388.29) mass: 3.49713e+29
357: body[3.17581e+12][4.38653e+12][3.7591e+12] velocity: (4604.03, 21620.8, 24082.9) mass: 7.44732e+29
358: body[1.9465e+12][1.33651e+12][1.84276e+12] velocity: (42989.5, 14622.5, 49849) mass: 5.53111e+29
359: body[5.87248e+12][5.33583e+12][4.42986e+12] velocity: (2528.93, 48861.5, 40340.7) mass: 1.13274e+29
360: body[2.76439e+12][4.9326e+12][1.61535e+12] velocity: (48968.2, 46822.6, 3956.7) mass: 9.24018e+29
361: body[5.26176e+12][9.8985e+11][9.69035e+11] velocity: (21417.1, 45549.8, 40076.2) mass: 4.18925e+29
362: body[2.02954e+12][1.66923e+12][4.46541e+11] velocity: (33652.5, 25476.2, 19420.2) mass: 5.2229e+29
363: body[4.72484e+12][2.26044e+12][3.80948e+12] velocity: (39720.9, 14345, 19748.8) mass: 5.32111e+29
364: body[1.56516e+12][1.19379e+12][4.55336e+12] velocity: (36595.2, 1919.45, 2271.24) mass: 8.47705e+29
365: body[5.7591e+12][7.31058e+11][7.75617e+11] velocity: (43281.7, 14576.8, 14772.5) mass: 7.1232e+29
366: body[1.18865e+12][5.64148e+11][4.83594e+12] velocity: (27247.8, 19003.7, 44656.4) mass: 2.96707e+29
367: body[5.23478e+12][1.66313e+12][4.4235e+12] velocity: (34230, 33190.6, 19650.4) mass: 2.17346e+29
368: body[5.6112e+12][4.66799e+12][1.9488e+12] velocity: (10702.1, 49627.5, 5110.89) mass: 4.82525e+29
369: body[1.79544e+11][8.70876e+11][3.90052e+12] velocity: (384.604, 13605.5, 39585) mass: 9.48206e+29
370: body[3.31851e+12][5.1215e+11][1.00497e+12] velocity: (38052.9, 9165.22, 49529.6) mass: 8.72903e+29
371: body[3.30534e+12][5.21043e+12][3.09797e+12] velocity: (22291.8, 8150.6, 13683.6) mass: 3.07532e+29
372: body[4.89282e+12][3.95013e+12][3.63945e+12] velocity: (38914.7, 22960.7, 47315) mass: 1.33637e+29
373: body[2.67127e+12][2.8609e+11][5.56901e+12] velocity: (24140.4, 9845.87, 30137.5) mass: 9.95253e+29
374: body[2.75457e+12][2.33704e+12][2.13599e+12] velocity: (1469.72, 24190.4, 26604.7) mass: 4.8874e+29
375: body[3.92115e+12][3.06892e+12][5.8832e+11] velocity: (11184.3, 20174.4, 31299.6) mass: 7.91725e+29
376: body[3.3486e+12][5.30343e+12][4.7491e+12] velocity: (19783.4, 28284, 20954.4) mass: 6.70987e+29
377: body[1.6305e+11][2.16816e+12][1.00855e+12] velocity: (24059, 20792.8, 5757.32) mass: 1.75605e+29
378: body[3.60688e+12][4.23846e+12][2.66593e+12] velocity: (3866.27, 5668.81, 40659.5) mass: 9.62518e+29
379: body[3.52036e+12][2.03425e+12][5.30615e+12] velocity: (13023.9, 43226.1, 49810.3) mass: 1.06892e+29
380: body[1.5782e+12][3.67211e+12][9.25993e+11] velocity: (41755.3, 26018.8, 48127.4) mass: 4.85257e+29
381: body[5.2047e+11][2.25501e+12][2.39638e+12] velocity: (5854.68, 37480.6, 28862.5) mass: 2.30139e+29
382: body[9.7309e+11][4.07817e+12][3.28999e+12] velocity: (38877.5, 20410.3, 446.527) mass: 5.95102e+29
383: body[3.08788e+12][4.84921e+12][5.67163e+12] velocity: (7437.73, 8169.39, 42514.9) mass: 8.53776e+29
384: body[1.77985e+11][5.0593e+12][5.10905e+12] velocity: (14772.5, 23813.9, 921.22) mass: 3.8067e+29
385: body[5.89832e+12][5.8015e+12][2.13391e+12] velocity: (4323.08, 18179.6, 38345.2) mass: 1.30979e+29
386: body[6.71031e+11][2.02658e+12][4.71149e+12] velocity: (13926.7, 1720.43, 17729.9) mass: 2.03196e+29
387: body[2.6214e+12][2.15309e+12][5.35687e+12] velocity: (48344.8, 9355.63, 43316.9) mass: 5.35336e+28
388: body[2.08144e+12][4.29337e+12][2.75845e+12] velocity: (19144.8, 29184.5, 16665.6) mass: 8.662e+28
389: body[3.75466e+11][2.09825e+12][4.78131e+12] velocity: (3267.99, 16906.5, 8524.78) mass: 6.79287e+29
390: body[4.15194e+12][5.53687e+12][2.09056e+12] velocity: (40800.6, 14011.4, 7630.1) mass: 1.51025e+29
391: body[1.86822e+12][3.00354e+12][8.73897e+11] velocity: (38026.3, 43702, 2844.48) mass: 9.45434e+28
392: body[3.54602e+11][5.45066e+12][4.79895e+12] velocity: (20671.5, 32476.5, 13991.1) mass: 7.26557e+29
393: body[1.38807e+12][3.62492e+12][2.79812e+12] velocity: (14992.2, 48461.8, 14255.2) mass: 7.94763e+29
394: body[1.81428e+12][2.69034e+12][3.02989e+12] velocity: (573.97, 19724.8, 43343.2) mass: 3.61881e+29
395: body[3.99068e+12][1.18187e+11][5.43899e+12] velocity: (49592.5, 26479.3, 3452.45) mass: 8.27268e+29
396: body[2.3697e+12][7.39337e+11][2.82143e+12] velocity: (23053.3, 2524.43, 14530.3) mass: 7.51439e+29
397: body[4.1297e+12][3.37347e+12][3.94285e+12] velocity: (46647.5, 9239.17, 7053.89) mass: 8.73412e+29
398: body[9.12919e+11][2.5204e+12][3.50997e+12] velocity: (23160.1, 44117.1, 5374.93) mass: 2.32951e+29
399: body[1.63364e+12][5.756e+12][1.76963e+12] velocity: (47620.4, 49623.4, 11108.4) mass: 4.72507e+29
400: body[3.08726e+12][1.72151e+12][4.10148e+12] velocity: (46183, 20877.8, 8597.01) mass: 9.43601e+29
401: body[2.74651e+12][2.73898e+12][1.52865e+12] velocity: (8261.19, 1798.39, 46428.5) mass: 3.85001e+29
402: body[1.30653e+12][4.08143e+11][1.96231e+12] velocity: (18814.3, 24847.4, 46357.4) mass: 9.89663e+28
403: body[2.23064e+12][2.0352e+11][1.8314e+12] velocity: (32697.1, 554.193, 30509.7) mass: 8.37454e+29
404: body[2.50644e+10][4.90533e+12][3.24156e+12] velocity: (26424.8, 6085.18, 12199.5) mass: 6.05637e+29
405: body[3.18336e+12][2.46595e+12][4.92894e+12] velocity: (217.232, 44111.9, 4619.53) mass: 4.50345e+29
406: body[5.41307e+12][1.20438e+11][1.58709e+12] velocity: (6879.42, 4515.58, 30040.6) mass: 1.69592e+29
407: body[3.4528e+12][3.11305e+12][2.07705e+12] velocity: (48064.5, 28088.2, 33089.3) mass: 5.14103e+29
408: body[3.37176e+12][1.60084e+12][1.3104e+12] velocity: (28736.5, 5168.69, 38588.3) mass: 6.15899e+29
409: body[1.33302e+12][9.06728e+10][3.25683e+12] velocity: (38249.1, 21710.3, 19358.4) mass: 1.01377e+29
410: body[1.85292e+12][2.83904e+12][5.54367e+12] velocity: (11558.8, 25070.8, 10300.8) mass: 7.69862e+29
411: body[3.48373e+12][4.77153e+12][5.216e+12] velocity: (8702.55, 16738.4, 11706.9) mass: 3.69793e+29
412: body[5.29682e+12][5.29285e+12][4.44609e+12] velocity: (23378.1, 8357.69, 48721.9) mass: 1.36962e+29
413: body[1.59988e+12][4.39979e+12][8.5728e+11] velocity: (24843.7, 37970.3, 34904.8) mass: 4.34146e+28
414: body[1.13845e+12][4.9556e+11][1.8688e+11] velocity: (25325.1, 28254.7, 48592.3) mass: 2.61102e+29
415: body[3.89754e+11][1.057e+12][6.38637e+11] velocity: (32850.9, 49360.8, 49634.4) mass: 7.37725e+29
416: body[1.90447e+12][1.33905e+12][5.71269e+12] velocity: (11011.6, 6224.36, 35922.4) mass: 8.30764e+29
417: body[1.7256e+12][4.10231e+12][4.32233e+12] velocity: (28114.7, 21935.1, 43797.5) mass: 6.88542e+29
418: body[1.18394e+12][3.38508e+12][1.89038e+12] velocity: (19737.8, 32852.6, 17601.4) mass: 5.90435e+28
419: body[1.30659e+12][1.89916e+12][3.76247e+12] velocity: (14384.9, 24977.5, 37222.1) mass: 8.99437e+29
420: body[2.87605e+12][4.3471e+12][4.56687e+12] velocity: (40436.6, 48164.7, 37018.5) mass: 9.42739e+29
421: body[5.13734e+11][2.72539e+12][4.23873e+12] velocity: (19027.4, 7823.26, 22492.2) mass: 2.95571e+28
422: body[3.5255e+12][1.93204e+12][5.91959e+09] velocity: (39845.9, 45028.9, 16134.8) mass: 9.41724e+29
423: body[3.2891e+12][3.96922e+12][5.32605e+11] velocity: (38904.4, 49704, 36436.2) mass: 1.90303e+29
424: body[2.9159e+12][2.78321e+12][4.89037e+10] velocity: (49021.4, 10390.7, 39154.4) mass: 6.49769e+28
425: body[1.00782e+12][3.08669e+12][4.837e+12] velocity: (12958.3, 49153.3, 26873.1) mass: 7.89879e+29
426: body[8.35475e+11][5.82815e+12][3.41274e+12] velocity: (36941.1, 15633.6, 28932.1) mass: 6.36282e+29
427: body[1.26866e+12][5.31062e+12][4.28493e+12] velocity: (38601.4, 28500.8, 40726.5) mass: 5.3536e+29
428: body[3.33526e+12][3.19964e+12][3.62821e+12] velocity: (2934.58, 687.633, 31071.3) mass: 5.49519e+29
429: body[1.30885e+12][2.38424e+12][4.89398e+12] velocity: (19623.1, 46319.9, 32330.9) mass: 3.91351e+28
430: body[5.37006e+12][1.09807e+12][1.69045e+12] velocity: (2492.57, 8722.65, 43204.3) mass: 6.49603e+29
431: body[2.88209e+12][2.6132e+12][1.91531e+12] velocity: (35131.3, 17103.9, 2529.17) mass: 7.89231e+29
432: body[5.39502e+12][5.10914e+12][1.40365e+11] velocity: (23917.4, 20367.7, 31953.2) mass: 4.73805e+29
433: body[2.49164e+12][1.53705e+12][3.40729e+12] velocity: (32192.1, 33229.4, 20310.1) mass: 5.38074e+29
434: body[3.47926e+12][3.23624e+11][4.04672e+12] velocity: (24924.9, 12123.6, 48530.4) mass: 3.55706e+28
435: body[2.44792e+12][4.92739e+12][2.0084e+12] velocity: (45100.7, 13791.9, 33237.1) mass: 5.50689e+29
436: body[3.6601e+12][4.21963e+12][4.63349e+11] velocity: (26667.8, 29023.7, 5193.64) mass: 6.04654e+29
437: body[5.83322e+12][4.36796e+12][3.2539e+12] velocity: (20428.5, 49965.2, 6426.44) mass: 1.33406e+28
438: body[3.91333e+12][3.15813e+12][5.29544e+11] velocity: (12621.3, 29159.7, 39038.6) mass: 5.36133e+28
439: body[4.89914e+12][4.40045e+12][1.78812e+12] velocity: (12165.8, 28985.4, 32121.9) mass: 7.51912e+29
440: body[5.06413e+12][1.81158e+12][4.43622e+12] velocity: (23841.6, 1058.96, 41433) mass: 1.46641e+29
441: body[3.55565e+12][5.49895e+12][1.51817e+11] velocity: (29506, 33486.7, 28921) mass: 1.19682e+28
442: body[3.95896e+12][4.16259e+12][3.21807e+11] velocity: (16632.2, 12001.9, 7305.02) mass: 8.24207e+26
443: body[4.89818e+12][5.41894e+12][1.99814e+12] velocity: (32952.1, 33106.1, 32036.2) mass: 5.86288e+29
444: body[1.43861e+12][1.67415e+12][3.04173e+11] velocity: (5121.04, 29539.7, 40183.7) mass: 9.04326e+29
445: body[3.61262e+12][3.73132e+12][3.49338e+12] velocity: (10675, 28139.4, 30791.4) mass: 5.79678e+29
446: body[1.38856e+12][1.14659e+12][4.75793e+12] velocity: (45318.3, 44984.9, 42911.3) mass: 8.04975e+29
447: body[8.25593e+11][2.67501e+10][4.87173e+12] velocity: (48492.5, 46181.4, 8151.7) mass: 2.39309e+29
448: body[3.45644e+12][4.74749e+12][3.1482e+12] velocity: (41399.7, 4351.74, 29189.9) mass: 6.2884e+29
449: body[4.00306e+12][2.27981e+12][3.01182e+12] velocity: (14613.2, 1106.72, 5198.24) mass: 9.30723e+29
450: body[3.43709e+12][4.24606e+12][1.82815e+12] velocity: (40805.7, 45597.3, 5804.45) mass: 5.04796e+29
451: body[4.79319e+12][5.76149e+12][5.67569e+12] velocity: (47549.4, 48904.6, 39309.7) mass: 7.22097e+29
452: body[5.32097e+12][5.61297e+12][3.23773e+12] velocity: (24280.8, 37700.7, 4077.88) mass: 9.19869e+29
453: body[4.97779e+12][3.92966e+12][1.45729e+12] velocity: (26040.1, 2592.74, 37894.2) mass: 3.15721e+29
454: body[4.20592e+11][5.06997e+12][1.87184e+12] velocity: (32698.8, 28820.2, 31371.5) mass: 8.12006e+29
455: body[2.89573e+12][4.38175e+12][1.13058e+12] velocity: (15107.8, 35866, 7691.16) mass: 4.69413e+29
456: body[4.11853e+12][5.54937e+12][1.02435e+12] velocity: (29988, 44397.1, 36201.3) mass: 2.5322e+29
457: body[3.81418e+12][4.74368e+12][2.37208e+12] velocity: (24424.1, 23440.2, 32431) mass: 8.58521e+28
458: body[3.08281e+12][2.38984e+12][4.85638e+12] velocity: (29710.6, 13288.1, 6989.4) mass: 1.10069e+28
459: body[4.96721e+12][4.52388e+12][4.2228e+12] velocity: (16547.7, 25389.6, 45310) mass: 2.45651e+29
460: body[1.34023e+12][3.55326e+11][5.23797e+12] velocity: (46227.2, 50053.2, 2969.52) mass: 6.34528e+29
461: body[5.25408e+12][4.62007e+12][3.59355e+12] velocity: (26743.4, 29284.2, 523.245) mass: 5.23216e+29
462: body[3.32777e+11][3.88636e+12][2.20092e+11] velocity: (28974.2, 3162.16, 43048.7) mass: 2.56669e+28
463: body[1.9317e+12][5.90036e+12][2.45844e+12] velocity: (8471.09, 38188, 6588.07) mass: 1.70937e+29
464: body[1.62123e+12][2.25975e+11][8.00766e+11] velocity: (25064.8, 4959.25, 1226.33) mass: 5.01178e+29
465: body[5.77352e+11][5.01055e+11][5.59685e+12] velocity: (49404.8, 43402.9, 27809.1) mass: 4.24995e+29
466: body[2.6762e+12][3.35171e+12][3.24264e+12] velocity: (24641.7, 11380, 29013.3) mass: 5.23506e+29
467: body[1.71428e+12][2.63057e+12][1.52627e+12] velocity: (30910.2, 22283.6, 33792.5) mass: 8.72588e+28
468: body[1.24653e+12][4.76164e+12][1.6981e+12] velocity: (24398.7, 42266.6, 21235.2) mass: 7.86326e+29
469: body[5.56026e+12][2.6376e+12][2.42781e+12] velocity: (1906.1, 26557.4, 17928.2) mass: 9.86235e+29
470: body[2.35114e+12][5.41074e+12][3.24714e+12] velocity: (42587.4, 24135.7, 4941.86) mass: 2.67842e+28
471: body[4.19621e+12][4.04389e+12][2.64367e+12] velocity: (-6.99333, 6518.3, 35292.9) mass: 3.60305e+29
472: body[3.40106e+12][2.24602e+12][2.39272e+12] velocity: (39285.6, 9393.35, 34650.3) mass: 6.18712e+29
473: body[1.90943e+11][6.85365e+11][1.52727e+12] velocity: (48773.5, 28146.5, 33486.2) mass: 2.72133e+29
474: body[5.52984e+11][1.75423e+11][2.40577e+11] velocity: (24630.3, 47386.8, 29608.5) mass: 1.35584e+28
475: body[2.53998e+12][4.07319e+12][4.14625e+12] velocity: (7078.84, 18759.2, 7477.52) mass: 3.4234e+29
476: body[2.98721e+12][5.05123e+12][4.49452e+12] velocity: (4136.07, 11751.4, 8291.56) mass: 1.42949e+29
477: body[2.50059e+12][5.07373e+12][8.33931e+11] velocity: (22777.6, 48677.2, 20041.4) mass: 8.68918e+29
478: body[3.17343e+12][4.07633e+11][2.61426e+12] velocity: (31550.8, 4984.03, 24170.3) mass: 4.29182e+29
479: body[2.60575e+11][4.38225e+11][2.74041e+12] velocity: (23796.7, 38238.3, 8370.69) mass: 1.22013e+29
480: body[8.24166e+11][1.87227e+12][4.47911e+12] velocity: (32289.6, 8683.35, 25989.9) mass: 6.15842e+29
481: body[2.42075e+12][4.05655e+12][3.52256e+12] velocity: (41656.3, 27283.5, 36858.7) mass: 7.27586e+29
482: body[3.07643e+12][8.09044e+11][4.23399e+12] velocity: (2930.66, 10355.8, 7972.1) mass: 2.88326e+29
483: body[1.7954e+12][3.79875e+12][4.78951e+12] velocity: (17398, 35833.2, 13709.9) mass: 6.89566e+29
484: body[2.83975e+12][2.61658e+12][2.58463e+12] velocity: (30983.5, 38014.4, 9843.31) mass: 8.22086e+29
485: body[5.50802e+12][4.23305e+12][5.86198e+12] velocity: (17118.2, 20209.6, 29351.7) mass: 2.65539e+29
486: body[5.61125e+12][1.93239e+12][2.74137e+12] velocity: (23526, 23239.1, 9098.03) mass: 1.76179e+29
487: body[3.9581e+12][2.0236e+12][1.30085e+12] velocity: (48667.6, 49304, 1645.56) mass: 5.30892e+29
488: body[4.14637e+12][1.82027e+12][8.53039e+11] velocity: (9128.11, 37576.8, 29173.7) mass: 3.2207e+29
489: body[3.01705e+12][4.59708e+12][4.08043e+11] velocity: (22208.6, 24742.8, 3177) mass: 8.03575e+29
490: body[5.31541e+12][3.85025e+12][5.68665e+12] velocity: (42512.8, 48974.3, 21322.8) mass: 7.87347e+29
491: body[2.61543e+12][3.60338e+12][5.03891e+12] velocity: (5660.65, 47615.7, 3645.1) mass: 3.23107e+29
492: body[5.53638e+12][6.30118e+11][2.41924e+12] velocity: (31954.6, 20750.1, 27696.3) mass: 8.75648e+28
493: body[9.78598e+11][8.05617e+11][3.70595e+12] velocity: (33870.5, 45832.5, 34835.5) mass: 8.24041e+29
494: body[2.42418e+12][4.47969e+12][5.36157e+12] velocity: (15576.5, 20513, 43485.7) mass: 1.20757e+29
495: body[2.30394e+12][1.77194e+12][2.86331e+12] velocity: (41677.3, 45544.4, 16965.6) mass: 1.61952e+29
496: body[5.08935e+12][2.44199e+12][2.02674e+11] velocity: (39944.5, 26024.4, 22242.1) mass: 9.46461e+29
497: body[5.51385e+12][5.88554e+12][1.5644e+12] velocity: (4932.45, 6589.87, 44624.5) mass: 4.40458e+29
498: body[2.85208e+11][3.47569e+12][5.29584e+12] velocity: (23003.4, 17376.4, 40194.2) mass: 7.76254e+29
499: body[4.47668e+12][3.99701e+12][5.49795e+12] velocity: (7391.15, 48817.9, 20751.1) mass: 7.69599e+29
