time = 383596
100
0: body[2.3308e+12][4.62114e+12][4.71224e+12] velocity: (45587.2, 9865.21, 16746.2) mass: 8.40188e+29
1: body[1.64159e+12][3.27e+12][2.81886e+12] velocity: (31447.5, 18255.3, 25664.6) mass: 7.6823e+29
2: body[5.40616e+12][3.75332e+12][4.23212e+12] velocity: (7064.22, 30353.8, 816.055) mass: 9.5223e+29
3: body[8.11399e+11][4.7452e+12][9.24877e+11] velocity: (20060, 6478.66, 5443.73) mass: 2.42887e+29
4: body[1.29036e+12][3.02758e+12][4.95352e+12] velocity: (30633.8, 14805.9, 31862.8) mass: 9.98925e+29
5: body[2.91547e+12][5.74165e+12][1.72918e+12] velocity: (38572.4, 26317.5, 38503.4) mass: 5.24287e+29
6: body[5.26351e+12][1.67553e+12][2.07981e+12] velocity: (40370.9, 45960.6, 3489.06) mass: 4.00229e+29
7: body[3.10624e+12][5.11576e+11][1.13557e+12] velocity: (33163.6, 44523.8, 17454.9) mass: 9.49327e+29
8: body[1.19166e+11][2.70463e+12][3.76163e+11] velocity: (11929.3, 48536.9, 45121) mass: 6.41713e+28
9: body[1.57661e+12][3.1868e+12][2.21661e+12] velocity: (38021.5, 25635, 33402.3) mass: 8.5092e+29
10: body[2.35776e+11][2.58518e+12][5.49905e+12] velocity: (46556.3, 36050.2, 14200.2) mass: 5.31606e+29
11: body[3.77659e+12][2.09079e+12][4.06218e+12] velocity: (8292.23, 22018.8, 43992.5) mass: 7.38534e+29
12: body[1.9505e+12][1.35388e+12][5.27503e+12] velocity: (17520.5, 34342.8, 47810.3) mass: 8.29201e+29
13: body[3.88208e+12][5.06791e+12][2.59692e+12] velocity: (46184, 19914.9, 40748.3) mass: 5.8864e+29
14: body[5.37884e+12][2.85067e+12][1.274e+12] velocity: (47483.9, 46008.6, 7373.82) mass: 6.84219e+29
15: body[3.78359e+12][2.55192e+12][3.65695e+12] velocity: (14044.1, 39298.6, 15375) mass: 8.81062e+29
16: body[1.33643e+12][1.10824e+12][1.63052e+12] velocity: (27823.1, 20829.3, 8480.87) mass: 4.47034e+29
17: body[6.11996e+11][7.48099e+11][2.92716e+12] velocity: (38034.9, 49248.4, 46747.4) mass: 9.06804e+29
18: body[2.26208e+12][4.42465e+12][2.17764e+12] velocity: (14707.3, 11606.2, 29233.9) mass: 6.84445e+29
19: body[9.02528e+11][4.32039e+12][7.43521e+11] velocity: (39686.4, 8208.58, 37267.7) mass: 2.44413e+29
20: body[5.60637e+12][3.1096e+11][3.08067e+12] velocity: (8797.3, 12013.2, 39887.7) mass: 7.45298e+28
21: body[3.87701e+12][5.70809e+12][3.77339e+12] velocity: (37978.1, 4650.33, 6737.7) mass: 7.32654e+29
22: body[4.63564e+11][4.15989e+11][1.20994e+12] velocity: (23086.2, 40995.5, 28673) mass: 5.2021e+29
23: body[3.07322e+11][9.34907e+11][5.9005e+12] velocity: (10224.3, 44505.3, 6264.12) mass: 7.55581e+29
24: body[3.18958e+11][5.14017e+12][4.29306e+11] velocity: (223.127, 46142.4, 29707) mass: 9.97799e+29
25: body[9.66017e+11][2.31252e+12][5.38924e+12] velocity: (40992, 17966.3, 27608.2) mass: 1.80372e+29
26: body[2.67249e+12][4.05886e+12][5.89192e+11] velocity: (26541.8, 37862.7, 15231.3) mass: 5.7943e+29
27: body[3.40685e+12][5.17807e+12][4.4153e+12] velocity: (31447.4, 1755.25, 37376.6) mass: 9.92228e+29
28: body[5.46395e+12][5.15551e+12][4.90702e+12] velocity: (48959.4, 37188.9, 45168.8) mass: 8.33239e+29
29: body[3.93818e+12][2.93767e+12][9.67745e+11] velocity: (41498.4, 44453.8, 3869.71) mass: 9.83596e+29
30: body[1.46649e+12][3.7153e+12][1.35333e+12] velocity: (35039.5, 15842.9, 16452.3) mass: 6.49707e+29
31: body[4.40364e+11][3.73733e+12][1.32377e+12] velocity: (32578.1, 25536.7, 48580.8) mass: 2.31428e+29
32: body[3.22407e+12][4.24624e+12][6.72435e+11] velocity: (23565.8, 29620.1, 47231.6) mass: 2.80042e+29
33: body[1.98449e+12][5.00283e+12][2.56621e+12] velocity: (172.7, 17224.8, 29922.6) mass: 4.50918e+29
34: body[1.38204e+12][3.98662e+12][2.85248e+12] velocity: (24118.3, 15227, 35622.5) mass: 8.33243e+29
35: body[3.67176e+12][2.44012e+11][2.44526e+12] velocity: (34806.8, 33713.8, 31882.7) mass: 1.82556e+29
36: body[1.09243e+12][3.59514e+12][3.70343e+12] velocity: (36560.2, 16435.1, 36987.5) mass: 3.47116e+29
37: body[5.43451e+12][4.04236e+12][3.85385e+12] velocity: (12845.3, 26608.9, 4400.75) mass: 2.02213e+29
38: body[5.17704e+12][4.0497e+12][5.55559e+11] velocity: (5540.57, 18079.3, 28851.5) mass: 2.60497e+29
39: body[3.93393e+12][1.70521e+12][4.57785e+12] velocity: (14408.2, 16498.4, 9467.48) mass: 5.93211e+29
40: body[2.19274e+10][4.88349e+12][1.95987e+12] velocity: (9428.31, 21815.6, 47932) mass: 9.84363e+29
41: body[4.5157e+12][4.1262e+12][7.1809e+11] velocity: (34280.8, 19187.8, 38728.8) mass: 9.1893e+29
42: body[5.40944e+12][5.08768e+12][1.20222e+12] velocity: (39665.7, 27393.7, 14871.4) mass: 9.43051e+29
43: body[5.36938e+12][5.15718e+12][2.94023e+12] velocity: (28792.9, 8129.02, 13696.6) mass: 9.04932e+29
44: body[2.9073e+12][2.73686e+12][5.00954e+12] velocity: (24797.6, 14558.7, 9005.49) mass: 8.64579e+29
45: body[4.29467e+12][8.24065e+11][3.56147e+12] velocity: (24610.1, 41919.5, 36205.2) mass: 6.84178e+29
46: body[1.31019e+12][2.94286e+12][7.16831e+11] velocity: (6919.76, 18031.8, 16254.6) mass: 1.78208e+29
47: body[5.36359e+12][3.67251e+12][4.93873e+12] velocity: (40892.9, 24810.2, 16729.1) mass: 9.31895e+29
48: body[3.88776e+12][3.59272e+12][1.52801e+12] velocity: (7557.17, 3620.64, 5395.09) mass: 3.94327e+29
49: body[2.14562e+12][1.70264e+12][1.95921e+12] velocity: (4559.76, 21379.3, 46729.4) mass: 6.47207e+29
50: body[1.56833e+12][3.88728e+12][4.4983e+12] velocity: (24380.5, 7857.58, 44138.2) mass: 5.8357e+29
51: body[3.05636e+12][1.22986e+12][3.29131e+12] velocity: (21310.7, 41510.9, 19717.1) mass: 6.25665e+29
52: body[1.92773e+12][4.30468e+12][3.77194e+12] velocity: (49244, 16896.2, 44866.6) mass: 2.44327e+29
53: body[2.42699e+12][3.31802e+10][4.62186e+12] velocity: (38707, 14707.9, 5714.48) mass: 1.36075e+29
54: body[4.2582e+12][2.93117e+11][2.65063e+12] velocity: (49312.4, 35410.5, 10542.9) mass: 8.65535e+29
55: body[5.10622e+12][5.55429e+11][5.90239e+11] velocity: (19135, 15096.8, 32864.6) mass: 4.73894e+29
56: body[7.7902e+11][3.07273e+11][3.18182e+11] velocity: (22891.2, 39053.3, 34618.1) mass: 8.09095e+29
57: body[7.05047e+11][3.48143e+12][3.41551e+12] velocity: (26533.1, 29760.3, 18093.3) mass: 4.4256e+29
58: body[5.2461e+12][2.81412e+12][1.00462e+12] velocity: (30485.5, 26297.8, 30995.3) mass: 3.04285e+29
59: body[1.379e+12][4.89986e+12][4.14266e+11] velocity: (4943.73, 46174, 8499.21) mass: 5.96196e+29
60: body[1.33194e+12][4.88173e+12][1.71738e+12] velocity: (17870.1, 43897.7, 17218.4) mass: 4.81733e+29
61: body[3.89232e+12][2.17036e+11][1.52268e+12] velocity: (38904, 31313.7, 41811.3) mass: 8.14909e+29
62: body[1.30443e+12][1.17124e+12][3.61679e+12] velocity: (5493.43, 33740, 39107.1) mass: 3.08157e+29
63: body[1.18395e+12][2.36801e+12][1.86405e+12] velocity: (21715.9, 11560.5, 19295.4) mass: 7.19462e+29
64: body[9.14513e+11][3.2785e+12][8.73382e+10] velocity: (19023.1, 19112.9, 15287.8) mass: 5.32846e+29
65: body[1.5406e+12][3.83595e+12][3.26216e+12] velocity: (45972.9, 34294.8, 40470.6) mass: 7.37408e+29
66: body[1.84281e+12][3.81439e+12][3.81008e+10] velocity: (26650.6, 42195.8, 30943.3) mass: 6.97848e+29
67: body[3.06234e+12][2.36765e+12][2.13964e+12] velocity: (35937, 40107.5, 33886.6) mass: 6.42693e+29
68: body[1.94878e+11][3.77682e+11][4.04878e+12] velocity: (9391.87, 30958.6, 35009) mass: 1.52876e+29
69: body[7.7709e+09][3.65157e+10][1.80461e+12] velocity: (13092.2, 32781.6, 42877.3) mass: 5.67831e+29
70: body[2.01681e+12][3.93866e+12][5.18998e+12] velocity: (32668, 15658.2, 44227.9) mass: 1.81161e+29
71: body[9.30042e+11][2.97433e+12][4.89167e+12] velocity: (33834.2, 45217.3, 9551.59) mass: 1.86265e+29
72: body[4.16899e+12][5.13068e+12][3.23065e+12] velocity: (36929.9, 46616.4, 11651.5) mass: 3.94521e+29
73: body[3.2559e+12][5.51123e+12][2.92046e+12] velocity: (27624.6, 46929.4, 39981.7) mass: 9.26576e+29
74: body[3.51158e+12][3.87889e+12][5.87605e+12] velocity: (46790.1, 16227, 43695.6) mass: 8.14139e+29
75: body[3.76628e+12][4.48114e+12][4.5776e+12] velocity: (39738.4, 13141.3, 30206.8) mass: 5.89157e+29
76: body[9.88804e+11][4.69626e+12][5.10579e+12] velocity: (43664.9, 33208.1, 20610.4) mass: 4.70564e+29
77: body[3.52234e+12][3.81155e+12][3.17763e+12] velocity: (7408.72, 28953, 1646.07) mass: 6.11981e+29
78: body[3.05758e+12][4.91451e+12][3.04099e+12] velocity: (5637.23, 24491.3, 25512.5) mass: 7.0091e+29
79: body[4.80663e+12][2.27011e+12][3.76396e+12] velocity: (22586.2, 7206.82, 20649.9) mass: 4.84997e+28
80: body[2.4024e+12][1.06507e+11][4.23634e+12] velocity: (28677.4, 40666.7, 29140.2) mass: 2.47033e+29
81: body[2.81675e+12][5.87424e+12][3.49048e+11] velocity: (3716.42, 32024, 29879.1) mass: 4.46743e+29
82: body[1.29994e+12][3.72043e+12][5.45062e+12] velocity: (36907.3, 23135.6, 21903.8) mass: 2.22602e+29
83: body[5.62402e+12][5.60001e+12][5.30693e+12] velocity: (38335.2, 16659.9, 26821) mass: 8.50586e+29
84: body[2.82137e+12][5.60812e+12][2.75119e+12] velocity: (44241.7, 48333.8, 9196.46) mass: 2.19136e+29
85: body[4.60443e+12][4.52533e+12][5.34237e+12] velocity: (12872.9, 38082.3, 48159.1) mass: 4.58039e+29
86: body[2.37672e+12][3.30945e+12][3.27331e+12] velocity: (31100.9, 9558.68, 23890.1) mass: 3.31846e+29
87: body[3.86051e+12][5.41122e+12][1.24355e+12] velocity: (30334.6, 43275, 5475.8) mass: 3.60105e+29
88: body[1.17704e+12][3.81704e+12][3.49714e+12] velocity: (33856.4, 29796.8, 2928.75) mass: 3.73556e+29
89: body[3.32683e+12][1.43153e+12][1.15564e+11] velocity: (17189.7, 460.668, 46200.5) mass: 5.60872e+29
90: body[4.54779e+12][5.2364e+12][5.50841e+12] velocity: (8651.55, 22385.5, 24368.2) mass: 6.01427e+29
91: body[3.77142e+12][5.70133e+12][9.18067e+11] velocity: (14649.7, 44084.4, 18323.8) mass: 7.95231e+29
92: body[4.41515e+12][2.80778e+12][1.61436e+12] velocity: (47318.2, 6124.43, 43282.6) mass: 8.99431e+29
93: body[4.24135e+12][5.4555e+12][1.08687e+12] velocity: (14084.9, 8348.99, 10159.6) mass: 6.23194e+29
94: body[1.0439e+12][7.47409e+11][1.34325e+12] velocity: (47351.9, 705.458, 8050.03) mass: 6.26125e+29
95: body[2.72534e+12][3.82907e+12][5.40011e+12] velocity: (5044.83, 30710.1, 3508.82) mass: 1.19989e+29
96: body[2.93e+12][2.57979e+12][1.73219e+12] velocity: (12206.1, 45620.2, 28329.2) mass: 3.93746e+29
97: body[2.08082e+11][2.54942e+12][4.80634e+12] velocity: (37688.3, 17824.8, 49896.8) mass: 1.90709e+29
98: body[3.09196e+12][1.187e+12][3.90841e+12] velocity: (34989.8, 16396.3, 44452.8) mass: 3.56664e+28
99: body[2.01822e+12][2.99009e+11][4.52648e+12] velocity: (40175, 34947.2, 34087.2) mass: 6.46712e+29
