time = 357153
100
0: body[2.3308e+12][4.62114e+12][4.71224e+12] velocity: (45586.2, 9865.26, 16746.1) mass: 8.40188e+29
1: body[1.64159e+12][3.27e+12][2.81886e+12] velocity: (31446.4, 18254.4, 25664.4) mass: 7.6823e+29
2: body[5.40616e+12][3.75332e+12][4.23212e+12] velocity: (7063.44, 30352.7, 816.669) mass: 9.5223e+29
3: body[8.11399e+11][4.7452e+12][9.24877e+11] velocity: (20061.1, 6478.87, 5442.22) mass: 2.42887e+29
4: body[1.29036e+12][3.02758e+12][4.95352e+12] velocity: (30631.9, 14805.9, 31862.8) mass: 9.98925e+29
5: body[2.91547e+12][5.74165e+12][1.72918e+12] velocity: (38572.6, 26318.9, 38502.9) mass: 5.24287e+29
6: body[5.26351e+12][1.67553e+12][2.07981e+12] velocity: (40370.7, 45961.1, 3489.09) mass: 4.00229e+29
7: body[3.10624e+12][5.11576e+11][1.13557e+12] velocity: (33164.1, 44523.7, 17454.9) mass: 9.49327e+29
8: body[1.19166e+11][2.70463e+12][3.76163e+11] velocity: (11929.5, 48536.8, 45120.7) mass: 6.41713e+28
9: body[1.57661e+12][3.1868e+12][2.21661e+12] velocity: (38020.4, 25633.9, 33402) mass: 8.5092e+29
10: body[2.35776e+11][2.58518e+12][5.49905e+12] velocity: (46555.6, 36049.9, 14200.5) mass: 5.31606e+29
11: body[3.77659e+12][2.09079e+12][4.06218e+12] velocity: (8292.34, 22020.4, 43992.6) mass: 7.38534e+29
12: body[1.9505e+12][1.35388e+12][5.27503e+12] velocity: (17521.4, 34342.6, 47809.9) mass: 8.29201e+29
13: body[3.88208e+12][5.06791e+12][2.59692e+12] velocity: (46184, 19915.1, 40748.3) mass: 5.8864e+29
14: body[5.37884e+12][2.85067e+12][1.274e+12] velocity: (47483.7, 46008.9, 7374.53) mass: 6.84219e+29
15: body[3.78359e+12][2.55192e+12][3.65695e+12] velocity: (14044.2, 39298.9, 15374.4) mass: 8.81062e+29
16: body[1.33643e+12][1.10824e+12][1.63052e+12] velocity: (27823.5, 20829.5, 8480.85) mass: 4.47034e+29
17: body[6.11996e+11][7.48099e+11][2.92716e+12] velocity: (38034.9, 49248, 46747.6) mass: 9.06804e+29
18: body[2.26208e+12][4.42465e+12][2.17764e+12] velocity: (14707.7, 11605.9, 29234) mass: 6.84445e+29
19: body[9.02528e+11][4.32039e+12][7.43521e+11] velocity: (39686.4, 8208.77, 37266.7) mass: 2.44413e+29
20: body[5.60637e+12][3.1096e+11][3.08067e+12] velocity: (8797.45, 12013.1, 39887.6) mass: 7.45298e+28
21: body[3.87701e+12][5.70809e+12][3.77339e+12] velocity: (37978.3, 4650.47, 6737.79) mass: 7.32654e+29
22: body[4.63564e+11][4.15989e+11][1.20994e+12] velocity: (23086, 40995.5, 28673) mass: 5.2021e+29
23: body[3.07322e+11][9.34907e+11][5.9005e+12] velocity: (10224.3, 44504.7, 6264.15) mass: 7.55581e+29
24: body[3.18958e+11][5.14017e+12][4.29306e+11] velocity: (223.241, 46143, 29707.3) mass: 9.97799e+29
25: body[9.66017e+11][2.31252e+12][5.38924e+12] velocity: (40990.8, 17966.2, 27608.2) mass: 1.80372e+29
26: body[2.67249e+12][4.05886e+12][5.89192e+11] velocity: (26541, 37862.3, 15230.5) mass: 5.7943e+29
27: body[3.40685e+12][5.17807e+12][4.4153e+12] velocity: (31447.7, 1755.41, 37377.9) mass: 9.92228e+29
28: body[5.46395e+12][5.15551e+12][4.90702e+12] velocity: (48959.7, 37188.5, 45169.7) mass: 8.33239e+29
29: body[3.93818e+12][2.93767e+12][9.67745e+11] velocity: (41499, 44454.1, 3870.46) mass: 9.83596e+29
30: body[1.46649e+12][3.7153e+12][1.35333e+12] velocity: (35038, 15845.1, 16448.7) mass: 6.49707e+29
31: body[4.40363e+11][3.73733e+12][1.32377e+12] velocity: (32575.7, 25537.5, 48578.5) mass: 2.31428e+29
32: body[3.22407e+12][4.24624e+12][6.72435e+11] velocity: (23565.5, 29621, 47230.5) mass: 2.80042e+29
33: body[1.98449e+12][5.00283e+12][2.56621e+12] velocity: (171.564, 17224.6, 29922.7) mass: 4.50918e+29
34: body[1.38204e+12][3.98662e+12][2.85248e+12] velocity: (24116.4, 15226.3, 35619.9) mass: 8.33243e+29
35: body[3.67176e+12][2.44012e+11][2.44526e+12] velocity: (34807.2, 33714.4, 31882.4) mass: 1.82556e+29
36: body[1.09243e+12][3.59514e+12][3.70343e+12] velocity: (36558.7, 16435, 36987.5) mass: 3.47116e+29
37: body[5.43451e+12][4.04236e+12][3.85385e+12] velocity: (12845, 26606.5, 4401.92) mass: 2.02213e+29
38: body[5.17704e+12][4.0497e+12][5.55559e+11] velocity: (5541.17, 18081.8, 28850.7) mass: 2.60497e+29
39: body[3.93393e+12][1.70521e+12][4.57785e+12] velocity: (14408.4, 16498.6, 9465.68) mass: 5.93211e+29
40: body[2.19274e+10][4.88349e+12][1.95987e+12] velocity: (9427.91, 21816.3, 47932) mass: 9.84363e+29
41: body[4.5157e+12][4.1262e+12][7.1809e+11] velocity: (34280.8, 19191.1, 38728.5) mass: 9.1893e+29
42: body[5.40944e+12][5.08768e+12][1.20222e+12] velocity: (39666, 27394.5, 14872.7) mass: 9.43051e+29
43: body[5.36938e+12][5.15718e+12][2.94023e+12] velocity: (28792.8, 8129.38, 13696.8) mass: 9.04932e+29
44: body[2.9073e+12][2.73686e+12][5.00954e+12] velocity: (24797.9, 14558.4, 9004.57) mass: 8.64579e+29
45: body[4.29467e+12][8.24065e+11][3.56147e+12] velocity: (24610.5, 41919.9, 36204.2) mass: 6.84178e+29
46: body[1.31019e+12][2.94286e+12][7.16831e+11] velocity: (6918.95, 18031.8, 16252.9) mass: 1.78208e+29
47: body[5.36359e+12][3.67251e+12][4.93873e+12] velocity: (40892.7, 24810.4, 16730.2) mass: 9.31895e+29
48: body[3.88776e+12][3.59272e+12][1.52801e+12] velocity: (7558.96, 3620.95, 5394.98) mass: 3.94327e+29
49: body[2.14562e+12][1.70264e+12][1.95921e+12] velocity: (4561.31, 21380, 46729.5) mass: 6.47207e+29
50: body[1.56833e+12][3.88728e+12][4.4983e+12] velocity: (24378.9, 7858.3, 44138.9) mass: 5.8357e+29
51: body[3.05636e+12][1.22986e+12][3.29131e+12] velocity: (21310.7, 41512, 19717.1) mass: 6.25665e+29
52: body[1.92773e+12][4.30468e+12][3.77194e+12] velocity: (49243, 16894.6, 44866.1) mass: 2.44327e+29
53: body[2.42699e+12][3.31802e+10][4.62186e+12] velocity: (38707.4, 14708.2, 5714.13) mass: 1.36075e+29
54: body[4.2582e+12][2.93117e+11][2.65063e+12] velocity: (49312.4, 35410.9, 10542.4) mass: 8.65535e+29
55: body[5.10622e+12][5.55429e+11][5.90239e+11] velocity: (19134.6, 15097.1, 32864.8) mass: 4.73894e+29
56: body[7.7902e+11][3.07273e+11][3.18182e+11] velocity: (22891, 39053.2, 34618.3) mass: 8.09095e+29
57: body[7.05047e+11][3.48143e+12][3.41551e+12] velocity: (26531.8, 29760, 18092.2) mass: 4.4256e+29
58: body[5.2461e+12][2.81412e+12][1.00462e+12] velocity: (30485.4, 26298.2, 30995.9) mass: 3.04285e+29
59: body[1.379e+12][4.89986e+12][4.14266e+11] velocity: (4943.82, 46174.5, 8498.32) mass: 5.96196e+29
60: body[1.33194e+12][4.88173e+12][1.71738e+12] velocity: (17870.5, 43898.9, 17217.7) mass: 4.81733e+29
61: body[3.89232e+12][2.17037e+11][1.52268e+12] velocity: (38903.5, 31314.1, 41811.1) mass: 8.14909e+29
62: body[1.30443e+12][1.17124e+12][3.61679e+12] velocity: (5495.91, 33740.2, 39108.3) mass: 3.08157e+29
63: body[1.18395e+12][2.36801e+12][1.86405e+12] velocity: (21714.8, 11559.9, 19294.6) mass: 7.19462e+29
64: body[9.14513e+11][3.2785e+12][8.73382e+10] velocity: (19022.6, 19113.5, 15287.2) mass: 5.32846e+29
65: body[1.5406e+12][3.83595e+12][3.26216e+12] velocity: (45971, 34296, 40470.4) mass: 7.37408e+29
66: body[1.84281e+12][3.81439e+12][3.81007e+10] velocity: (26650.1, 42195, 30942.5) mass: 6.97848e+29
67: body[3.06234e+12][2.36765e+12][2.13964e+12] velocity: (35937.6, 40106.7, 33886.8) mass: 6.42693e+29
68: body[1.94878e+11][3.77682e+11][4.04878e+12] velocity: (9391.6, 30957.9, 35009.9) mass: 1.52876e+29
69: body[7.7709e+09][3.65157e+10][1.80461e+12] velocity: (13092, 32781.5, 42877.2) mass: 5.67831e+29
70: body[2.01681e+12][3.93866e+12][5.18998e+12] velocity: (32666.6, 15659.5, 44228.3) mass: 1.81161e+29
71: body[9.30042e+11][2.97433e+12][4.89167e+12] velocity: (33832.8, 45217.2, 9551.6) mass: 1.86265e+29
72: body[4.16899e+12][5.13068e+12][3.23065e+12] velocity: (36930, 46616.5, 11651.5) mass: 3.94521e+29
73: body[3.2559e+12][5.51123e+12][2.92046e+12] velocity: (27624.6, 46929.2, 39981.7) mass: 9.26576e+29
74: body[3.51158e+12][3.87889e+12][5.87605e+12] velocity: (46791, 16226.9, 43697.2) mass: 8.14139e+29
75: body[3.76628e+12][4.48114e+12][4.5776e+12] velocity: (39738.9, 13141.5, 30206.4) mass: 5.89157e+29
76: body[9.88804e+11][4.69626e+12][5.10579e+12] velocity: (43664.3, 33208.5, 20610.4) mass: 4.70564e+29
77: body[3.52234e+12][3.81155e+12][3.17763e+12] velocity: (7408.68, 28953.3, 1648.56) mass: 6.11981e+29
78: body[3.05758e+12][4.91451e+12][3.04099e+12] velocity: (5636.98, 24491.3, 25512.6) mass: 7.0091e+29
79: body[4.80663e+12][2.27011e+12][3.76396e+12] velocity: (22585.9, 7207.94, 20649.3) mass: 4.84997e+28
80: body[2.4024e+12][1.06507e+11][4.23634e+12] velocity: (28678, 40667.2, 29139.7) mass: 2.47033e+29
81: body[2.81675e+12][5.87424e+12][3.49048e+11] velocity: (3716.08, 32024.8, 29878.1) mass: 4.46743e+29
82: body[1.29994e+12][3.72043e+12][5.45062e+12] velocity: (36905.6, 23135.8, 21904.2) mass: 2.22602e+29
83: body[5.62402e+12][5.60001e+12][5.30693e+12] velocity: (38335.5, 16659.8, 26821.5) mass: 8.50586e+29
84: body[2.82137e+12][5.60812e+12][2.75119e+12] velocity: (44241.8, 48333.8, 9196.53) mass: 2.19136e+29
85: body[4.60443e+12][4.52533e+12][5.34237e+12] velocity: (12873.7, 38081.6, 48159.3) mass: 4.58039e+29
86: body[2.37672e+12][3.30945e+12][3.27331e+12] velocity: (31101.4, 9556.21, 23891.5) mass: 3.31846e+29
87: body[3.86051e+12][5.41122e+12][1.24355e+12] velocity: (30336.2, 43275.9, 5477.38) mass: 3.60105e+29
88: body[1.17704e+12][3.81704e+12][3.49714e+12] velocity: (33854.7, 29796.5, 2927.96) mass: 3.73556e+29
89: body[3.32683e+12][1.43153e+12][1.15564e+11] velocity: (17190, 460.468, 46200.6) mass: 5.60872e+29
90: body[4.54779e+12][5.2364e+12][5.50841e+12] velocity: (8652.29, 22385.3, 24368.8) mass: 6.01427e+29
91: body[3.77142e+12][5.70133e+12][9.18067e+11] velocity: (14650.1, 44084.6, 18324.7) mass: 7.95231e+29
92: body[4.41515e+12][2.80778e+12][1.61436e+12] velocity: (47318.6, 6124.96, 43282.9) mass: 8.99431e+29
93: body[4.24135e+12][5.4555e+12][1.08687e+12] velocity: (14085, 8349.72, 10160.9) mass: 6.23194e+29
94: body[1.0439e+12][7.47409e+11][1.34325e+12] velocity: (47351.9, 705.619, 8050.15) mass: 6.26125e+29
95: body[2.72534e+12][3.82907e+12][5.40011e+12] velocity: (5043.73, 30711.7, 3510.07) mass: 1.19989e+29
96: body[2.93e+12][2.57979e+12][1.73219e+12] velocity: (12206.4, 45619.5, 28328.6) mass: 3.93746e+29
97: body[2.08082e+11][2.54942e+12][4.80634e+12] velocity: (37687.4, 17824.3, 49896.8) mass: 1.90709e+29
98: body[3.09196e+12][1.187e+12][3.90841e+12] velocity: (34988.4, 16397.4, 44453.7) mass: 3.56664e+28
99: body[2.01822e+12][2.99009e+11][4.52648e+12] velocity: (40175.7, 34947.4, 34086.9) mass: 6.46712e+29
