1: 19,13,25,8,24,27,39,6,14,37,31,20,3,47,30,32,5,48,2,45,49,22,46,16,9,33,4,40,26,0,7,11,43,1,28,17,15,44,10,35,21,38,42,29,34,18,41,12,23,36,
2: 21,28,8,46,37,12,18,4,31,22,35,47,42,13,16,49,30,34,5,38,2,39,6,19,23,10,1,17,48,9,45,40,11,7,32,26,41,0,27,20,44,14,25,29,36,33,24,3,15,43,
3: 41,10,17,33,12,21,48,36,29,0,14,16,22,20,28,5,40,35,3,47,39,9,49,15,1,45,2,23,34,32,43,24,26,44,13,37,4,11,27,25,6,19,7,38,42,18,30,46,31,8,
4: 47,6,18,31,25,1,45,33,20,4,7,38,15,11,24,30,39,9,3,13,44,27,41,16,12,8,43,40,2,36,5,0,10,35,48,22,26,17,37,21,49,42,19,29,14,34,46,23,32,28,
5: 39,18,36,38,23,15,17,1,8,33,40,34,37,22,12,43,9,16,4,2,46,26,7,11,20,47,42,28,31,35,6,0,5,10,49,25,48,3,29,13,21,45,14,30,19,24,41,44,32,27,
6: 22,15,2,24,49,0,30,19,35,47,20,43,25,4,32,8,44,40,27,9,39,10,48,38,41,13,42,5,12,6,28,11,18,1,7,31,3,45,17,33,37,23,29,26,36,46,21,16,14,34,
7: 32,37,10,26,19,49,33,27,13,21,8,36,29,44,2,48,34,20,4,45,0,31,24,5,18,47,23,38,41,16,6,9,28,25,40,42,35,46,15,22,3,7,14,1,11,30,39,12,43,17,
8: 12,21,30,5,33,26,10,13,27,25,23,36,43,16,4,11,48,34,41,29,47,0,8,17,1,3,44,49,35,28,38,14,24,42,15,7,18,6,22,2,31,39,37,19,9,32,46,40,45,20,
9: 11,33,29,23,10,43,3,42,4,24,36,32,49,46,16,8,35,20,6,1,30,34,44,12,5,39,31,13,19,27,2,48,22,37,41,47,9,7,15,0,18,21,25,28,45,40,38,26,17,14,
10: 2,28,12,34,38,22,19,46,49,21,35,0,40,43,5,36,1,24,6,20,18,25,45,17,44,11,9,4,33,26,39,3,27,15,42,31,47,7,16,10,32,41,8,30,37,48,14,23,29,13,
11: 25,36,11,42,18,37,33,43,13,32,34,41,46,3,6,48,24,21,12,0,16,8,38,44,4,1,23,30,47,27,5,2,14,10,35,19,29,49,17,22,28,7,9,45,39,31,20,15,26,40,
12: 15,28,31,39,47,12,24,21,17,4,43,45,11,23,5,35,19,29,3,25,42,10,48,40,49,13,6,32,9,26,46,27,7,16,34,37,44,8,14,18,0,33,1,41,22,38,2,20,30,36,
13: 23,49,6,13,24,39,45,19,35,12,26,42,17,21,11,48,1,10,46,0,34,9,2,44,25,20,33,5,27,40,3,8,15,7,47,37,30,28,4,31,22,16,18,41,14,29,32,43,38,36,
14: 33,27,36,2,47,19,29,35,13,16,48,3,34,43,15,26,37,20,5,44,28,10,40,21,30,1,38,18,8,11,4,12,42,6,49,25,31,39,23,32,17,9,46,22,41,14,24,0,7,45,
15: 16,14,25,47,19,23,27,15,46,40,1,9,39,5,33,37,44,20,7,21,24,45,12,48,38,6,4,28,10,35,42,30,49,43,2,18,22,32,8,3,17,34,26,31,29,11,13,41,0,36,
16: 2,14,32,34,45,17,35,25,28,36,21,12,5,16,10,4,24,1,41,19,8,37,26,29,9,44,40,3,49,15,13,48,39,43,31,0,6,27,47,11,20,46,33,18,7,22,38,42,30,23,
17: 44,16,18,42,8,37,1,31,6,26,41,17,40,35,7,22,0,29,14,4,30,48,2,11,43,39,3,9,46,12,32,28,23,25,20,38,47,24,19,33,45,15,21,10,5,34,36,13,49,27,
18: 11,39,29,26,20,33,13,36,17,12,35,46,48,19,3,1,47,25,31,4,38,9,6,16,45,22,41,27,18,8,49,2,42,28,7,0,34,14,37,5,32,23,43,30,24,21,40,15,44,10,
19: 41,29,4,32,40,26,21,14,43,15,35,28,24,7,2,34,3,39,48,9,6,16,0,27,8,22,44,25,10,49,31,45,11,1,23,20,46,42,37,47,33,13,38,17,19,36,12,30,5,18,
20: 13,28,24,39,6,3,38,33,42,34,10,46,4,18,5,8,44,47,36,22,17,25,0,32,43,41,2,9,7,23,15,37,1,40,29,49,20,48,27,14,11,21,19,16,30,26,12,35,31,45,
21: 46,35,49,11,17,3,21,13,20,39,30,28,1,44,15,0,7,9,40,37,23,26,41,18,47,36,8,4,22,16,2,31,5,42,10,34,24,27,45,14,33,43,38,12,48,29,6,25,19,32,
22: 18,32,27,40,20,17,4,42,12,22,37,41,5,14,36,48,23,45,33,16,6,44,1,19,43,13,2,30,8,49,11,9,21,28,34,25,46,0,7,38,31,3,24,26,29,47,10,39,35,15,
23: 5,42,34,18,29,1,12,8,21,46,32,15,10,39,45,49,19,33,38,30,0,13,16,40,47,2,36,20,11,28,48,17,14,4,24,44,25,7,22,6,37,26,23,43,31,9,41,35,3,27,
24: 13,19,47,36,39,27,22,35,18,46,17,1,4,34,5,9,28,40,16,48,25,2,31,37,6,33,10,14,45,32,3,7,20,44,30,15,29,11,21,24,26,43,41,8,12,49,0,42,23,38,
25: 38,47,30,39,26,10,20,18,12,22,33,28,21,45,3,7,11,4,42,44,14,23,2,5,32,24,41,48,1,6,15,37,29,8,25,35,43,13,36,49,0,31,9,46,27,19,16,40,34,17,
26: 31,20,25,14,9,23,3,42,37,13,36,45,11,40,10,22,18,47,26,33,5,38,46,39,24,15,41,16,49,12,2,34,6,28,44,0,48,21,1,30,32,35,29,4,19,43,8,27,7,17,
27: 27,47,26,8,13,31,4,37,7,45,23,49,35,24,18,3,19,39,25,0,9,1,36,38,10,44,46,11,21,12,20,43,48,33,6,32,42,28,30,34,17,5,29,2,40,14,16,41,22,15,
28: 8,49,31,42,45,29,21,17,48,9,27,6,10,16,30,1,22,4,25,23,3,20,13,41,12,5,0,36,24,40,2,43,46,35,47,11,15,38,28,44,37,19,34,18,26,39,7,32,14,33,
29: 47,2,39,18,14,26,40,32,30,20,16,19,21,11,42,8,43,5,9,48,37,13,27,35,44,0,10,1,15,23,33,4,29,12,3,25,17,7,45,38,36,24,46,28,22,34,41,49,6,31,
30: 28,25,47,11,34,38,27,17,3,9,35,37,0,40,5,26,30,20,41,48,22,8,14,29,42,6,4,43,7,18,10,1,31,23,16,19,32,2,39,33,44,46,49,36,21,13,15,45,12,24,
31: 9,18,36,23,47,15,42,3,13,25,48,24,34,0,39,8,31,35,6,40,43,22,7,14,1,20,38,41,27,37,11,29,10,44,28,19,4,2,12,45,30,33,46,32,5,16,21,26,17,49,
32: 31,23,7,30,22,16,4,32,41,3,9,6,36,15,1,49,20,29,27,25,17,47,8,37,39,46,43,0,38,13,21,44,48,34,42,24,11,40,45,35,18,2,14,19,10,28,26,5,33,12,
33: 49,11,46,28,36,10,27,25,34,18,33,17,6,37,5,14,35,47,29,7,16,1,24,43,39,42,15,3,44,26,38,21,45,40,4,2,23,8,19,0,13,41,20,22,48,31,12,9,30,32,
34: 5,26,35,0,41,15,38,24,17,3,12,46,28,37,25,27,19,2,47,9,43,22,49,11,32,7,10,42,48,4,8,30,23,13,40,18,31,14,45,20,1,34,6,29,33,21,16,39,44,36,
35: 38,41,26,22,15,17,3,32,29,7,46,16,43,27,9,47,49,13,25,34,6,30,48,8,0,42,19,21,1,4,33,37,45,11,35,14,5,24,12,20,31,40,44,23,28,2,18,10,36,39,
36: 35,38,10,26,2,33,39,1,11,31,34,40,4,30,14,21,18,16,44,49,47,9,19,3,8,0,45,32,29,43,48,22,5,42,24,46,6,13,27,17,12,23,37,20,25,28,15,7,41,36,
37: 21,1,12,31,18,45,33,5,49,32,19,17,3,24,22,28,9,48,13,43,40,25,4,38,46,41,6,0,47,16,42,27,15,30,37,7,20,39,14,10,34,26,2,8,11,44,23,36,29,35,
38: 43,20,17,9,33,23,47,11,15,21,1,4,42,18,31,24,40,30,46,6,16,3,48,34,45,25,36,0,13,19,44,7,29,49,32,37,22,12,8,5,2,10,41,35,27,39,14,26,28,38,
39: 6,34,30,20,14,29,9,42,48,1,21,32,27,47,28,33,4,11,44,39,5,8,19,22,46,15,31,36,26,37,49,2,45,13,35,24,17,7,0,12,40,43,10,38,23,41,18,3,25,16,
40: 26,38,4,9,36,19,48,16,20,28,1,31,2,7,35,44,11,18,49,37,45,25,30,46,40,47,8,23,5,34,6,24,21,14,41,13,15,29,0,39,43,27,3,42,32,17,12,10,33,22,
41: 41,43,36,26,0,34,7,28,17,13,20,44,3,37,6,18,15,47,33,24,27,32,38,11,21,45,48,39,4,8,16,49,10,46,29,1,42,31,2,22,9,30,14,5,25,12,19,40,35,23,
42: 5,37,34,21,25,29,13,16,33,26,47,6,20,15,41,0,42,39,8,1,31,22,9,14,43,38,19,27,48,4,45,11,18,7,32,49,24,36,30,23,46,12,10,40,17,3,35,2,44,28,
43: 32,27,29,39,20,38,49,42,0,14,35,15,25,47,8,44,4,24,11,19,41,23,30,45,6,2,10,7,46,40,5,17,1,31,12,22,48,3,37,28,36,9,16,13,34,18,43,26,33,21,
44: 44,21,40,30,41,48,11,17,22,45,5,37,9,14,42,31,16,23,20,32,29,8,47,3,12,6,15,10,0,46,33,4,28,25,27,43,34,2,49,13,39,18,24,19,38,36,1,26,7,35,
45: 28,46,15,32,40,24,6,23,17,10,12,31,34,25,44,5,20,49,0,22,7,47,33,1,29,9,43,21,42,35,19,14,18,4,41,8,27,36,2,37,48,26,30,11,16,38,13,39,3,45,
46: 20,44,37,21,34,39,42,24,32,6,26,23,25,5,33,40,45,11,9,4,1,28,30,12,17,0,41,3,15,31,35,2,27,36,48,46,22,16,18,7,10,13,38,8,43,19,47,29,14,49,
47: 12,38,29,7,23,25,0,8,6,14,24,37,41,30,5,39,49,42,28,21,2,11,44,15,33,20,10,40,9,26,19,16,32,48,1,34,22,45,3,46,43,47,35,17,31,18,4,27,36,13,
48: 39,26,43,16,25,17,30,13,4,47,11,33,38,22,28,48,27,1,5,18,8,10,2,31,6,44,20,37,46,32,45,29,49,0,36,12,41,3,14,34,19,24,42,40,7,35,21,15,9,23,
49: 28,46,38,24,34,12,16,22,0,10,32,42,29,13,2,18,35,8,3,17,44,47,21,31,36,27,37,5,48,1,9,25,45,26,15,40,33,43,20,7,49,4,6,30,11,41,19,23,14,39,
50: 43,10,22,20,15,28,36,23,37,40,46,29,49,3,8,0,35,12,39,6,11,31,14,16,30,33,24,41,25,5,45,13,32,38,7,2,48,1,42,27,47,19,17,26,4,34,9,18,44,21,
51: 12,37,44,18,30,21,14,0,28,9,34,29,11,35,5,1,39,48,19,6,23,38,32,7,43,36,40,4,22,33,27,10,20,46,24,42,17,2,13,8,16,47,31,26,49,25,3,45,15,41,
52: 31,18,9,49,8,19,16,32,37,0,23,14,5,13,48,33,43,36,46,1,29,45,7,28,30,15,4,11,22,44,2,39,24,10,21,34,6,26,40,35,41,38,25,17,3,20,12,42,27,47,
53: 46,9,32,15,10,28,6,47,45,12,20,49,8,29,41,17,27,2,38,7,21,1,48,44,23,3,13,22,35,11,34,40,16,25,4,33,0,42,19,30,5,24,36,18,37,31,43,26,14,39,
54: 32,35,9,20,22,3,14,34,31,47,0,6,45,24,49,28,38,29,17,43,1,10,8,27,16,39,46,11,5,44,12,40,2,33,19,23,15,30,21,26,36,7,13,18,41,4,37,48,42,25,
55: 43,13,24,38,27,25,32,20,4,23,42,10,12,0,31,3,7,22,45,47,26,37,46,5,1,15,44,8,39,48,19,33,30,9,17,36,14,16,41,49,35,6,34,18,28,11,2,40,21,29,
56: 35,28,17,33,27,46,32,11,41,4,13,23,3,20,2,9,40,0,36,18,21,42,38,5,22,15,6,47,37,1,14,8,45,26,30,49,12,29,43,39,48,16,10,7,25,31,24,44,19,34,
57: 17,25,42,24,5,47,16,7,46,34,8,26,19,35,37,45,43,36,20,14,12,3,6,41,10,31,4,23,18,0,33,11,44,38,28,39,9,48,29,1,15,49,27,40,21,32,22,2,13,30,
58: 45,26,30,0,6,4,2,46,23,12,18,40,3,25,19,7,20,24,29,41,14,44,39,36,48,31,42,15,9,49,5,13,16,22,43,35,10,47,11,37,33,28,21,38,27,17,8,32,34,1,
59: 22,26,44,16,35,21,12,40,2,32,48,20,1,15,46,5,34,45,30,23,47,14,42,49,9,24,10,3,38,27,7,28,6,11,39,18,43,37,19,31,0,4,13,25,17,41,8,33,36,29,
60: 33,18,9,15,38,11,29,20,45,19,30,6,39,12,1,34,27,42,21,47,25,3,48,44,8,40,28,41,46,7,4,17,23,49,26,43,2,10,14,32,36,5,22,13,0,16,35,37,31,24,
61: 30,13,11,20,3,41,14,5,33,35,25,17,4,6,45,16,34,40,46,15,42,0,38,28,9,36,23,47,49,39,2,8,21,37,48,1,12,19,29,27,18,24,10,43,31,26,32,22,7,44,
62: 7,18,12,42,35,5,40,30,22,27,15,20,45,8,13,17,43,38,44,9,31,37,4,1,48,16,41,49,36,23,3,11,29,2,0,28,24,33,10,26,14,39,46,6,25,21,47,32,34,19,
63: 41,35,40,19,47,9,13,5,29,20,36,38,22,27,14,32,4,16,7,25,11,49,8,0,42,18,1,28,10,31,26,46,3,30,39,48,45,2,21,15,34,44,6,24,17,23,12,37,43,33,
64: 8,47,9,42,31,2,38,7,19,33,24,28,13,39,45,0,34,36,23,21,16,12,4,44,30,6,49,20,18,3,43,26,48,10,37,29,1,41,22,27,11,14,40,15,5,32,35,46,17,25,
65: 48,26,40,16,13,35,32,22,8,14,39,17,24,0,33,38,47,18,6,1,5,20,12,31,15,46,42,4,45,3,28,41,43,11,36,27,29,44,19,25,34,37,10,7,23,49,9,30,21,2,
66: 41,44,28,34,18,39,36,14,19,5,25,4,17,33,3,16,0,45,10,38,23,43,26,2,48,7,35,12,49,37,8,21,15,46,6,1,24,31,29,20,13,40,42,30,11,47,32,27,22,9,
67: 3,49,33,27,2,13,45,22,18,6,42,37,16,41,7,24,29,0,38,5,39,17,12,30,36,48,31,15,9,46,10,1,32,47,28,14,35,26,20,8,4,25,19,44,11,23,21,34,43,40,
68: 26,32,35,6,18,34,10,12,19,49,38,27,13,8,46,21,15,0,5,43,37,31,7,1,47,45,33,23,36,44,39,20,24,2,9,28,17,4,11,16,14,25,3,41,30,42,22,29,48,40,
69: 26,30,12,36,25,20,47,34,14,4,6,0,21,44,37,33,38,1,5,24,10,46,23,17,31,41,45,15,8,40,29,16,49,2,27,3,13,9,35,43,18,11,42,7,19,48,32,39,22,28,
70: 9,17,31,4,1,11,29,37,45,22,24,13,39,47,35,33,10,41,5,8,32,21,48,16,23,40,6,3,0,49,34,15,42,44,2,26,7,25,43,46,14,18,38,12,19,28,36,20,27,30,
71: 25,20,29,24,19,39,5,47,4,15,43,23,17,22,3,37,26,34,0,27,12,45,38,14,2,13,49,41,8,40,28,10,1,16,31,35,7,44,33,11,21,6,36,46,30,18,48,9,32,42,
72: 14,38,41,19,21,2,15,5,18,49,22,43,16,32,36,0,40,23,11,47,4,12,45,28,39,24,26,17,8,30,48,33,9,44,42,3,10,31,27,34,7,1,20,46,25,37,29,13,35,6,
73: 9,24,29,32,15,48,37,43,20,3,38,28,2,47,49,17,21,13,16,14,42,45,35,1,5,39,46,27,8,36,12,18,6,26,44,41,19,4,7,30,11,40,10,31,23,34,22,0,25,33,
74: 36,4,15,22,12,34,16,33,26,46,11,3,18,0,35,9,41,24,1,49,32,6,38,47,19,23,48,8,45,40,14,2,5,30,20,10,29,25,37,44,31,17,42,21,7,27,13,43,28,39,
75: 22,6,35,23,25,13,32,24,27,11,39,43,9,40,42,8,20,7,29,44,12,21,38,18,34,37,4,45,41,17,36,46,33,10,14,49,19,2,47,1,31,16,26,30,0,48,28,5,3,15,
76: 26,24,29,34,25,1,3,31,48,2,32,23,20,15,0,18,7,47,28,8,4,39,22,27,49,5,42,12,43,11,35,38,9,44,21,14,17,46,10,33,30,40,37,16,19,13,6,45,36,41,
77: 38,21,18,43,22,14,3,29,37,5,25,1,49,44,13,17,0,45,24,31,47,9,7,16,34,26,8,4,20,27,30,10,46,36,41,39,11,6,2,15,48,12,28,23,33,19,40,42,35,32,
78: 35,8,15,21,23,17,38,7,24,45,36,49,11,42,16,0,12,31,1,34,9,48,39,10,28,46,14,32,22,27,6,3,41,25,4,43,13,2,5,18,37,47,33,29,26,20,30,40,19,44,
79: 40,23,15,44,22,43,29,21,17,6,11,42,19,25,38,1,26,46,48,27,3,13,37,4,8,20,47,31,5,7,49,34,30,39,10,35,18,24,12,28,36,14,32,0,16,33,45,41,9,2,
80: 10,8,29,18,37,48,23,39,30,28,15,4,35,11,3,40,16,2,27,25,41,7,26,47,38,5,9,6,36,49,46,12,20,44,33,19,0,32,1,42,34,31,43,13,22,14,17,21,45,24,
81: 3,18,36,19,43,11,34,32,15,45,22,26,38,17,13,42,39,1,10,37,9,41,23,44,46,49,35,8,6,48,12,2,28,20,24,30,47,4,14,33,40,5,27,16,7,31,25,21,0,29,
82: 7,14,26,48,32,22,35,41,17,31,12,1,5,19,40,11,4,25,15,18,3,0,33,43,29,44,42,37,49,6,45,13,2,47,9,36,10,23,27,20,38,21,46,30,28,16,24,39,8,34,
83: 3,35,25,19,28,20,14,44,4,21,31,18,23,0,40,16,34,6,15,46,29,49,26,1,22,39,45,47,38,8,12,48,37,5,10,27,36,30,2,13,7,32,11,42,24,33,17,41,43,9,
84: 28,10,20,29,27,24,47,8,32,43,9,38,45,21,16,5,0,31,49,7,35,37,3,14,11,22,15,12,23,33,26,42,44,46,41,1,34,6,48,25,4,13,18,2,36,39,19,40,30,17,
85: 29,44,21,49,9,33,26,34,20,47,24,0,48,22,7,10,2,25,35,43,46,6,37,17,30,8,4,45,16,40,1,27,5,15,41,11,13,39,19,31,3,38,32,12,42,36,18,14,23,28,
86: 34,5,12,32,25,3,13,38,33,47,30,28,11,2,41,43,22,36,15,35,6,44,9,49,42,0,4,21,16,20,39,45,14,29,18,40,7,27,19,31,23,26,8,17,37,46,1,24,48,10,
87: 36,20,16,25,4,39,33,3,5,49,22,15,11,28,42,47,21,35,2,26,14,44,31,40,37,10,46,6,1,45,8,17,19,7,9,38,13,18,29,27,30,23,0,41,24,34,48,12,43,32,
88: 23,15,29,46,30,42,48,7,4,19,31,0,21,17,25,22,34,2,9,24,35,43,10,39,27,45,3,44,20,11,6,32,12,5,40,33,49,8,37,13,18,1,36,38,28,47,14,26,41,16,
89: 31,39,19,30,45,11,13,16,24,17,46,2,27,23,10,36,18,43,4,48,21,44,40,12,37,22,3,41,0,8,42,35,25,9,29,38,28,1,20,5,34,14,47,26,15,33,7,32,6,49,
90: 13,38,17,8,20,39,23,30,22,40,32,37,6,14,11,1,19,4,28,3,47,12,10,18,49,44,2,34,27,7,42,33,21,41,0,46,15,43,5,48,25,45,35,16,26,9,36,24,31,29,
time = 4400237
[1603284222.979148] [spartan-snowy006:25548:0]          mpool.c:43   UCX  WARN  object 0x2b639e820f80 was not returned to mpool ucp_am_bufs
[1603284222.979785] [spartan-snowy009:12978:0]          mpool.c:43   UCX  WARN  object 0x2b85fd1eaf80 was not returned to mpool ucp_am_bufs
[1603284222.985614] [spartan-snowy002:14920:0]          mpool.c:43   UCX  WARN  object 0x2b20a9fa8f80 was not returned to mpool ucp_am_bufs
