1: 1,3,5,7,2,0,6,4,
2: 4,6,0,2,7,5,3,1,
3: 4,0,3,5,7,1,6,2,
4: 5,3,6,0,2,4,1,7,
5: 2,4,1,7,0,6,3,5,
6: 5,1,6,0,3,7,4,2,
7: 2,6,1,7,4,0,3,5,
8: 5,2,6,1,7,4,0,3,
9: 7,1,4,2,0,6,3,5,
10: 2,5,7,0,4,6,1,3,
11: 3,1,7,5,0,2,4,6,
12: 3,1,6,4,0,7,5,2,
13: 4,6,3,0,2,7,5,1,
14: 3,7,4,2,0,6,1,5,
15: 2,4,6,0,3,1,7,5,
16: 3,1,6,2,5,7,0,4,
17: 4,7,3,0,2,5,1,6,
18: 4,1,3,5,7,2,0,6,
19: 7,2,0,5,1,4,6,3,
20: 3,5,7,2,0,6,4,1,
21: 3,5,7,1,6,0,2,4,
22: 6,2,7,1,4,0,5,3,
23: 7,3,0,2,5,1,6,4,
24: 4,6,1,5,2,0,7,3,
25: 5,2,4,7,0,3,1,6,
26: 4,6,0,3,1,7,5,2,
27: 4,6,1,5,2,0,3,7,
28: 2,5,1,6,4,0,7,3,
29: 5,7,1,3,0,6,4,2,
30: 6,2,0,5,7,4,1,3,
31: 5,0,4,1,7,2,6,3,
32: 4,2,0,5,7,1,3,6,
33: 0,6,4,7,1,3,5,2,
34: 4,0,7,5,2,6,1,3,
35: 2,5,1,6,0,3,7,4,
36: 1,4,6,0,2,7,5,3,
37: 3,0,4,7,1,6,2,5,
38: 4,2,0,6,1,7,5,3,
39: 3,6,4,1,5,0,2,7,
40: 1,4,6,3,0,7,5,2,
41: 1,5,7,2,0,3,6,4,
42: 6,3,1,4,7,0,2,5,
43: 6,1,5,2,0,3,7,4,
44: 3,5,0,4,1,7,2,6,
45: 2,5,7,0,3,6,4,1,
46: 3,7,0,2,5,1,6,4,
47: 2,5,7,1,3,0,6,4,
48: 5,2,0,7,3,1,6,4,
49: 2,5,3,0,7,4,6,1,
50: 0,4,7,5,2,6,1,3,
51: 3,1,4,7,5,0,2,6,
52: 2,4,1,7,5,3,6,0,
53: 3,6,0,7,4,1,5,2,
54: 5,1,6,0,2,4,7,3,
55: 2,5,3,1,7,4,6,0,
56: 4,7,3,0,6,1,5,2,
57: 5,2,0,6,4,7,1,3,
58: 2,5,1,4,7,0,6,3,
59: 3,6,4,2,0,5,7,1,
60: 5,3,0,4,7,1,6,2,
61: 0,5,7,2,6,3,1,4,
62: 4,1,5,0,6,3,7,2,
63: 7,1,3,0,6,4,2,5,
64: 6,3,1,7,5,0,2,4,
65: 4,6,1,3,7,0,2,5,
66: 2,6,1,7,5,3,0,4,
67: 4,2,7,3,6,0,5,1,
68: 3,6,2,7,1,4,0,5,
69: 5,2,0,7,4,1,3,6,
70: 0,6,3,5,7,1,4,2,
71: 3,7,0,4,6,1,5,2,
72: 1,6,4,7,0,3,5,2,
73: 6,1,3,0,7,4,2,5,
74: 3,1,6,2,5,7,4,0,
75: 4,0,7,3,1,6,2,5,
76: 6,4,2,0,5,7,1,3,
77: 5,2,4,6,0,3,1,7,
78: 6,0,2,7,5,3,1,4,
79: 3,1,7,4,6,0,2,5,
80: 2,0,6,4,7,1,3,5,
81: 5,3,6,0,7,1,4,2,
82: 5,3,1,7,4,6,0,2,
83: 3,0,4,7,5,2,6,1,
84: 4,1,7,0,3,6,2,5,
85: 2,7,3,6,0,5,1,4,
86: 4,1,3,6,2,7,5,0,
87: 5,2,6,1,3,7,0,4,
88: 1,7,5,0,2,4,6,3,
89: 2,4,7,3,0,6,1,5,
90: 1,5,0,6,3,7,2,4,
time = 154224
[1603292442.355758] [spartan-snowy009:29300:0]          mpool.c:43   UCX  WARN  object 0x2ad316eb8f80 was not returned to mpool ucp_am_bufs
[1603292442.356204] [spartan-snowy020:26874:0]          mpool.c:43   UCX  WARN  object 0x2ac4422aef80 was not returned to mpool ucp_am_bufs
[1603292442.358278] [spartan-snowy002:30688:0]          mpool.c:43   UCX  WARN  object 0x2aaf1315df80 was not returned to mpool ucp_am_bufs
[1603292442.359422] [spartan-snowy006:9419 :0]          mpool.c:43   UCX  WARN  object 0x2aec3eadcf80 was not returned to mpool ucp_am_bufs
