1: 5,1,6,0,3,7,4,2,
2: 4,0,7,5,2,6,1,3,
3: 4,6,3,0,2,7,5,1,
4: 7,3,0,2,5,1,6,4,
5: 4,6,1,5,2,0,7,3,
6: 5,7,1,3,0,6,4,2,
7: 6,2,0,5,7,4,1,3,
8: 3,1,6,2,5,7,0,4,
9: 4,2,0,5,7,1,3,6,
10: 2,5,1,6,0,3,7,4,
11: 1,4,6,0,2,7,5,3,
12: 5,3,6,0,2,4,1,7,
13: 3,6,4,1,5,0,2,7,
14: 6,2,7,1,4,0,5,3,
15: 6,1,5,2,0,3,7,4,
16: 3,5,0,4,1,7,2,6,
17: 5,2,6,1,7,4,0,3,
18: 5,0,4,1,7,2,6,3,
19: 3,7,0,2,5,1,6,4,
20: 2,5,7,1,3,0,6,4,
21: 4,6,0,2,7,5,3,1,
22: 2,5,3,0,7,4,6,1,
23: 4,2,0,6,1,7,5,3,
24: 1,5,7,2,0,3,6,4,
25: 2,5,7,0,3,6,4,1,
26: 7,1,4,2,0,6,3,5,
27: 6,3,1,4,7,0,2,5,
28: 5,2,0,7,3,1,6,4,
29: 5,2,4,7,0,3,1,6,
30: 0,4,7,5,2,6,1,3,
31: 3,0,4,7,1,6,2,5,
32: 3,1,4,7,5,0,2,6,
33: 4,7,3,0,2,5,1,6,
34: 2,4,1,7,5,3,6,0,
35: 3,6,0,7,4,1,5,2,
36: 2,5,7,0,4,6,1,3,
37: 7,2,0,5,1,4,6,3,
38: 5,1,6,0,2,4,7,3,
39: 2,5,3,1,7,4,6,0,
40: 4,7,3,0,6,1,5,2,
41: 1,4,6,3,0,7,5,2,
42: 5,2,0,6,4,7,1,3,
43: 2,5,1,4,7,0,6,3,
44: 3,6,4,2,0,5,7,1,
45: 5,3,0,4,7,1,6,2,
46: 0,5,7,2,6,3,1,4,
47: 0,6,4,7,1,3,5,2,
48: 4,1,5,0,6,3,7,2,
49: 3,1,6,4,0,7,5,2,
50: 4,1,3,5,7,2,0,6,
51: 3,1,7,5,0,2,4,6,
52: 4,0,3,5,7,1,6,2,
53: 3,5,7,1,6,0,2,4,
54: 7,1,3,0,6,4,2,5,
55: 6,3,1,7,5,0,2,4,
56: 4,6,1,3,7,0,2,5,
57: 2,6,1,7,5,3,0,4,
58: 4,2,7,3,6,0,5,1,
59: 3,6,2,7,1,4,0,5,
60: 5,2,0,7,4,1,3,6,
61: 0,6,3,5,7,1,4,2,
62: 3,7,0,4,6,1,5,2,
63: 1,6,4,7,0,3,5,2,
64: 4,0,7,3,1,6,2,5,
65: 5,3,6,0,7,1,4,2,
66: 3,7,4,2,0,6,1,5,
67: 2,4,6,0,3,1,7,5,
68: 6,1,3,0,7,4,2,5,
69: 3,5,7,2,0,6,4,1,
70: 2,6,1,7,4,0,3,5,
71: 3,1,6,2,5,7,4,0,
72: 4,6,0,3,1,7,5,2,
73: 4,6,1,5,2,0,3,7,
74: 2,5,1,6,4,0,7,3,
75: 6,4,2,0,5,7,1,3,
76: 2,0,6,4,7,1,3,5,
77: 1,3,5,7,2,0,6,4,
78: 2,4,1,7,0,6,3,5,
79: 5,2,4,6,0,3,1,7,
80: 6,0,2,7,5,3,1,4,
81: 3,1,7,4,6,0,2,5,
82: 3,0,4,7,5,2,6,1,
83: 5,3,1,7,4,6,0,2,
84: 4,1,7,0,3,6,2,5,
85: 2,7,3,6,0,5,1,4,
86: 4,1,3,6,2,7,5,0,
87: 5,2,6,1,3,7,0,4,
88: 1,5,0,6,3,7,2,4,
89: 5,2,6,3,0,7,1,4,
90: 2,4,7,3,0,6,1,5,
time = 250899
[1603280454.727491] [spartan-snowy007:30988:0]          mpool.c:43   UCX  WARN  object 0x2b371d0ccf80 was not returned to mpool ucp_am_bufs
[1603280454.728026] [spartan-snowy006:13848:0]          mpool.c:43   UCX  WARN  object 0x2b9877563f80 was not returned to mpool ucp_am_bufs
[1603280454.729103] [spartan-snowy021:11915:0]          mpool.c:43   UCX  WARN  object 0x2aec23d64f80 was not returned to mpool ucp_am_bufs
