1: 3,7,4,2,0,6,1,5,
2: 7,2,0,5,1,4,6,3,
3: 2,4,1,7,0,6,3,5,
4: 6,2,0,5,7,4,1,3,
5: 5,2,4,7,0,3,1,6,
6: 0,6,3,5,7,1,4,2,
7: 1,6,4,7,0,3,5,2,
8: 5,2,0,7,4,1,3,6,
9: 2,6,1,7,4,0,3,5,
10: 2,4,6,0,3,1,7,5,
11: 3,1,6,2,5,7,0,4,
12: 4,7,3,0,2,5,1,6,
13: 4,1,3,5,7,2,0,6,
14: 3,5,7,2,0,6,4,1,
15: 3,5,7,1,6,0,2,4,
16: 6,2,7,1,4,0,5,3,
17: 4,6,0,3,1,7,5,2,
18: 4,6,1,5,2,0,3,7,
19: 2,5,1,6,4,0,7,3,
20: 7,1,4,2,0,6,3,5,
21: 5,0,4,1,7,2,6,3,
22: 0,6,4,7,1,3,5,2,
23: 5,3,6,0,2,4,1,7,
24: 3,0,4,7,1,6,2,5,
25: 4,2,0,6,1,7,5,3,
26: 3,1,7,5,0,2,4,6,
27: 4,6,1,5,2,0,7,3,
28: 1,4,6,3,0,7,5,2,
29: 1,5,7,2,0,3,6,4,
30: 6,3,1,4,7,0,2,5,
31: 2,5,7,0,3,6,4,1,
32: 5,2,0,7,3,1,6,4,
33: 0,4,7,5,2,6,1,3,
34: 3,1,4,7,5,0,2,6,
35: 1,4,6,0,2,7,5,3,
36: 2,4,1,7,5,3,6,0,
37: 6,1,5,2,0,3,7,4,
38: 3,6,0,7,4,1,5,2,
39: 4,2,0,5,7,1,3,6,
40: 2,5,7,0,4,6,1,3,
41: 5,1,6,0,2,4,7,3,
42: 2,5,3,1,7,4,6,0,
43: 4,7,3,0,6,1,5,2,
44: 5,2,0,6,4,7,1,3,
45: 2,5,1,4,7,0,6,3,
46: 3,6,4,2,0,5,7,1,
47: 5,3,0,4,7,1,6,2,
48: 0,5,7,2,6,3,1,4,
49: 4,1,5,0,6,3,7,2,
50: 3,1,6,4,0,7,5,2,
51: 4,0,3,5,7,1,6,2,
52: 4,6,0,2,7,5,3,1,
53: 7,1,3,0,6,4,2,5,
54: 6,3,1,7,5,0,2,4,
55: 4,6,1,3,7,0,2,5,
56: 2,5,3,0,7,4,6,1,
57: 2,6,1,7,5,3,0,4,
58: 3,7,0,2,5,1,6,4,
59: 5,1,6,0,3,7,4,2,
60: 4,2,7,3,6,0,5,1,
61: 4,6,3,0,2,7,5,1,
62: 3,6,2,7,1,4,0,5,
63: 3,7,0,4,6,1,5,2,
64: 7,3,0,2,5,1,6,4,
65: 5,2,6,1,7,4,0,3,
66: 5,7,1,3,0,6,4,2,
67: 4,0,7,5,2,6,1,3,
68: 2,5,1,6,0,3,7,4,
69: 6,1,3,0,7,4,2,5,
70: 3,6,4,1,5,0,2,7,
71: 3,1,6,2,5,7,4,0,
72: 4,0,7,3,1,6,2,5,
73: 6,4,2,0,5,7,1,3,
74: 1,3,5,7,2,0,6,4,
75: 3,5,0,4,1,7,2,6,
76: 2,5,7,1,3,0,6,4,
77: 5,2,4,6,0,3,1,7,
78: 6,0,2,7,5,3,1,4,
79: 3,1,7,4,6,0,2,5,
80: 2,0,6,4,7,1,3,5,
81: 5,3,6,0,7,1,4,2,
82: 5,3,1,7,4,6,0,2,
83: 3,0,4,7,5,2,6,1,
84: 4,1,7,0,3,6,2,5,
85: 2,7,3,6,0,5,1,4,
86: 5,2,6,3,0,7,1,4,
87: 1,5,0,6,3,7,2,4,
88: 1,7,5,0,2,4,6,3,
89: 5,2,6,1,3,7,0,4,
90: 1,6,2,5,7,4,0,3,
time = 102296
[1603278699.274325] [spartan-snowy014:6110 :0]          mpool.c:43   UCX  WARN  object 0x2b5c8a199f80 was not returned to mpool ucp_am_bufs
[1603278699.294851] [spartan-snowy013:19058:0]          mpool.c:43   UCX  WARN  object 0x2aef58d1bf80 was not returned to mpool ucp_am_bufs
