1: 1,3,5,7,2,0,6,4,
2: 4,6,0,2,7,5,3,1,
3: 4,0,3,5,7,1,6,2,
4: 5,3,6,0,2,4,1,7,
5: 2,4,1,7,0,6,3,5,
6: 2,6,1,7,4,0,3,5,
7: 5,2,6,1,7,4,0,3,
8: 7,1,4,2,0,6,3,5,
9: 2,5,7,0,4,6,1,3,
10: 3,1,7,5,0,2,4,6,
11: 3,1,6,4,0,7,5,2,
12: 3,7,4,2,0,6,1,5,
13: 2,4,6,0,3,1,7,5,
14: 3,1,6,2,5,7,0,4,
15: 4,7,3,0,2,5,1,6,
16: 4,1,3,5,7,2,0,6,
17: 7,2,0,5,1,4,6,3,
18: 3,5,7,2,0,6,4,1,
19: 3,5,7,1,6,0,2,4,
20: 6,2,7,1,4,0,5,3,
21: 5,2,4,7,0,3,1,6,
22: 4,6,0,3,1,7,5,2,
23: 4,6,1,5,2,0,3,7,
24: 2,5,1,6,4,0,7,3,
25: 5,0,4,1,7,2,6,3,
26: 0,6,4,7,1,3,5,2,
27: 5,1,6,0,3,7,4,2,
28: 3,0,4,7,1,6,2,5,
29: 4,2,0,6,1,7,5,3,
30: 4,6,3,0,2,7,5,1,
31: 4,6,1,5,2,0,7,3,
32: 1,4,6,3,0,7,5,2,
33: 1,5,7,2,0,3,6,4,
34: 6,3,1,4,7,0,2,5,
35: 7,3,0,2,5,1,6,4,
36: 2,5,7,0,3,6,4,1,
37: 5,7,1,3,0,6,4,2,
38: 6,2,0,5,7,4,1,3,
39: 4,2,0,5,7,1,3,6,
40: 5,2,0,7,3,1,6,4,
41: 4,0,7,5,2,6,1,3,
42: 2,5,1,6,0,3,7,4,
43: 1,4,6,0,2,7,5,3,
44: 0,4,7,5,2,6,1,3,
45: 3,6,4,1,5,0,2,7,
46: 3,1,4,7,5,0,2,6,
47: 2,4,1,7,5,3,6,0,
48: 6,1,5,2,0,3,7,4,
49: 3,6,0,7,4,1,5,2,
50: 3,5,0,4,1,7,2,6,
51: 3,7,0,2,5,1,6,4,
52: 2,5,7,1,3,0,6,4,
53: 5,1,6,0,2,4,7,3,
54: 2,5,3,1,7,4,6,0,
55: 2,5,3,0,7,4,6,1,
56: 4,7,3,0,6,1,5,2,
57: 5,2,0,6,4,7,1,3,
58: 2,5,1,4,7,0,6,3,
59: 3,6,4,2,0,5,7,1,
60: 5,3,0,4,7,1,6,2,
61: 0,5,7,2,6,3,1,4,
62: 4,1,5,0,6,3,7,2,
63: 7,1,3,0,6,4,2,5,
64: 6,3,1,7,5,0,2,4,
65: 4,6,1,3,7,0,2,5,
66: 2,6,1,7,5,3,0,4,
67: 4,2,7,3,6,0,5,1,
68: 3,6,2,7,1,4,0,5,
69: 5,2,0,7,4,1,3,6,
70: 0,6,3,5,7,1,4,2,
71: 3,7,0,4,6,1,5,2,
72: 1,6,4,7,0,3,5,2,
73: 6,1,3,0,7,4,2,5,
74: 3,1,6,2,5,7,4,0,
75: 4,0,7,3,1,6,2,5,
76: 6,4,2,0,5,7,1,3,
77: 5,2,4,6,0,3,1,7,
78: 6,0,2,7,5,3,1,4,
79: 3,1,7,4,6,0,2,5,
80: 2,0,6,4,7,1,3,5,
81: 5,3,6,0,7,1,4,2,
82: 5,3,1,7,4,6,0,2,
83: 4,1,3,6,2,7,5,0,
84: 3,0,4,7,5,2,6,1,
85: 4,1,7,0,3,6,2,5,
86: 2,7,3,6,0,5,1,4,
87: 5,2,6,1,3,7,0,4,
88: 1,5,0,6,3,7,2,4,
89: 1,7,5,0,2,4,6,3,
90: 5,2,6,3,0,7,1,4,
time = 129088
[1603284525.290574] [spartan-snowy031:9065 :0]          mpool.c:43   UCX  WARN  object 0x2b52db923f80 was not returned to mpool ucp_am_bufs
[1603284525.293353] [spartan-snowy002:26369:0]          mpool.c:43   UCX  WARN  object 0x2b274ff05f80 was not returned to mpool ucp_am_bufs
[1603284525.301509] [spartan-snowy005:27718:0]          mpool.c:43   UCX  WARN  object 0x2b65db65bf80 was not returned to mpool ucp_am_bufs
[1603284525.302269] [spartan-snowy007:22588:0]          mpool.c:43   UCX  WARN  object 0x2b5de9adcf80 was not returned to mpool ucp_am_bufs
