1: 5,1,6,0,3,7,4,2,
2: 1,3,5,7,2,0,6,4,
3: 4,6,3,0,2,7,5,1,
4: 4,6,0,2,7,5,3,1,
5: 4,0,3,5,7,1,6,2,
6: 5,3,6,0,2,4,1,7,
7: 2,4,1,7,0,6,3,5,
8: 7,3,0,2,5,1,6,4,
9: 2,6,1,7,4,0,3,5,
10: 5,2,6,1,7,4,0,3,
11: 7,1,4,2,0,6,3,5,
12: 4,6,1,5,2,0,7,3,
13: 2,5,7,0,4,6,1,3,
14: 3,1,7,5,0,2,4,6,
15: 3,1,6,4,0,7,5,2,
16: 5,7,1,3,0,6,4,2,
17: 6,2,0,5,7,4,1,3,
18: 3,1,6,2,5,7,0,4,
19: 3,7,4,2,0,6,1,5,
20: 4,2,0,5,7,1,3,6,
21: 2,4,6,0,3,1,7,5,
22: 4,7,3,0,2,5,1,6,
23: 4,1,3,5,7,2,0,6,
24: 7,2,0,5,1,4,6,3,
25: 4,0,7,5,2,6,1,3,
26: 2,5,1,6,0,3,7,4,
27: 1,4,6,0,2,7,5,3,
28: 3,5,7,2,0,6,4,1,
29: 3,5,7,1,6,0,2,4,
30: 6,2,7,1,4,0,5,3,
31: 3,6,4,1,5,0,2,7,
32: 5,2,4,7,0,3,1,6,
33: 4,6,0,3,1,7,5,2,
34: 4,6,1,5,2,0,3,7,
35: 2,5,1,6,4,0,7,3,
36: 5,0,4,1,7,2,6,3,
37: 0,6,4,7,1,3,5,2,
38: 6,1,5,2,0,3,7,4,
39: 3,5,0,4,1,7,2,6,
40: 3,7,0,2,5,1,6,4,
41: 3,0,4,7,1,6,2,5,
42: 4,2,0,6,1,7,5,3,
43: 2,5,7,1,3,0,6,4,
44: 2,5,3,0,7,4,6,1,
45: 1,5,7,2,0,3,6,4,
46: 1,4,6,3,0,7,5,2,
47: 2,5,7,0,3,6,4,1,
48: 6,3,1,4,7,0,2,5,
49: 5,2,0,7,3,1,6,4,
50: 0,4,7,5,2,6,1,3,
51: 3,1,4,7,5,0,2,6,
52: 2,4,1,7,5,3,6,0,
53: 3,6,0,7,4,1,5,2,
54: 5,1,6,0,2,4,7,3,
55: 2,5,3,1,7,4,6,0,
56: 4,7,3,0,6,1,5,2,
57: 5,2,0,6,4,7,1,3,
58: 2,5,1,4,7,0,6,3,
59: 3,6,4,2,0,5,7,1,
60: 5,3,0,4,7,1,6,2,
61: 0,5,7,2,6,3,1,4,
62: 4,1,5,0,6,3,7,2,
63: 7,1,3,0,6,4,2,5,
64: 6,3,1,7,5,0,2,4,
65: 4,6,1,3,7,0,2,5,
66: 2,6,1,7,5,3,0,4,
67: 4,2,7,3,6,0,5,1,
68: 3,6,2,7,1,4,0,5,
69: 5,2,0,7,4,1,3,6,
70: 0,6,3,5,7,1,4,2,
71: 3,7,0,4,6,1,5,2,
72: 1,6,4,7,0,3,5,2,
73: 6,1,3,0,7,4,2,5,
74: 3,1,6,2,5,7,4,0,
75: 4,0,7,3,1,6,2,5,
76: 6,4,2,0,5,7,1,3,
77: 5,2,4,6,0,3,1,7,
78: 6,0,2,7,5,3,1,4,
79: 3,1,7,4,6,0,2,5,
80: 2,0,6,4,7,1,3,5,
81: 5,3,6,0,7,1,4,2,
82: 5,3,1,7,4,6,0,2,
83: 3,0,4,7,5,2,6,1,
84: 4,1,7,0,3,6,2,5,
85: 2,7,3,6,0,5,1,4,
86: 4,1,3,6,2,7,5,0,
87: 5,2,6,1,3,7,0,4,
88: 1,6,2,5,7,4,0,3,
89: 1,7,5,0,2,4,6,3,
90: 1,5,0,6,3,7,2,4,
time = 150602
[1603290220.375357] [spartan-snowy009:11097:0]          mpool.c:43   UCX  WARN  object 0x2b1506c93f80 was not returned to mpool ucp_am_bufs
[1603290220.376247] [spartan-snowy021:22493:0]          mpool.c:43   UCX  WARN  object 0x2ab367314f80 was not returned to mpool ucp_am_bufs
[1603290220.384406] [spartan-snowy006:23740:0]          mpool.c:43   UCX  WARN  object 0x2ba7ed60ff80 was not returned to mpool ucp_am_bufs
[1603290220.390189] [spartan-snowy002:12872:0]          mpool.c:43   UCX  WARN  object 0x2b83fd104f80 was not returned to mpool ucp_am_bufs
