1: 19,13,25,8,24,27,39,6,14,37,31,20,3,47,30,32,5,48,2,45,49,22,46,16,9,33,4,40,26,0,7,11,43,1,28,17,15,44,10,35,21,38,42,29,34,18,41,12,23,36,
2: 47,6,18,31,25,1,45,33,20,4,7,38,15,11,24,30,39,9,3,13,44,27,41,16,12,8,43,40,2,36,5,0,10,35,48,22,26,17,37,21,49,42,19,29,14,34,46,23,32,28,
3: 21,15,24,27,1,34,37,43,14,28,17,0,12,16,31,19,49,45,36,13,40,46,6,10,7,30,22,39,23,44,8,32,48,42,2,11,47,3,20,29,9,18,35,4,25,33,26,38,5,41,
4: 38,17,4,2,27,30,49,44,20,7,11,3,47,24,8,0,37,23,21,48,16,41,39,18,5,32,6,31,14,34,43,45,42,10,13,25,12,15,46,36,40,29,35,26,28,9,33,19,1,22,
5: 32,37,10,26,19,49,33,27,13,21,8,36,29,44,2,48,34,20,4,45,0,31,24,5,18,47,23,38,41,16,6,9,28,25,40,42,35,46,15,22,3,7,14,1,11,30,39,12,43,17,
6: 17,32,44,23,27,38,22,8,47,49,3,1,12,35,21,10,4,15,26,31,19,24,40,28,5,46,41,9,6,43,36,7,42,30,25,2,13,39,18,48,0,20,11,14,33,37,29,34,16,45,
7: 2,28,12,34,38,22,19,46,49,21,35,0,40,43,5,36,1,24,6,20,18,25,45,17,44,11,9,4,33,26,39,3,27,15,42,31,47,7,16,10,32,41,8,30,37,48,14,23,29,13,
8: 15,28,31,39,47,12,24,21,17,4,43,45,11,23,5,35,19,29,3,25,42,10,48,40,49,13,6,32,9,26,46,27,7,16,34,37,44,8,14,18,0,33,1,41,22,38,2,20,30,36,
9: 23,49,6,13,24,39,45,19,35,12,26,42,17,21,11,48,1,10,46,0,34,9,2,44,25,20,33,5,27,40,3,8,15,7,47,37,30,28,4,31,22,16,18,41,14,29,32,43,38,36,
10: 33,27,36,2,47,19,29,35,13,16,48,3,34,43,15,26,37,20,5,44,28,10,40,21,30,1,38,18,8,11,4,12,42,6,49,25,31,39,23,32,17,9,46,22,41,14,24,0,7,45,
11: 16,14,25,47,19,23,27,15,46,40,1,9,39,5,33,37,44,20,7,21,24,45,12,48,38,6,4,28,10,35,42,30,49,43,2,18,22,32,8,3,17,34,26,31,29,11,13,41,0,36,
12: 2,14,32,34,45,17,35,25,28,36,21,12,5,16,10,4,24,1,41,19,8,37,26,29,9,44,40,3,49,15,13,48,39,43,31,0,6,27,47,11,20,46,33,18,7,22,38,42,30,23,
13: 33,21,48,27,2,32,25,38,26,4,46,18,24,12,3,6,16,40,28,23,31,7,1,49,17,19,0,8,45,9,44,47,34,10,35,20,39,42,30,14,22,29,5,11,15,41,43,37,13,36,
14: 44,16,18,42,8,37,1,31,6,26,41,17,40,35,7,22,0,29,14,4,30,48,2,11,43,39,3,9,46,12,32,28,23,25,20,38,47,24,19,33,45,15,21,10,5,34,36,13,49,27,
15: 11,39,29,26,20,33,13,36,17,12,35,46,48,19,3,1,47,25,31,4,38,9,6,16,45,22,41,27,18,8,49,2,42,28,7,0,34,14,37,5,32,23,43,30,24,21,40,15,44,10,
16: 41,29,4,32,40,26,21,14,43,15,35,28,24,7,2,34,3,39,48,9,6,16,0,27,8,22,44,25,10,49,31,45,11,1,23,20,46,42,37,47,33,13,38,17,19,36,12,30,5,18,
17: 23,26,2,42,18,14,37,35,7,45,43,22,19,48,6,13,46,39,20,10,24,47,49,3,40,30,15,9,38,41,16,8,28,4,0,32,12,21,44,1,33,11,27,31,34,5,29,25,17,36,
18: 13,28,24,39,6,3,38,33,42,34,10,46,4,18,5,8,44,47,36,22,17,25,0,32,43,41,2,9,7,23,15,37,1,40,29,49,20,48,27,14,11,21,19,16,30,26,12,35,31,45,
19: 18,32,27,40,20,17,4,42,12,22,37,41,5,14,36,48,23,45,33,16,6,44,1,19,43,13,2,30,8,49,11,9,21,28,34,25,46,0,7,38,31,3,24,26,29,47,10,39,35,15,
20: 5,42,34,18,29,1,12,8,21,46,32,15,10,39,45,49,19,33,38,30,0,13,16,40,47,2,36,20,11,28,48,17,14,4,24,44,25,7,22,6,37,26,23,43,31,9,41,35,3,27,
21: 25,42,5,18,33,49,41,23,28,20,6,34,7,22,46,3,37,27,45,32,11,13,30,0,2,44,48,31,21,12,36,1,8,38,14,47,10,19,17,26,24,39,43,40,29,16,4,15,9,35,
22: 13,19,47,36,39,27,22,35,18,46,17,1,4,34,5,9,28,40,16,48,25,2,31,37,6,33,10,14,45,32,3,7,20,44,30,15,29,11,21,24,26,43,41,8,12,49,0,42,23,38,
23: 31,20,25,14,9,23,3,42,37,13,36,45,11,40,10,22,18,47,26,33,5,38,46,39,24,15,41,16,49,12,2,34,6,28,44,0,48,21,1,30,32,35,29,4,19,43,8,27,7,17,
24: 22,38,29,21,45,31,48,40,25,43,0,12,1,32,13,46,3,33,24,16,14,41,7,2,6,30,39,10,23,44,34,17,35,11,9,5,47,4,19,49,28,37,42,15,36,18,20,27,8,26,
25: 47,2,39,18,14,26,40,32,30,20,16,19,21,11,42,8,43,5,9,48,37,13,27,35,44,0,10,1,15,23,33,4,29,12,3,25,17,7,45,38,36,24,46,28,22,34,41,49,6,31,
26: 28,25,47,11,34,38,27,17,3,9,35,37,0,40,5,26,30,20,41,48,22,8,14,29,42,6,4,43,7,18,10,1,31,23,16,19,32,2,39,33,44,46,49,36,21,13,15,45,12,24,
27: 5,12,32,11,23,48,26,35,39,24,20,29,38,8,37,0,2,18,42,46,16,10,36,25,15,3,19,34,1,17,47,43,41,49,9,6,28,7,14,33,27,45,21,40,13,4,44,31,22,30,
28: 9,18,36,23,47,15,42,3,13,25,48,24,34,0,39,8,31,35,6,40,43,22,7,14,1,20,38,41,27,37,11,29,10,44,28,19,4,2,12,45,30,33,46,32,5,16,21,26,17,49,
29: 31,23,7,30,22,16,4,32,41,3,9,6,36,15,1,49,20,29,27,25,17,47,8,37,39,46,43,0,38,13,21,44,48,34,42,24,11,40,45,35,18,2,14,19,10,28,26,5,33,12,
30: 5,26,35,0,41,15,38,24,17,3,12,46,28,37,25,27,19,2,47,9,43,22,49,11,32,7,10,42,48,4,8,30,23,13,40,18,31,14,45,20,1,34,6,29,33,21,16,39,44,36,
31: 38,41,26,22,15,17,3,32,29,7,46,16,43,27,9,47,49,13,25,34,6,30,48,8,0,42,19,21,1,4,33,37,45,11,35,14,5,24,12,20,31,40,44,23,28,2,18,10,36,39,
32: 35,38,10,26,2,33,39,1,11,31,34,40,4,30,14,21,18,16,44,49,47,9,19,3,8,0,45,32,29,43,48,22,5,42,24,46,6,13,27,17,12,23,37,20,25,28,15,7,41,36,
33: 43,20,17,9,33,23,47,11,15,21,1,4,42,18,31,24,40,30,46,6,16,3,48,34,45,25,36,0,13,19,44,7,29,49,32,37,22,12,8,5,2,10,41,35,27,39,14,26,28,38,
34: 21,1,12,31,18,45,33,5,49,32,19,17,3,24,22,28,9,48,13,43,40,25,4,38,46,41,6,0,47,16,42,27,15,30,37,7,20,39,14,10,34,26,2,8,11,44,23,36,29,35,
35: 6,34,30,20,14,29,9,42,48,1,21,32,27,47,28,33,4,11,44,39,5,8,19,22,46,15,31,36,26,37,49,2,45,13,35,24,17,7,0,12,40,43,10,38,23,41,18,3,25,16,
36: 41,43,36,26,0,34,7,28,17,13,20,44,3,37,6,18,15,47,33,24,27,32,38,11,21,45,48,39,4,8,16,49,10,46,29,1,42,31,2,22,9,30,14,5,25,12,19,40,35,23,
37: 5,37,34,21,25,29,13,16,33,26,47,6,20,15,41,0,42,39,8,1,31,22,9,14,43,38,19,27,48,4,45,11,18,7,32,49,24,36,30,23,46,12,10,40,17,3,35,2,44,28,
38: 37,48,29,38,10,21,27,2,9,39,15,33,3,22,45,32,4,13,11,17,19,0,42,23,16,35,41,31,6,47,20,44,34,5,46,8,25,40,49,24,14,1,28,26,7,12,43,18,30,36,
39: 28,46,15,32,40,24,6,23,17,10,12,31,34,25,44,5,20,49,0,22,7,47,33,1,29,9,43,21,42,35,19,14,18,4,41,8,27,36,2,37,48,26,30,11,16,38,13,39,3,45,
40: 39,26,43,16,25,17,30,13,4,47,11,33,38,22,28,48,27,1,5,18,8,10,2,31,6,44,20,37,46,32,45,29,49,0,36,12,41,3,14,34,19,24,42,40,7,35,21,15,9,23,
41: 12,37,44,18,30,21,14,0,28,9,34,29,11,35,5,1,39,48,19,6,23,38,32,7,43,36,40,4,22,33,27,10,20,46,24,42,17,2,13,8,16,47,31,26,49,25,3,45,15,41,
42: 31,18,9,49,8,19,16,32,37,0,23,14,5,13,48,33,43,36,46,1,29,45,7,28,30,15,4,11,22,44,2,39,24,10,21,34,6,26,40,35,41,38,25,17,3,20,12,42,27,47,
43: 46,9,32,15,10,28,6,47,45,12,20,49,8,29,41,17,27,2,38,7,21,1,48,44,23,3,13,22,35,11,34,40,16,25,4,33,0,42,19,30,5,24,36,18,37,31,43,26,14,39,
44: 43,13,24,38,27,25,32,20,4,23,42,10,12,0,31,3,7,22,45,47,26,37,46,5,1,15,44,8,39,48,19,33,30,9,17,36,14,16,41,49,35,6,34,18,28,11,2,40,21,29,
45: 17,25,42,24,5,47,16,7,46,34,8,26,19,35,37,45,43,36,20,14,12,3,6,41,10,31,4,23,18,0,33,11,44,38,28,39,9,48,29,1,15,49,27,40,21,32,22,2,13,30,
46: 45,26,30,0,6,4,2,46,23,12,18,40,3,25,19,7,20,24,29,41,14,44,39,36,48,31,42,15,9,49,5,13,16,22,43,35,10,47,11,37,33,28,21,38,27,17,8,32,34,1,
47: 33,18,9,15,38,11,29,20,45,19,30,6,39,12,1,34,27,42,21,47,25,3,48,44,8,40,28,41,46,7,4,17,23,49,26,43,2,10,14,32,36,5,22,13,0,16,35,37,31,24,
48: 33,36,47,42,27,24,32,29,19,13,3,10,20,41,21,1,18,46,23,11,37,5,40,43,45,15,38,25,22,14,30,8,48,39,49,9,31,34,4,7,28,12,17,44,35,6,2,0,26,16,
49: 8,47,9,42,31,2,38,7,19,33,24,28,13,39,45,0,34,36,23,21,16,12,4,44,30,6,49,20,18,3,43,26,48,10,37,29,1,41,22,27,11,14,40,15,5,32,35,46,17,25,
50: 48,26,40,16,13,35,32,22,8,14,39,17,24,0,33,38,47,18,6,1,5,20,12,31,15,46,42,4,45,3,28,41,43,11,36,27,29,44,19,25,34,37,10,7,23,49,9,30,21,2,
51: 17,23,29,27,1,28,45,13,48,2,15,26,7,41,18,0,34,25,43,33,16,42,22,3,36,9,20,14,10,39,5,12,30,6,47,44,38,40,49,46,8,24,31,21,32,35,37,11,19,4,
52: 3,49,33,27,2,13,45,22,18,6,42,37,16,41,7,24,29,0,38,5,39,17,12,30,36,48,31,15,9,46,10,1,32,47,28,14,35,26,20,8,4,25,19,44,11,23,21,34,43,40,
53: 9,17,31,4,1,11,29,37,45,22,24,13,39,47,35,33,10,41,5,8,32,21,48,16,23,40,6,3,0,49,34,15,42,44,2,26,7,25,43,46,14,18,38,12,19,28,36,20,27,30,
54: 36,4,15,22,12,34,16,33,26,46,11,3,18,0,35,9,41,24,1,49,32,6,38,47,19,23,48,8,45,40,14,2,5,30,20,10,29,25,37,44,31,17,42,21,7,27,13,43,28,39,
55: 42,44,24,48,14,11,40,0,7,26,37,41,19,46,35,18,5,15,22,45,2,16,1,39,33,3,28,38,20,49,13,8,12,30,47,25,17,4,32,27,36,9,43,34,31,29,10,21,23,6,
56: 25,34,21,13,26,3,48,46,36,10,22,35,49,43,8,11,18,4,29,32,19,44,38,14,9,2,33,31,20,47,12,0,41,5,40,6,39,45,17,1,28,16,7,23,27,42,24,37,15,30,
57: 22,6,35,23,25,13,32,24,27,11,39,43,9,40,42,8,20,7,29,44,12,21,38,18,34,37,4,45,41,17,36,46,33,10,14,49,19,2,47,1,31,16,26,30,0,48,28,5,3,15,
58: 25,5,0,9,40,35,44,1,26,38,18,20,12,30,3,43,36,4,8,16,39,33,46,19,31,48,7,10,13,24,6,15,42,49,45,37,28,2,29,27,17,34,41,22,47,11,32,14,23,21,
59: 35,8,15,21,23,17,38,7,24,45,36,49,11,42,16,0,12,31,1,34,9,48,39,10,28,46,14,32,22,27,6,3,41,25,4,43,13,2,5,18,37,47,33,29,26,20,30,40,19,44,
60: 40,23,15,44,22,43,29,21,17,6,11,42,19,25,38,1,26,46,48,27,3,13,37,4,8,20,47,31,5,7,49,34,30,39,10,35,18,24,12,28,36,14,32,0,16,33,45,41,9,2,
61: 45,15,30,12,24,28,19,13,9,25,34,37,43,6,4,22,35,5,47,41,16,32,20,1,11,46,44,42,3,0,29,36,26,14,38,21,2,39,8,23,17,49,10,7,33,48,18,27,31,40,
62: 9,17,42,1,32,36,28,22,35,10,27,24,30,4,43,18,48,7,13,21,8,45,0,49,38,31,34,23,39,41,2,14,37,26,44,19,3,11,20,12,15,6,29,47,33,16,46,5,40,25,
63: 30,34,12,16,25,17,38,10,28,48,46,4,36,19,11,40,44,7,3,8,14,2,41,23,29,27,33,15,43,20,47,0,18,37,32,6,9,21,49,1,39,13,5,35,45,22,42,26,24,31,
64: 10,8,29,18,37,48,23,39,30,28,15,4,35,11,3,40,16,2,27,25,41,7,26,47,38,5,9,6,36,49,46,12,20,44,33,19,0,32,1,42,34,31,43,13,22,14,17,21,45,24,
65: 3,18,36,19,43,11,34,32,15,45,22,26,38,17,13,42,39,1,10,37,9,41,23,44,46,49,35,8,6,48,12,2,28,20,24,30,47,4,14,33,40,5,27,16,7,31,25,21,0,29,
66: 7,14,26,48,32,22,35,41,17,31,12,1,5,19,40,11,4,25,15,18,3,0,33,43,29,44,42,37,49,6,45,13,2,47,9,36,10,23,27,20,38,21,46,30,28,16,24,39,8,34,
67: 28,10,20,29,27,24,47,8,32,43,9,38,45,21,16,5,0,31,49,7,35,37,3,14,11,22,15,12,23,33,26,42,44,46,41,1,34,6,48,25,4,13,18,2,36,39,19,40,30,17,
68: 34,5,12,32,25,3,13,38,33,47,30,28,11,2,41,43,22,36,15,35,6,44,9,49,42,0,4,21,16,20,39,45,14,29,18,40,7,27,19,31,23,26,8,17,37,46,1,24,48,10,
69: 36,20,16,25,4,39,33,3,5,49,22,15,11,28,42,47,21,35,2,26,14,44,31,40,37,10,46,6,1,45,8,17,19,7,9,38,13,18,29,27,30,23,0,41,24,34,48,12,43,32,
70: 31,39,19,30,45,11,13,16,24,17,46,2,27,23,10,36,18,43,4,48,21,44,40,12,37,22,3,41,0,8,42,35,25,9,29,38,28,1,20,5,34,14,47,26,15,33,7,32,6,49,
71: 13,38,17,8,20,39,23,30,22,40,32,37,6,14,11,1,19,4,28,3,47,12,10,18,49,44,2,34,27,7,42,33,21,41,0,46,15,43,5,48,25,45,35,16,26,9,36,24,31,29,
72: 44,37,30,45,10,29,6,20,11,24,14,34,49,33,2,32,38,47,0,9,19,4,15,7,16,26,3,35,13,36,28,42,18,22,25,8,17,5,48,41,12,46,21,39,31,40,43,23,1,27,
73: 29,6,30,40,0,20,16,1,25,17,3,36,42,24,46,31,15,41,10,4,22,35,2,21,11,47,38,34,12,7,49,37,18,8,23,32,9,28,39,48,43,45,13,5,44,33,27,19,14,26,
74: 10,46,23,29,27,18,43,15,26,33,40,22,39,8,5,21,4,1,25,44,37,7,31,16,3,41,38,47,2,0,24,13,9,36,12,35,19,34,30,28,20,42,14,48,17,32,6,49,11,45,
75: 31,33,12,37,25,7,4,40,13,21,34,17,15,48,39,42,8,26,14,30,46,29,1,18,38,45,0,49,41,16,47,20,32,2,5,36,24,22,10,19,44,27,23,3,11,35,28,9,6,43,
76: 30,0,22,37,46,32,29,45,15,34,28,17,20,23,35,19,2,36,27,7,5,38,24,10,3,6,42,49,26,18,21,31,12,8,48,4,47,33,41,9,16,1,43,14,11,13,40,44,25,39,
77: 9,26,46,15,39,7,1,4,47,23,10,40,22,41,38,42,37,18,49,12,19,24,2,0,16,21,11,33,45,36,3,35,6,44,25,14,8,27,20,17,34,28,5,48,32,43,29,31,13,30,
78: 19,32,27,39,12,17,1,42,30,2,31,3,25,18,20,29,40,33,22,7,4,49,5,34,6,28,46,8,37,16,48,38,47,35,13,24,26,14,23,9,36,41,10,0,45,43,21,44,15,11,
79: 44,19,24,20,10,40,0,31,28,49,36,26,4,14,46,48,9,2,13,29,8,3,43,12,47,15,42,35,39,25,21,33,7,37,18,34,23,5,38,11,17,6,1,41,22,16,32,27,45,30,
80: 22,2,4,32,35,24,14,12,15,36,46,44,1,38,26,3,37,31,48,17,30,41,5,29,10,19,11,6,0,13,39,47,45,8,49,25,27,33,9,7,21,18,16,43,20,23,28,34,40,42,
81: 0,26,41,27,42,34,28,16,45,2,23,18,39,5,49,17,3,48,6,38,35,10,30,19,36,46,9,47,31,11,7,25,12,37,32,14,22,8,29,40,1,13,20,33,4,44,15,21,43,24,
82: 39,7,35,29,6,30,49,37,19,22,10,18,26,41,11,9,45,33,23,2,44,48,4,13,34,47,17,20,5,28,38,15,24,42,0,36,31,8,25,3,12,21,40,46,32,14,27,43,1,16,
83: 27,7,21,15,35,19,40,49,34,5,26,4,10,46,14,28,44,41,22,2,31,29,42,25,11,1,12,30,17,38,48,3,47,0,13,6,16,32,39,24,9,33,20,18,43,36,8,37,45,23,
84: 29,19,0,40,21,35,39,28,7,2,20,17,43,41,36,24,3,6,31,14,47,25,34,4,12,1,16,5,10,49,32,22,9,33,30,46,11,45,23,13,37,44,26,15,27,18,38,48,42,8,
85: 13,33,40,45,6,30,11,16,43,36,5,32,20,42,25,7,22,2,38,10,34,0,18,27,4,12,41,3,29,23,47,15,1,8,46,9,17,35,24,21,39,44,49,31,37,28,19,14,48,26,
86: 15,19,1,23,25,28,44,37,16,2,39,8,13,40,14,3,20,43,27,38,42,49,36,29,11,41,22,34,26,18,10,12,9,46,0,45,47,5,33,24,32,35,4,48,30,6,21,31,17,7,
87: 29,23,18,41,46,25,32,35,33,30,44,6,16,40,31,22,5,49,4,43,28,15,9,11,3,1,38,8,39,27,10,21,14,0,26,20,7,36,47,12,17,42,48,34,37,13,24,2,45,19,
88: 6,29,2,25,9,13,38,3,33,30,21,41,39,10,8,17,40,26,36,5,0,12,14,37,23,4,1,31,44,42,20,46,49,43,27,11,48,22,15,34,47,28,7,32,45,18,24,35,16,19,
89: 0,28,21,8,11,35,22,48,5,24,32,20,36,19,42,3,49,13,16,27,40,46,25,18,34,1,17,9,41,47,44,33,12,6,45,2,30,15,39,43,23,31,26,14,29,38,4,7,37,10,
90: 24,3,9,32,21,35,25,10,45,20,8,16,43,28,46,42,49,11,40,33,12,17,23,44,2,41,13,7,5,14,6,37,18,4,27,19,48,34,47,30,39,22,0,31,26,1,29,36,38,15,
time = 7327692
[1603280462.931476] [spartan-snowy006:13925:0]          mpool.c:43   UCX  WARN  object 0x2b92edb04f80 was not returned to mpool ucp_am_bufs
[1603280462.932879] [spartan-snowy007:31058:0]          mpool.c:43   UCX  WARN  object 0x2b9b09979f80 was not returned to mpool ucp_am_bufs
[1603280462.946123] [spartan-snowy021:11982:0]          mpool.c:43   UCX  WARN  object 0x2b451fdfdf80 was not returned to mpool ucp_am_bufs
