1: 5,1,6,0,3,7,4,2,
2: 1,3,5,7,2,0,6,4,
3: 4,6,3,0,2,7,5,1,
4: 4,6,0,2,7,5,3,1,
5: 4,0,3,5,7,1,6,2,
6: 5,3,6,0,2,4,1,7,
7: 2,4,1,7,0,6,3,5,
8: 2,6,1,7,4,0,3,5,
9: 5,2,6,1,7,4,0,3,
10: 7,1,4,2,0,6,3,5,
11: 7,3,0,2,5,1,6,4,
12: 2,5,7,0,4,6,1,3,
13: 3,1,7,5,0,2,4,6,
14: 3,1,6,4,0,7,5,2,
15: 4,6,1,5,2,0,7,3,
16: 3,7,4,2,0,6,1,5,
17: 5,7,1,3,0,6,4,2,
18: 2,4,6,0,3,1,7,5,
19: 3,1,6,2,5,7,0,4,
20: 4,7,3,0,2,5,1,6,
21: 6,2,0,5,7,4,1,3,
22: 4,1,3,5,7,2,0,6,
23: 7,2,0,5,1,4,6,3,
24: 3,5,7,2,0,6,4,1,
25: 4,2,0,5,7,1,3,6,
26: 3,5,7,1,6,0,2,4,
27: 6,2,7,1,4,0,5,3,
28: 4,0,7,5,2,6,1,3,
29: 2,5,1,6,0,3,7,4,
30: 1,4,6,0,2,7,5,3,
31: 5,2,4,7,0,3,1,6,
32: 4,6,0,3,1,7,5,2,
33: 4,6,1,5,2,0,3,7,
34: 3,6,4,1,5,0,2,7,
35: 2,5,1,6,4,0,7,3,
36: 5,0,4,1,7,2,6,3,
37: 0,6,4,7,1,3,5,2,
38: 3,0,4,7,1,6,2,5,
39: 4,2,0,6,1,7,5,3,
40: 6,1,5,2,0,3,7,4,
41: 3,5,0,4,1,7,2,6,
42: 1,4,6,3,0,7,5,2,
43: 1,5,7,2,0,3,6,4,
44: 3,7,0,2,5,1,6,4,
45: 2,5,7,1,3,0,6,4,
46: 6,3,1,4,7,0,2,5,
47: 2,5,3,0,7,4,6,1,
48: 2,5,7,0,3,6,4,1,
49: 5,2,0,7,3,1,6,4,
50: 0,4,7,5,2,6,1,3,
51: 3,1,4,7,5,0,2,6,
52: 2,4,1,7,5,3,6,0,
53: 3,6,0,7,4,1,5,2,
54: 5,1,6,0,2,4,7,3,
55: 2,5,3,1,7,4,6,0,
56: 4,7,3,0,6,1,5,2,
57: 5,2,0,6,4,7,1,3,
58: 2,5,1,4,7,0,6,3,
59: 3,6,4,2,0,5,7,1,
60: 5,3,0,4,7,1,6,2,
61: 0,5,7,2,6,3,1,4,
62: 4,1,5,0,6,3,7,2,
63: 7,1,3,0,6,4,2,5,
64: 6,3,1,7,5,0,2,4,
65: 4,6,1,3,7,0,2,5,
66: 2,6,1,7,5,3,0,4,
67: 4,2,7,3,6,0,5,1,
68: 3,6,2,7,1,4,0,5,
69: 5,2,0,7,4,1,3,6,
70: 0,6,3,5,7,1,4,2,
71: 3,7,0,4,6,1,5,2,
72: 1,6,4,7,0,3,5,2,
73: 6,1,3,0,7,4,2,5,
74: 3,1,6,2,5,7,4,0,
75: 4,0,7,3,1,6,2,5,
76: 6,4,2,0,5,7,1,3,
77: 5,2,4,6,0,3,1,7,
78: 6,0,2,7,5,3,1,4,
79: 3,1,7,4,6,0,2,5,
80: 2,0,6,4,7,1,3,5,
81: 5,3,6,0,7,1,4,2,
82: 5,3,1,7,4,6,0,2,
83: 3,0,4,7,5,2,6,1,
84: 4,1,7,0,3,6,2,5,
85: 2,7,3,6,0,5,1,4,
86: 4,1,3,6,2,7,5,0,
87: 5,2,6,1,3,7,0,4,
88: 1,7,5,0,2,4,6,3,
89: 1,5,0,6,3,7,2,4,
90: 2,4,7,3,0,6,1,5,
time = 106390
[1603287738.962344] [spartan-snowy006:27528:0]          mpool.c:43   UCX  WARN  object 0x2aebf626cf80 was not returned to mpool ucp_am_bufs
[1603287738.962913] [spartan-snowy021:26707:0]          mpool.c:43   UCX  WARN  object 0x2ab36135df80 was not returned to mpool ucp_am_bufs
[1603287738.965397] [spartan-snowy002:16698:0]          mpool.c:43   UCX  WARN  object 0x2ac9e4e7af80 was not returned to mpool ucp_am_bufs
[1603287738.966861] [spartan-snowy009:15332:0]          mpool.c:43   UCX  WARN  object 0x2b1a4e725f80 was not returned to mpool ucp_am_bufs
