1: 84,2,11,79,37,41,6,38,96,57,53,23,27,55,58,29,36,43,7,56,61,46,93,62,71,86,9,34,85,88,20,24,90,3,25,54,99,91,13,95,78,21,74,0,12,94,68,33,22,51,14,48,97,30,72,83,1,49,19,15,87,32,75,92,5,8,77,45,76,73,17,50,26,28,59,70,64,82,47,44,52,39,10,67,4,66,80,18,98,65,89,40,16,60,42,35,69,63,31,81,
2: 64,19,97,52,37,53,17,63,38,29,39,90,56,49,79,27,89,80,61,91,55,95,47,69,24,5,8,50,33,22,13,81,93,57,92,67,77,51,14,18,4,35,58,10,1,62,21,87,85,70,88,23,99,3,96,68,15,26,45,0,82,59,25,28,42,31,20,48,36,84,98,11,9,72,44,65,60,7,66,32,83,78,16,74,46,71,75,34,94,6,86,76,2,54,43,40,12,30,41,73,
3: 31,55,22,36,91,69,44,64,57,3,98,46,92,94,77,18,82,84,60,35,29,32,5,53,89,80,41,8,42,39,52,87,90,7,58,61,79,26,86,2,99,70,88,30,56,17,47,43,16,83,10,78,9,85,1,20,97,59,48,28,6,11,21,54,25,14,19,75,65,45,40,38,95,13,74,81,93,50,76,24,72,63,37,96,4,49,34,62,67,73,12,68,33,71,0,66,27,15,23,51,
4: 93,75,90,29,2,95,50,41,33,60,0,56,70,81,5,74,30,45,6,28,25,64,68,8,19,87,99,11,36,31,86,49,82,4,17,51,69,44,73,63,79,27,62,58,47,18,83,85,10,26,15,1,84,34,23,72,14,53,57,13,24,80,98,16,91,88,78,42,65,9,48,77,52,67,96,20,7,66,35,55,46,22,92,38,12,3,37,43,40,76,32,59,39,97,94,54,89,71,61,21,
5: 46,60,42,31,22,65,79,93,82,58,77,30,6,50,24,15,63,88,98,75,23,1,87,9,56,86,70,18,37,11,25,81,57,59,40,89,84,5,26,32,17,43,95,85,49,53,67,12,4,72,47,94,10,13,21,62,78,68,45,14,80,97,16,20,27,54,36,28,83,0,7,35,38,8,91,99,66,55,74,3,51,33,96,52,76,69,2,61,34,64,73,39,90,92,44,71,19,29,41,48,
6: 56,95,45,75,77,44,73,51,6,59,90,46,3,41,30,36,18,94,81,88,53,89,54,68,58,72,78,1,47,33,50,21,40,28,37,99,7,9,22,20,82,98,91,10,23,71,31,39,17,15,38,74,35,70,61,80,13,32,55,60,84,66,93,57,79,27,4,97,64,34,24,12,2,85,19,26,87,63,67,42,5,25,8,43,0,65,92,11,49,29,83,69,62,48,76,14,52,96,16,86,
7: 69,72,42,82,58,96,54,22,24,71,55,28,63,50,78,41,51,11,16,60,56,98,9,34,17,80,68,59,46,62,95,65,99,39,44,13,35,6,52,19,83,5,61,8,26,84,90,14,33,77,70,81,75,36,29,4,10,30,49,18,87,21,91,94,53,89,74,1,47,64,32,37,97,43,48,25,23,7,20,86,31,57,27,73,93,66,2,88,40,45,92,79,76,85,3,0,67,15,12,38,
8: 15,52,75,17,47,89,86,92,27,74,33,11,43,60,83,96,29,50,40,67,61,19,16,84,99,5,53,36,32,39,18,57,90,95,78,31,8,4,66,30,77,20,58,82,34,14,91,72,94,3,24,87,13,88,22,93,62,7,44,54,2,63,73,9,85,38,42,97,21,70,59,76,23,28,1,56,69,80,6,41,25,10,64,26,48,51,35,71,65,45,37,49,79,0,12,55,81,68,46,98,
9: 6,89,35,93,64,83,27,7,13,68,44,33,1,12,22,50,65,62,74,30,95,2,17,63,60,97,38,53,67,77,81,51,15,56,37,72,5,80,29,3,8,31,71,23,86,75,92,94,14,9,66,43,39,10,24,99,19,61,54,90,16,79,36,34,78,40,98,20,85,55,58,84,73,28,11,52,70,49,87,57,82,91,41,0,18,25,47,69,21,96,42,88,59,32,45,26,4,76,46,48,
10: 87,19,98,50,28,30,70,72,94,82,79,93,43,64,59,31,62,76,97,2,16,74,35,45,86,55,60,38,26,34,22,18,92,17,8,83,46,32,65,78,20,91,56,15,44,89,75,24,88,25,58,5,40,6,10,61,27,90,48,7,95,1,63,67,96,85,57,42,33,68,11,99,41,66,23,0,9,80,12,49,39,3,84,13,21,29,52,54,73,51,69,36,81,14,37,4,53,47,71,77,
11: 56,29,90,83,14,71,61,66,75,36,78,47,3,53,58,76,79,86,89,25,7,91,10,52,27,46,72,21,0,94,19,26,31,57,18,12,32,1,64,39,59,43,20,88,15,93,80,6,85,98,54,4,13,92,63,73,41,65,16,97,50,35,82,30,96,77,28,81,17,45,95,69,87,8,67,55,49,5,2,60,9,51,34,37,70,42,22,24,48,11,23,33,84,68,40,74,62,38,99,44,
12: 18,46,30,97,33,83,45,29,94,10,17,38,95,69,44,51,7,72,15,42,63,75,57,74,85,59,26,76,12,86,99,62,53,11,87,21,77,54,70,2,50,16,35,31,6,9,58,1,5,68,19,25,3,34,24,40,55,90,4,0,8,65,78,36,84,71,56,14,82,37,96,23,52,13,61,64,81,79,89,92,39,47,49,91,60,20,28,43,67,98,22,73,41,88,66,32,27,80,48,93,
13: 27,54,80,70,3,38,65,9,29,25,52,14,68,39,98,62,28,94,4,82,75,51,36,47,7,10,90,22,50,13,58,99,8,93,95,48,73,66,61,6,97,23,43,84,89,2,92,55,67,42,0,91,11,34,59,64,87,32,76,63,15,5,24,69,96,33,81,40,57,79,30,35,18,44,19,71,45,74,26,56,16,37,12,53,72,20,77,21,86,83,41,78,31,85,60,49,1,17,88,46,
14: 52,61,55,24,5,95,79,47,39,97,21,82,27,81,58,63,48,23,1,54,29,86,36,22,43,51,88,34,74,15,67,87,71,8,0,53,12,80,30,73,94,96,99,17,72,25,50,35,90,16,31,64,14,76,92,49,3,62,91,18,9,2,78,11,37,60,20,57,40,26,28,83,56,7,77,4,84,32,42,44,41,98,10,93,69,85,19,65,75,68,46,59,89,6,45,38,66,33,13,70,
15: 60,47,83,34,73,57,78,49,46,19,95,58,61,68,90,40,17,13,8,87,74,55,50,36,77,16,24,41,65,69,91,14,54,5,27,9,86,96,26,7,88,48,75,10,44,66,21,62,30,2,20,28,82,59,98,52,35,23,81,85,63,4,12,3,72,22,31,99,97,6,32,89,76,84,94,67,56,93,51,39,15,45,33,0,53,71,64,29,37,11,18,1,79,92,70,25,42,38,43,80,
16: 79,42,49,46,98,26,30,37,59,19,74,53,25,13,45,85,62,70,44,57,28,82,87,81,18,8,24,54,91,16,86,90,65,95,36,0,4,48,56,14,20,58,32,39,94,77,61,66,97,88,23,3,6,35,21,2,96,60,7,75,11,68,43,29,63,71,27,10,93,22,40,9,69,52,38,89,47,55,5,41,64,17,51,92,12,33,72,78,1,84,34,76,80,50,83,67,15,73,99,31,
17: 55,37,69,22,56,75,5,34,9,88,27,61,78,13,25,53,38,57,24,10,73,77,84,95,99,86,49,29,67,50,16,47,80,28,2,42,45,91,82,12,4,8,93,20,90,3,39,89,18,43,26,11,85,41,32,58,52,65,87,51,70,40,7,1,62,79,96,54,72,35,14,76,19,98,59,64,94,97,31,36,23,33,17,44,21,15,68,0,63,30,71,81,46,48,74,92,6,66,60,83,
18: 96,86,70,46,32,42,80,62,27,65,33,11,79,67,85,60,23,12,28,44,8,63,81,75,40,52,50,10,78,95,26,0,58,7,25,13,16,21,84,2,22,76,9,35,17,43,55,36,49,87,3,72,92,59,83,15,74,93,69,14,19,31,47,56,68,82,5,99,90,20,41,37,48,34,30,54,88,4,91,94,66,1,39,77,18,29,73,6,53,97,38,24,64,61,71,57,98,51,45,89,
19: 12,32,30,52,43,76,73,37,68,94,56,48,26,35,58,70,40,1,74,4,22,57,91,18,83,75,25,0,60,69,65,96,51,3,67,11,13,99,44,86,47,89,21,53,31,49,98,6,36,9,15,66,95,87,79,7,14,20,41,82,54,78,80,61,84,39,77,2,64,17,42,63,81,55,23,5,45,33,28,92,71,27,8,72,85,93,19,62,50,46,29,88,34,38,97,16,24,90,59,10,
20: 54,25,87,83,88,76,33,6,77,67,59,85,37,3,51,38,34,78,49,63,26,16,98,7,60,8,65,82,43,18,11,52,42,93,41,92,32,14,97,48,73,89,62,29,35,15,96,1,4,12,91,13,45,17,5,55,72,99,86,46,71,2,0,80,9,94,24,69,40,81,68,44,47,61,66,27,22,90,75,53,19,31,39,23,64,79,28,58,70,50,56,10,95,36,30,74,21,57,20,84,
21: 98,31,43,84,50,97,60,83,26,51,18,37,70,30,12,38,45,56,78,11,58,2,55,76,40,59,96,54,7,94,81,62,95,16,74,32,79,25,0,67,61,91,8,92,47,64,48,53,24,6,13,66,17,89,41,33,3,69,52,9,71,22,14,87,99,20,88,80,73,5,34,15,44,93,1,65,75,35,19,28,39,72,57,63,21,86,42,82,4,29,90,23,85,10,36,77,49,27,46,68,
22: 59,88,22,60,98,46,2,5,25,86,26,63,68,19,67,47,44,51,80,1,24,58,97,74,64,30,92,37,99,29,39,10,15,83,14,90,96,50,84,62,42,13,73,7,32,12,91,28,95,4,41,87,76,31,16,66,78,69,45,48,89,35,61,81,8,34,43,27,18,21,38,0,93,57,71,94,77,70,36,54,75,11,3,17,9,79,56,53,23,52,49,33,20,85,65,40,72,82,6,55,
23: 32,11,77,12,72,62,53,51,97,1,41,16,58,78,36,23,69,81,38,22,91,15,67,93,48,87,47,20,46,26,64,73,34,66,50,18,42,28,89,10,0,2,96,19,70,7,75,13,27,61,99,55,9,35,65,98,94,80,59,5,79,86,31,14,49,92,21,63,52,57,33,88,30,68,54,25,90,24,8,4,44,37,95,82,6,83,45,76,56,43,39,17,3,74,29,60,40,84,71,85,
24: 19,5,37,48,63,57,22,43,30,49,83,50,44,9,16,76,81,23,93,98,33,65,15,56,58,71,40,97,70,47,13,68,53,11,2,86,45,99,8,64,24,69,73,20,25,27,32,90,6,3,77,80,82,94,66,28,18,95,61,79,75,85,52,14,87,60,21,34,39,54,46,17,36,0,10,67,42,29,31,26,74,91,89,12,72,84,55,62,4,1,38,88,51,7,92,96,59,35,78,41,
25: 66,44,33,92,5,64,54,65,70,77,80,95,26,46,11,43,10,39,37,88,13,61,51,87,3,28,38,9,55,67,79,86,49,58,60,7,25,17,94,84,40,57,50,96,81,2,0,23,83,8,12,24,15,97,75,91,20,22,78,4,59,72,6,30,56,53,18,99,21,76,45,69,42,14,34,62,27,90,52,47,63,71,73,93,1,89,82,35,16,32,74,68,98,48,41,29,31,19,36,85,
26: 72,92,57,53,96,15,90,94,38,16,99,77,69,26,61,30,21,82,42,86,56,32,41,4,33,59,84,44,24,35,20,54,71,95,98,67,34,55,9,19,29,1,7,40,10,73,87,68,50,2,64,97,78,36,13,6,83,88,8,31,93,46,25,49,80,17,58,12,45,81,3,66,14,5,0,76,60,18,47,70,11,48,52,91,39,79,85,74,23,63,51,28,65,27,37,22,89,75,62,43,
27: 68,57,38,63,67,31,47,81,62,15,40,1,74,22,43,85,9,86,14,27,6,99,29,73,70,24,26,54,49,46,65,75,12,66,77,58,61,55,35,91,44,7,13,83,21,98,33,89,37,96,78,3,97,11,92,8,4,60,20,32,82,93,5,19,25,79,17,72,51,39,71,45,0,48,87,95,88,41,80,90,30,53,50,52,76,42,64,36,2,18,69,56,59,84,10,34,94,28,16,23,
28: 55,13,72,45,34,61,40,42,46,85,41,5,84,62,51,44,68,23,87,18,94,81,12,19,63,20,3,74,79,4,14,39,48,36,88,26,49,99,71,96,7,56,95,21,89,65,25,93,29,37,54,16,11,58,75,35,2,31,83,86,8,97,0,50,9,27,15,22,10,70,77,73,28,91,24,92,30,6,1,52,66,57,80,43,67,78,38,98,32,60,82,17,64,90,76,53,47,33,59,69,
29: 84,66,83,41,32,92,39,62,88,38,19,45,47,20,25,94,4,9,16,55,50,81,61,77,3,73,89,91,54,70,42,34,36,78,95,43,87,12,2,15,18,93,22,17,33,65,60,97,5,46,82,28,10,74,79,48,96,51,31,69,27,14,75,23,49,11,35,72,63,85,24,71,44,57,64,90,99,13,80,98,67,0,6,8,21,76,7,53,37,52,86,1,30,26,59,56,40,29,68,58,
30: 67,49,52,68,57,28,95,14,39,77,8,13,23,40,32,36,44,83,75,70,59,34,82,53,86,31,1,91,29,0,89,85,4,94,69,93,79,71,54,3,26,37,30,38,81,42,2,21,97,64,35,84,62,20,43,74,9,48,90,73,60,22,55,25,16,10,88,7,76,78,87,96,92,17,24,51,19,56,33,63,61,18,12,41,50,45,66,99,80,72,47,5,46,58,27,65,6,15,11,98,
31: 62,30,79,63,98,31,54,70,50,55,35,84,32,34,49,71,17,40,52,27,14,96,93,56,15,57,87,5,33,21,97,95,86,72,20,37,67,47,66,77,0,28,82,10,53,45,29,90,99,22,24,88,76,83,1,44,51,2,38,41,8,80,68,26,23,11,19,78,85,73,3,39,48,61,6,65,94,46,91,4,92,12,75,9,81,64,43,7,18,59,89,42,69,74,58,60,36,25,16,13,
32: 94,31,45,53,91,83,18,68,92,37,82,52,28,72,54,59,34,65,63,36,90,13,9,89,19,51,3,76,25,61,95,60,70,24,97,87,69,11,16,32,30,20,0,26,86,21,12,62,71,38,14,55,77,75,29,23,80,84,57,1,44,6,81,74,49,99,48,73,4,10,41,78,5,7,27,85,79,40,8,67,17,46,96,15,64,66,56,39,47,35,33,42,88,93,50,43,98,2,58,22,
33: 46,49,62,79,17,48,27,6,64,96,59,41,78,53,47,99,18,54,25,97,73,9,20,98,14,61,44,33,51,2,55,23,16,77,81,1,65,22,66,84,72,92,50,37,7,42,21,8,15,35,67,38,90,88,3,89,12,52,4,24,74,87,19,13,83,10,70,31,45,85,29,95,5,82,94,56,76,30,0,91,71,57,26,11,80,40,34,39,93,43,60,69,75,36,68,63,32,86,58,28,
34: 68,80,73,53,35,48,34,2,33,71,49,77,92,4,59,22,19,21,90,84,43,41,6,69,87,99,95,56,72,42,27,18,37,52,36,7,91,94,12,97,8,65,9,70,1,96,26,85,54,50,28,3,66,61,13,88,78,83,75,17,24,76,55,23,29,14,0,30,86,5,40,57,81,62,15,51,20,39,47,67,25,63,93,11,82,79,98,58,10,89,32,38,31,46,44,74,16,45,64,60,
35: 27,29,71,62,35,43,41,54,21,75,77,92,85,30,98,3,79,68,13,40,52,93,16,99,94,0,65,84,72,33,48,24,61,66,32,1,47,7,58,10,96,4,38,88,46,5,22,97,57,49,60,19,42,95,69,37,20,14,59,67,9,45,12,18,15,81,91,34,51,8,73,50,17,80,28,74,90,39,26,56,2,86,6,55,31,23,44,78,25,63,70,83,89,36,53,76,11,82,87,64,
36: 48,46,40,92,56,91,86,3,98,79,21,61,67,94,57,97,82,38,15,24,88,2,41,18,51,32,42,17,34,76,69,53,44,96,35,10,90,13,23,72,84,59,68,30,58,4,99,89,73,7,16,14,83,81,64,9,85,66,95,19,80,22,54,27,55,5,43,20,33,25,93,26,60,12,0,6,78,71,11,36,50,1,49,31,29,74,70,87,62,75,52,37,63,45,77,8,65,47,39,28,
37: 44,10,92,20,25,72,64,82,58,38,30,54,9,0,62,98,29,76,36,45,55,37,28,80,3,74,6,15,11,91,66,43,4,78,90,75,51,65,8,13,40,73,50,84,97,18,23,71,42,24,12,49,34,48,17,33,93,59,85,2,52,99,96,22,83,87,32,5,39,68,60,57,19,69,7,56,79,31,27,86,41,70,1,14,95,21,53,63,16,46,94,26,61,77,35,88,81,47,89,67,
38: 26,72,30,12,57,34,47,53,66,33,77,74,45,55,50,29,65,16,99,1,11,41,2,17,25,82,32,67,23,7,86,49,79,10,98,90,40,97,70,36,84,6,8,95,44,83,54,59,4,71,81,58,14,37,28,38,0,20,43,76,3,22,64,15,75,19,5,56,35,88,27,96,87,60,21,91,46,63,18,51,39,94,31,93,52,78,24,42,80,85,9,13,61,68,92,48,69,73,62,89,
39: 94,86,82,14,70,59,65,90,31,3,9,48,87,19,23,41,0,12,42,60,81,51,69,54,68,85,44,27,17,34,28,71,20,8,62,43,40,30,83,97,4,79,15,25,21,16,58,6,45,39,67,32,74,96,55,18,95,33,73,10,52,80,24,66,36,75,91,22,88,76,49,92,99,7,1,89,78,93,61,2,5,72,13,35,29,98,46,37,56,26,57,47,77,50,64,38,11,84,63,53,
40: 52,89,60,79,8,53,35,24,55,47,11,26,61,46,56,92,85,63,39,32,5,64,83,91,20,17,77,2,51,45,48,4,43,21,96,13,7,57,1,70,72,86,69,34,74,81,18,84,38,6,3,30,19,23,12,44,36,98,82,94,9,37,88,50,58,71,76,41,16,97,75,93,28,68,99,59,78,27,90,31,66,25,14,65,87,10,29,15,33,49,67,42,73,0,62,54,95,80,22,40,
41: 48,55,0,63,12,7,43,80,86,21,59,61,40,29,71,2,79,73,15,96,72,44,98,47,64,78,87,31,34,88,99,19,50,91,33,16,8,62,5,94,41,85,18,28,10,83,37,92,75,56,11,25,1,82,24,49,69,17,51,81,4,95,97,14,54,45,76,6,77,38,66,13,3,68,58,27,30,23,36,52,39,67,65,60,46,42,26,35,93,32,90,20,9,57,22,84,74,89,53,70,
42: 69,89,31,57,21,16,61,51,60,52,28,74,87,29,90,76,55,7,46,79,9,66,80,82,49,26,24,83,20,99,54,34,11,37,48,62,45,17,78,0,71,5,33,63,95,91,13,68,8,43,12,56,25,59,41,65,10,94,84,4,75,35,14,38,22,97,88,50,15,19,2,47,53,36,73,70,58,3,1,44,39,32,18,96,40,23,72,6,81,42,86,93,64,77,27,92,30,85,98,67,
43: 70,46,60,7,65,20,89,30,33,59,92,17,64,77,52,86,40,66,87,63,28,24,69,56,3,97,38,80,44,91,29,88,41,96,6,54,78,71,55,39,15,5,25,99,0,13,11,84,26,95,37,9,34,8,74,98,48,23,72,57,50,14,22,2,49,12,68,36,79,42,18,81,43,27,51,10,94,58,73,76,93,67,16,35,85,47,31,75,4,32,19,21,53,82,45,62,1,90,61,83,
44: 22,80,13,89,57,93,4,76,33,96,20,47,83,73,2,61,44,55,17,58,95,35,12,66,75,34,41,28,9,7,91,23,86,49,6,38,42,16,50,24,98,71,5,63,26,64,51,70,79,3,82,92,97,18,37,14,52,78,87,99,77,94,48,90,15,0,21,27,43,11,31,60,74,29,45,72,84,30,25,46,53,88,40,1,32,8,62,67,56,39,81,68,85,59,10,19,65,54,36,69,
45: 75,44,86,26,14,81,22,35,98,91,7,68,25,71,52,89,77,38,96,83,31,80,54,8,66,28,70,53,45,29,42,58,11,32,30,36,2,99,73,20,65,93,90,18,16,82,17,97,46,79,19,69,0,62,3,37,12,61,41,95,10,13,15,47,21,72,1,40,23,57,33,64,87,92,51,34,6,63,9,4,94,48,88,85,76,39,56,74,24,49,55,67,60,5,27,84,43,59,78,50,
46: 63,71,81,11,60,27,74,26,51,29,44,46,38,2,56,30,57,92,64,69,22,66,88,90,68,97,99,76,15,83,10,24,62,86,13,25,8,53,89,72,6,58,16,35,82,41,23,50,96,47,17,98,37,18,61,7,9,20,94,43,1,73,80,54,59,33,79,12,93,5,14,65,42,48,21,85,75,91,28,84,36,78,55,45,70,0,95,4,19,67,3,49,40,31,77,52,39,34,32,87,
47: 25,80,50,52,6,55,94,59,8,39,82,78,98,46,73,62,87,44,21,18,2,36,5,74,92,22,17,48,3,65,35,23,51,20,54,70,14,91,64,12,83,86,31,77,40,29,84,93,60,47,72,27,4,85,15,97,26,19,89,96,11,9,28,58,81,34,76,0,69,49,88,1,95,41,38,68,43,30,33,7,66,75,13,32,90,56,63,37,99,24,16,10,71,67,57,53,61,42,79,45,
48: 68,10,17,35,81,53,97,43,39,61,38,15,45,76,31,49,95,1,25,4,96,46,11,70,20,51,6,57,85,98,74,5,2,92,75,36,24,55,60,90,94,13,79,62,73,50,19,93,64,28,88,48,30,77,40,0,16,34,22,14,23,67,89,44,26,59,65,21,82,80,91,3,7,66,27,87,99,42,86,54,63,33,72,32,52,83,37,69,9,29,56,78,18,84,41,71,12,47,8,58,
49: 40,52,66,35,80,34,54,93,43,22,55,60,37,92,32,98,0,17,29,88,90,78,11,91,63,51,19,68,61,56,31,89,99,2,8,73,96,20,6,94,27,49,70,7,47,10,18,97,21,45,86,74,76,33,42,15,50,62,44,81,69,5,1,9,16,28,82,25,13,84,65,12,3,24,71,46,95,87,26,36,57,79,67,58,39,41,48,14,64,38,72,83,30,23,53,85,77,75,59,4,
50: 45,7,26,71,80,93,14,76,88,55,13,61,73,34,32,24,49,82,75,23,72,10,38,30,11,78,56,83,59,19,84,44,54,48,85,94,8,74,40,81,3,0,52,62,27,89,95,12,25,6,29,15,28,9,35,21,96,50,5,57,77,86,91,43,64,2,60,58,22,1,66,98,41,4,17,33,47,18,39,63,92,69,20,97,46,36,53,79,99,67,65,90,87,42,68,37,31,70,51,16,
51: 82,23,54,99,19,81,98,72,57,89,21,50,42,59,39,5,61,25,85,38,43,26,69,9,94,56,83,78,6,95,29,52,74,27,4,11,65,47,20,92,36,97,3,30,41,51,62,24,88,67,12,68,40,73,14,35,10,7,37,63,60,17,86,31,76,91,93,70,66,1,79,46,8,15,13,22,90,34,45,48,71,32,53,96,58,80,75,2,33,44,49,16,55,0,18,87,77,28,64,84,
52: 74,49,81,94,71,86,61,53,23,75,10,45,14,72,2,47,3,64,78,92,1,19,46,9,28,69,21,68,54,30,33,27,38,0,95,84,89,17,8,67,80,35,15,70,43,16,57,39,90,24,59,82,66,88,91,85,99,41,32,77,6,83,98,26,5,7,87,50,12,31,18,76,44,20,4,52,29,96,34,58,62,97,42,51,73,36,40,48,79,25,11,60,56,22,37,13,93,55,63,65,
53: 0,92,70,93,46,58,76,48,27,18,90,8,61,45,34,22,26,50,95,97,19,65,11,68,88,77,62,52,1,3,85,44,9,28,60,41,98,74,43,7,24,16,99,89,66,33,10,23,91,79,73,29,13,71,75,53,36,47,4,42,14,5,86,35,78,82,67,94,72,21,57,83,25,64,31,20,55,69,81,38,40,96,63,2,54,51,49,56,37,17,32,39,59,87,15,12,30,6,80,84,
54: 12,49,99,7,32,34,59,83,26,28,68,38,64,33,97,79,41,27,92,66,76,60,1,47,85,63,72,57,87,31,5,22,98,39,91,20,25,29,14,35,95,46,37,2,58,9,80,84,89,93,19,48,15,3,96,13,8,50,75,81,11,16,94,51,54,21,53,6,71,52,23,42,40,88,55,69,62,43,86,4,78,82,0,44,24,67,17,30,18,56,90,45,36,77,10,65,61,74,70,73,
55: 74,51,66,33,73,9,95,87,54,31,19,65,55,48,67,23,75,40,10,35,49,89,28,88,64,45,47,24,18,53,92,13,93,81,86,61,43,76,5,0,58,78,16,12,56,96,17,79,36,22,97,29,63,3,82,68,83,32,59,84,15,46,62,99,41,27,52,98,4,21,34,37,14,26,72,85,91,25,71,42,50,6,11,20,1,57,80,70,7,69,39,90,60,44,38,2,77,30,8,94,
56: 27,9,6,97,18,83,80,61,39,55,43,24,21,53,44,74,88,58,14,51,56,71,93,5,63,70,29,2,8,45,52,99,87,84,78,25,73,57,11,7,31,60,48,26,96,98,75,3,33,10,13,72,62,32,92,36,40,0,50,47,65,68,79,86,35,15,81,69,66,34,37,22,12,91,28,4,42,76,38,49,17,82,1,59,95,54,19,64,85,67,90,77,41,20,16,89,30,23,46,94,
57: 14,98,47,55,83,71,41,57,52,25,99,22,67,15,61,35,43,68,5,36,62,40,3,94,17,23,82,26,86,77,51,95,75,33,97,89,32,0,84,64,79,42,54,46,18,7,34,85,53,20,78,19,2,12,76,81,38,87,9,4,13,50,31,92,48,80,8,58,29,21,28,1,96,65,44,60,24,11,72,88,93,91,10,73,70,6,90,59,45,27,39,66,56,30,49,74,69,37,63,16,
58: 79,84,46,57,69,37,61,58,60,65,14,26,11,43,7,74,13,99,68,20,32,89,27,72,96,88,92,56,34,53,8,39,12,3,95,93,52,62,28,41,86,6,85,81,10,1,55,45,15,23,21,42,38,80,50,9,25,75,19,90,36,33,83,91,59,40,51,17,71,31,5,82,4,18,66,97,22,87,0,98,35,63,29,47,78,2,49,70,24,30,77,64,76,44,94,48,73,54,16,67,
59: 84,34,99,17,38,58,71,54,60,91,21,94,35,53,45,65,79,59,16,83,2,7,52,39,80,47,23,64,41,70,85,90,93,95,88,63,15,72,82,51,30,37,22,44,50,9,33,24,86,11,5,32,1,3,19,76,74,0,77,67,96,49,20,4,25,89,66,14,78,68,36,46,31,56,42,13,43,97,18,81,6,55,26,10,73,27,57,40,61,8,75,48,87,98,29,12,28,69,92,62,
60: 42,74,52,49,68,86,11,76,95,69,57,59,32,64,47,98,46,39,37,44,54,50,84,14,85,26,82,16,40,36,34,99,70,3,12,87,13,78,41,56,48,51,17,80,38,90,81,1,97,20,30,7,96,93,67,2,4,72,89,91,24,28,71,35,23,25,94,9,33,43,15,10,45,58,60,62,73,65,8,77,31,83,18,21,79,66,92,6,22,29,53,5,27,61,63,19,75,55,88,0,
61: 49,61,31,42,65,59,29,96,58,79,43,91,87,10,98,36,12,90,52,76,47,84,25,97,39,30,18,41,56,23,66,7,50,75,24,57,35,88,48,11,83,81,73,34,99,1,33,54,13,86,67,89,4,6,0,74,27,92,22,17,15,28,94,2,45,71,64,44,5,82,8,95,26,21,16,77,9,78,40,14,46,93,62,51,63,69,20,80,70,38,60,19,32,53,3,68,37,72,55,85,
62: 92,38,81,52,9,86,15,19,60,51,80,82,10,49,91,4,40,68,0,65,94,76,78,23,96,36,46,59,53,74,22,14,47,8,77,73,39,45,26,87,84,48,29,61,25,6,2,31,18,99,44,85,11,20,95,12,69,30,79,17,5,90,72,89,16,50,88,62,28,1,7,42,34,70,24,66,55,32,54,33,97,21,75,63,83,57,37,35,13,93,43,56,27,67,71,58,3,98,64,41,
63: 56,46,52,12,55,37,43,83,75,87,84,77,28,86,66,95,54,13,40,32,89,79,15,62,49,19,69,47,35,6,22,58,30,8,14,76,33,92,17,21,31,2,71,74,72,91,93,80,96,59,85,10,53,70,65,36,9,45,24,63,16,60,4,82,78,41,81,34,7,18,11,94,42,57,38,23,3,64,0,25,27,67,88,20,44,90,98,50,5,51,73,1,26,61,39,97,68,29,48,99,
64: 41,53,48,26,35,67,85,45,7,94,63,51,76,55,18,66,92,36,62,32,69,12,43,24,95,0,34,4,9,14,88,40,60,50,10,72,6,84,52,89,70,28,97,54,17,29,3,49,96,73,82,13,30,56,46,90,61,86,44,20,93,33,5,23,98,1,91,8,16,87,68,81,27,31,80,39,22,65,37,99,75,77,47,57,11,74,83,25,59,79,58,15,71,42,19,21,78,64,38,2,
65: 34,30,42,58,62,41,72,94,86,36,13,65,96,57,10,67,48,66,22,93,38,54,91,12,85,95,43,87,75,23,20,7,17,98,21,76,11,49,77,82,3,19,35,64,15,52,59,97,0,40,45,74,50,18,46,61,25,8,4,32,14,2,5,24,88,81,33,68,83,29,84,55,1,56,79,9,16,27,78,6,37,90,92,39,26,47,44,31,69,53,60,28,89,70,73,63,51,99,80,71,
66: 28,63,5,73,57,36,39,71,25,31,56,58,42,86,23,10,85,94,74,84,80,34,43,12,50,91,22,54,77,20,29,90,64,87,17,45,0,95,53,89,30,16,2,24,68,79,60,6,66,69,38,1,37,82,33,97,67,27,21,96,3,41,9,98,65,18,32,8,4,13,7,83,59,35,99,44,14,93,78,51,15,46,11,81,55,61,92,26,72,62,47,52,70,75,88,49,19,48,40,76,
67: 25,90,49,62,13,68,47,60,81,71,50,31,0,7,82,89,77,95,46,65,58,93,52,88,6,43,23,16,35,96,40,30,51,75,37,99,1,87,83,61,14,36,97,79,73,45,2,59,10,70,98,86,63,28,3,21,19,29,8,38,27,67,78,32,54,66,57,5,91,74,84,56,26,15,18,34,9,24,4,20,64,94,80,22,76,17,72,33,41,44,42,39,11,53,55,12,92,48,85,69,
68: 55,51,67,96,31,43,25,75,53,18,52,14,48,9,78,90,47,76,69,60,22,88,23,95,49,15,10,41,63,68,35,85,27,56,40,50,17,94,72,59,11,29,79,1,3,58,20,80,33,97,0,37,92,70,2,12,99,73,87,77,4,82,38,91,86,7,98,8,45,66,32,44,24,28,74,57,84,13,89,5,46,93,42,39,54,34,26,65,6,83,81,16,19,21,62,64,61,36,30,71,
69: 53,77,52,39,45,4,29,62,57,54,70,65,99,51,96,86,79,83,64,48,94,73,37,81,20,15,93,25,0,21,9,78,38,27,55,26,95,42,75,63,67,10,46,14,24,2,28,50,8,17,98,84,40,92,68,32,90,97,41,91,13,11,80,12,19,87,59,23,30,89,71,6,36,82,69,49,88,43,18,60,5,66,47,1,7,33,31,16,85,76,3,58,34,44,22,56,74,35,61,72,
70: 13,46,57,4,75,77,66,69,90,31,42,50,12,54,94,21,72,20,26,55,60,79,91,82,44,86,1,36,63,22,32,11,43,2,7,23,85,34,92,96,87,28,6,76,88,10,14,99,53,74,40,45,62,71,0,70,33,95,8,38,5,84,47,97,93,61,19,16,98,81,59,41,9,80,29,3,18,25,37,83,24,35,17,39,56,51,68,30,49,52,89,67,15,27,65,78,48,64,58,73,
71: 37,21,76,83,19,54,74,47,59,39,96,72,35,15,62,36,48,9,17,27,70,97,49,29,99,82,13,55,45,85,30,50,78,93,88,28,26,84,2,98,75,63,94,1,12,58,7,80,90,56,16,95,6,8,33,14,38,67,92,32,40,11,51,25,89,68,42,34,52,5,23,41,60,4,43,91,73,81,24,0,65,53,77,57,44,10,87,22,69,66,61,20,86,71,31,3,79,46,18,64,
72: 74,31,14,40,68,23,79,77,75,9,93,38,26,41,43,54,48,70,42,5,36,89,24,99,29,20,62,4,63,10,64,88,45,98,92,66,44,81,86,13,85,25,97,22,35,60,16,8,28,12,71,7,46,17,21,59,52,83,78,76,32,94,51,15,56,87,1,49,39,2,30,33,55,80,73,18,6,65,3,72,90,47,67,58,53,11,37,96,27,0,19,69,82,91,95,50,61,84,34,57,
73: 37,63,76,87,48,15,6,82,80,67,86,31,72,53,36,18,39,5,51,44,61,28,52,62,93,70,22,79,84,95,49,92,40,50,7,90,0,65,97,14,58,21,78,64,13,88,99,56,29,2,81,8,98,3,19,66,12,42,24,85,89,9,96,30,77,43,38,4,45,23,17,69,74,41,20,91,75,71,54,94,73,55,33,26,16,1,57,10,46,68,11,35,27,34,83,47,59,25,32,60,
74: 76,55,83,42,26,79,37,39,63,7,62,44,99,74,60,10,35,90,9,94,40,87,64,1,59,6,38,32,45,0,2,11,69,73,13,17,33,24,97,29,8,68,95,93,72,18,12,48,84,53,25,43,78,66,56,89,41,65,20,88,67,30,3,16,85,58,77,51,91,23,34,71,81,98,19,5,27,47,61,36,54,31,70,15,80,14,4,46,82,92,96,49,28,21,57,50,52,86,75,22,
75: 20,50,71,55,27,76,39,37,96,24,60,57,84,64,48,52,75,4,56,82,3,31,14,63,25,41,11,53,81,85,35,38,44,69,89,12,97,6,77,93,43,16,87,17,86,40,70,61,80,1,22,99,7,94,36,8,23,65,42,5,59,32,51,98,18,92,72,30,26,2,95,21,33,73,10,68,13,47,91,9,45,90,62,28,19,49,34,66,54,46,78,67,83,79,88,15,74,29,58,0,
76: 87,58,34,54,71,78,98,45,35,38,29,24,33,79,72,97,21,51,12,41,68,19,40,93,55,28,32,91,42,36,67,59,62,73,20,88,14,96,3,81,84,76,4,92,61,37,25,17,7,64,23,50,9,94,44,48,0,39,16,8,47,11,31,99,89,85,74,2,43,95,10,13,69,83,15,77,5,57,66,30,56,27,18,60,1,6,46,82,49,53,86,75,22,26,65,63,52,80,70,90,
77: 79,65,51,23,97,33,83,15,95,63,55,57,47,91,0,52,71,68,78,37,32,8,35,14,45,94,96,46,66,59,53,16,10,44,48,28,19,6,64,81,40,13,4,2,20,98,61,1,38,99,60,85,26,86,90,43,5,34,89,12,24,77,69,7,11,92,62,70,93,21,36,42,9,3,72,25,49,18,75,80,82,87,76,41,88,50,54,30,17,84,22,58,73,39,29,74,56,67,31,27,
78: 74,96,10,26,67,15,88,59,50,34,39,7,36,44,62,98,77,75,32,83,70,90,40,49,37,58,38,18,25,95,69,84,6,63,17,2,16,99,42,61,41,22,53,1,85,20,9,81,8,56,82,89,68,55,24,54,35,94,45,51,0,64,23,14,79,93,4,87,46,19,65,92,3,71,27,11,13,5,60,28,97,52,48,72,43,33,86,73,31,57,66,30,47,78,12,21,80,29,91,76,
79: 19,87,44,39,31,93,34,92,20,75,68,95,56,28,82,22,64,30,85,50,42,27,52,40,35,8,47,99,66,43,15,71,23,32,80,78,25,60,79,18,24,97,67,7,16,13,98,6,45,86,74,3,81,33,54,90,51,65,21,17,41,57,5,53,2,12,70,38,14,89,11,0,49,91,1,37,58,10,94,77,73,29,69,59,76,88,46,61,55,26,84,48,36,62,96,9,4,83,63,72,
80: 86,41,36,67,56,2,27,75,46,62,57,74,68,48,25,98,60,6,33,28,52,70,21,65,44,9,93,89,82,12,96,24,58,50,53,13,26,78,40,18,88,92,14,20,87,1,3,22,81,4,77,47,55,99,30,69,85,45,97,7,83,32,43,76,11,8,34,54,31,63,95,79,42,23,84,73,35,72,64,15,38,0,94,37,5,59,51,91,80,17,90,71,16,19,10,61,29,66,49,39,
81: 48,72,58,91,95,60,32,73,78,24,97,29,17,57,30,34,96,59,56,49,44,98,33,43,85,62,19,36,50,23,53,38,68,18,93,8,26,13,83,3,65,94,42,82,2,51,11,14,75,77,27,7,64,84,89,46,99,90,87,0,92,71,76,9,67,28,1,55,22,70,45,88,31,15,21,61,16,5,35,10,40,80,52,63,79,69,20,37,54,41,39,6,66,25,47,74,12,86,4,81,
82: 72,54,73,23,63,45,70,58,5,35,38,78,93,86,92,36,76,28,80,50,13,82,55,26,98,91,95,29,14,3,85,56,15,1,52,79,90,6,46,21,19,32,40,77,87,34,65,10,47,22,8,67,97,66,81,11,27,4,88,37,44,9,62,64,0,60,43,99,33,74,24,94,89,61,68,16,83,53,12,2,17,96,57,49,39,25,31,20,48,51,18,71,41,7,75,59,42,84,30,69,
83: 36,83,35,70,48,14,38,67,50,61,69,60,86,21,3,99,39,43,65,53,55,92,46,96,42,24,76,23,15,17,75,0,16,90,54,64,40,27,19,95,81,87,73,68,7,56,44,63,78,28,4,79,91,29,31,77,94,6,98,80,20,32,89,49,1,57,12,22,13,88,82,62,37,34,71,41,59,84,58,52,93,74,5,25,8,85,18,72,9,51,47,97,33,10,2,11,66,45,26,30,
84: 76,42,94,65,25,56,19,57,96,73,67,47,82,41,74,90,79,4,27,72,11,21,62,43,26,9,61,0,52,54,49,24,87,23,83,12,35,48,69,14,6,93,30,22,45,53,5,84,77,3,28,8,68,91,99,20,18,80,92,40,2,78,60,10,36,32,37,85,75,58,39,98,46,59,71,97,88,15,70,29,1,95,31,66,44,55,38,81,13,34,51,86,50,89,17,7,64,33,16,63,
85: 71,69,16,20,15,48,30,36,68,17,49,63,27,99,33,12,38,61,46,88,55,98,18,26,65,9,3,1,92,82,50,77,90,39,34,51,8,73,13,94,29,59,84,22,70,95,93,96,81,7,45,85,14,91,52,43,41,6,2,32,97,31,89,24,40,66,47,54,80,21,83,25,58,64,78,42,23,0,56,4,79,37,11,5,86,75,19,28,53,60,72,44,10,76,74,87,62,35,57,67,
86: 29,59,85,80,41,44,67,62,1,47,69,77,82,8,3,66,12,51,34,99,94,32,53,27,14,65,95,24,74,93,36,2,52,56,75,97,63,20,88,39,21,6,87,48,0,70,79,57,7,37,30,19,43,83,89,17,54,10,13,23,4,45,61,11,92,40,81,91,28,42,96,84,5,25,86,22,16,26,15,58,72,90,68,55,35,31,71,64,46,50,18,78,9,38,60,49,98,33,76,73,
87: 41,46,3,36,52,61,75,90,55,84,42,48,73,13,28,97,93,83,15,70,8,49,68,21,47,2,32,35,59,82,50,85,54,16,4,19,99,95,27,1,79,62,91,33,31,5,96,20,44,58,80,17,9,57,45,23,67,60,30,78,86,12,10,76,98,18,25,92,37,51,87,65,26,40,89,39,69,38,6,81,24,66,14,88,11,63,22,94,53,64,71,43,29,34,0,74,72,77,56,7,
88: 51,16,76,52,39,75,47,63,44,80,13,21,28,56,34,77,38,10,46,64,87,54,91,67,9,79,53,36,6,18,31,68,70,5,99,33,59,98,4,45,72,88,97,14,92,37,41,78,94,89,23,8,69,32,73,85,11,1,7,84,0,30,49,71,2,55,57,96,50,27,40,82,25,35,86,26,12,29,20,93,61,65,42,22,81,15,17,43,90,48,3,24,66,58,74,62,95,83,19,60,
89: 2,31,88,94,55,76,89,57,53,28,63,38,46,22,30,26,86,60,81,74,19,49,11,20,92,79,36,13,0,47,35,75,23,18,54,39,12,61,25,87,99,42,8,78,34,41,95,6,80,62,73,97,4,16,3,96,59,15,98,21,67,82,68,71,48,10,83,27,90,40,52,14,7,37,43,70,24,91,51,56,9,32,50,64,77,65,33,5,58,29,1,69,45,85,44,93,84,17,72,66,
90: 66,90,42,58,39,84,79,98,67,70,94,36,76,33,17,78,32,47,50,88,3,0,65,74,86,53,64,5,26,52,12,85,27,41,21,48,35,2,24,73,29,10,38,57,77,72,19,6,22,1,7,9,81,14,75,99,46,25,55,13,51,71,56,80,34,96,11,69,40,4,89,93,20,97,92,59,8,54,16,30,43,87,63,95,15,18,91,62,68,49,61,37,45,60,82,31,23,44,83,28,
time = 76735330
[1603280560.540077] [spartan-snowy021:12296:0]          mpool.c:43   UCX  WARN  object 0x2af52de36f80 was not returned to mpool ucp_am_bufs
[1603280560.540688] [spartan-snowy007:31365:0]          mpool.c:43   UCX  WARN  object 0x2b60bc02ef80 was not returned to mpool ucp_am_bufs
[1603280560.543286] [spartan-snowy006:14250:0]          mpool.c:43   UCX  WARN  object 0x2b93d605ef80 was not returned to mpool ucp_am_bufs
