1: 19,13,25,8,24,27,39,6,14,37,31,20,3,47,30,32,5,48,2,45,49,22,46,16,9,33,4,40,26,0,7,11,43,1,28,17,15,44,10,35,21,38,42,29,34,18,41,12,23,36,
2: 21,28,8,46,37,12,18,4,31,22,35,47,42,13,16,49,30,34,5,38,2,39,6,19,23,10,1,17,48,9,45,40,11,7,32,26,41,0,27,20,44,14,25,29,36,33,24,3,15,43,
3: 47,6,18,31,25,1,45,33,20,4,7,38,15,11,24,30,39,9,3,13,44,27,41,16,12,8,43,40,2,36,5,0,10,35,48,22,26,17,37,21,49,42,19,29,14,34,46,23,32,28,
4: 39,18,36,38,23,15,17,1,8,33,40,34,37,22,12,43,9,16,4,2,46,26,7,11,20,47,42,28,31,35,6,0,5,10,49,25,48,3,29,13,21,45,14,30,19,24,41,44,32,27,
5: 32,37,10,26,19,49,33,27,13,21,8,36,29,44,2,48,34,20,4,45,0,31,24,5,18,47,23,38,41,16,6,9,28,25,40,42,35,46,15,22,3,7,14,1,11,30,39,12,43,17,
6: 2,28,12,34,38,22,19,46,49,21,35,0,40,43,5,36,1,24,6,20,18,25,45,17,44,11,9,4,33,26,39,3,27,15,42,31,47,7,16,10,32,41,8,30,37,48,14,23,29,13,
7: 15,28,31,39,47,12,24,21,17,4,43,45,11,23,5,35,19,29,3,25,42,10,48,40,49,13,6,32,9,26,46,27,7,16,34,37,44,8,14,18,0,33,1,41,22,38,2,20,30,36,
8: 16,14,25,47,19,23,27,15,46,40,1,9,39,5,33,37,44,20,7,21,24,45,12,48,38,6,4,28,10,35,42,30,49,43,2,18,22,32,8,3,17,34,26,31,29,11,13,41,0,36,
9: 46,35,49,11,17,3,21,13,20,39,30,28,1,44,15,0,7,9,40,37,23,26,41,18,47,36,8,4,22,16,2,31,5,42,10,34,24,27,45,14,33,43,38,12,48,29,6,25,19,32,
10: 13,28,24,39,6,3,38,33,42,34,10,46,4,18,5,8,44,47,36,22,17,25,0,32,43,41,2,9,7,23,15,37,1,40,29,49,20,48,27,14,11,21,19,16,30,26,12,35,31,45,
11: 13,19,47,36,39,27,22,35,18,46,17,1,4,34,5,9,28,40,16,48,25,2,31,37,6,33,10,14,45,32,3,7,20,44,30,15,29,11,21,24,26,43,41,8,12,49,0,42,23,38,
12: 27,47,26,8,13,31,4,37,7,45,23,49,35,24,18,3,19,39,25,0,9,1,36,38,10,44,46,11,21,12,20,43,48,33,6,32,42,28,30,34,17,5,29,2,40,14,16,41,22,15,
13: 28,25,47,11,34,38,27,17,3,9,35,37,0,40,5,26,30,20,41,48,22,8,14,29,42,6,4,43,7,18,10,1,31,23,16,19,32,2,39,33,44,46,49,36,21,13,15,45,12,24,
14: 43,20,17,9,33,23,47,11,15,21,1,4,42,18,31,24,40,30,46,6,16,3,48,34,45,25,36,0,13,19,44,7,29,49,32,37,22,12,8,5,2,10,41,35,27,39,14,26,28,38,
15: 26,38,4,9,36,19,48,16,20,28,1,31,2,7,35,44,11,18,49,37,45,25,30,46,40,47,8,23,5,34,6,24,21,14,41,13,15,29,0,39,43,27,3,42,32,17,12,10,33,22,
16: 6,34,30,20,14,29,9,42,48,1,21,32,27,47,28,33,4,11,44,39,5,8,19,22,46,15,31,36,26,37,49,2,45,13,35,24,17,7,0,12,40,43,10,38,23,41,18,3,25,16,
17: 41,43,36,26,0,34,7,28,17,13,20,44,3,37,6,18,15,47,33,24,27,32,38,11,21,45,48,39,4,8,16,49,10,46,29,1,42,31,2,22,9,30,14,5,25,12,19,40,35,23,
18: 35,28,17,33,27,46,32,11,41,4,13,23,3,20,2,9,40,0,36,18,21,42,38,5,22,15,6,47,37,1,14,8,45,26,30,49,12,29,43,39,48,16,10,7,25,31,24,44,19,34,
19: 12,37,44,18,30,21,14,0,28,9,34,29,11,35,5,1,39,48,19,6,23,38,32,7,43,36,40,4,22,33,27,10,20,46,24,42,17,2,13,8,16,47,31,26,49,25,3,45,15,41,
20: 43,13,24,38,27,25,32,20,4,23,42,10,12,0,31,3,7,22,45,47,26,37,46,5,1,15,44,8,39,48,19,33,30,9,17,36,14,16,41,49,35,6,34,18,28,11,2,40,21,29,
21: 14,38,41,19,21,2,15,5,18,49,22,43,16,32,36,0,40,23,11,47,4,12,45,28,39,24,26,17,8,30,48,33,9,44,42,3,10,31,27,34,7,1,20,46,25,37,29,13,35,6,
22: 28,10,20,29,27,24,47,8,32,43,9,38,45,21,16,5,0,31,49,7,35,37,3,14,11,22,15,12,23,33,26,42,44,46,41,1,34,6,48,25,4,13,18,2,36,39,19,40,30,17,
23: 13,38,17,8,20,39,23,30,22,40,32,37,6,14,11,1,19,4,28,3,47,12,10,18,49,44,2,34,27,7,42,33,21,41,0,46,15,43,5,48,25,45,35,16,26,9,36,24,31,29,
24: 23,21,31,13,7,39,18,22,27,36,32,10,26,17,46,11,40,35,44,0,28,49,24,8,45,9,1,14,4,42,25,47,15,6,3,41,29,48,43,19,37,2,33,20,30,5,34,12,16,38,
25: 44,37,30,45,10,29,6,20,11,24,14,34,49,33,2,32,38,47,0,9,19,4,15,7,16,26,3,35,13,36,28,42,18,22,25,8,17,5,48,41,12,46,21,39,31,40,43,23,1,27,
26: 29,6,30,40,0,20,16,1,25,17,3,36,42,24,46,31,15,41,10,4,22,35,2,21,11,47,38,34,12,7,49,37,18,8,23,32,9,28,39,48,43,45,13,5,44,33,27,19,14,26,
27: 10,46,23,29,27,18,43,15,26,33,40,22,39,8,5,21,4,1,25,44,37,7,31,16,3,41,38,47,2,0,24,13,9,36,12,35,19,34,30,28,20,42,14,48,17,32,6,49,11,45,
28: 25,42,19,36,22,35,38,9,43,37,13,21,48,5,0,15,31,16,2,46,28,6,27,44,30,39,8,49,47,41,7,14,20,26,29,1,33,4,17,3,10,32,40,18,12,23,11,34,24,45,
29: 38,26,13,36,6,19,37,28,12,31,11,7,30,33,17,45,43,24,35,10,49,5,1,47,40,48,8,22,2,39,42,25,15,0,20,23,9,46,44,32,27,3,34,18,41,21,4,16,14,29,
30: 34,38,9,45,10,27,17,42,23,12,36,44,25,6,8,14,11,1,32,16,37,46,41,21,48,29,2,39,28,4,15,40,19,49,35,43,5,47,20,3,30,33,31,22,24,7,18,0,13,26,
31: 9,26,46,15,39,7,1,4,47,23,10,40,22,41,38,42,37,18,49,12,19,24,2,0,16,21,11,33,45,36,3,35,6,44,25,14,8,27,20,17,34,28,5,48,32,43,29,31,13,30,
32: 10,24,22,49,11,9,20,4,27,0,18,37,21,42,16,45,43,29,2,35,48,15,7,19,25,31,44,13,6,3,17,30,12,46,39,8,36,26,33,14,5,23,32,41,47,38,34,28,40,1,
33: 26,24,8,17,11,25,43,31,9,47,2,28,6,18,22,19,35,20,40,46,48,14,33,1,37,41,38,16,49,4,45,13,15,30,44,7,5,39,12,34,27,21,32,29,42,36,23,10,0,3,
34: 15,28,25,39,36,47,44,24,30,35,43,12,23,4,19,17,41,46,6,22,26,0,8,20,45,3,13,21,37,33,7,49,2,31,42,1,48,18,9,38,5,34,32,27,16,40,10,14,11,29,
35: 44,19,24,20,10,40,0,31,28,49,36,26,4,14,46,48,9,2,13,29,8,3,43,12,47,15,42,35,39,25,21,33,7,37,18,34,23,5,38,11,17,6,1,41,22,16,32,27,45,30,
36: 45,16,31,43,21,2,4,17,10,44,42,25,7,24,30,20,47,37,40,3,9,39,26,36,15,32,38,28,49,12,0,11,35,23,6,8,14,1,13,48,46,34,29,19,5,33,27,18,22,41,
37: 46,38,8,35,33,16,37,49,26,23,18,9,12,20,5,11,39,34,42,21,32,10,27,44,3,45,4,31,1,13,17,40,29,2,28,6,0,47,15,24,14,7,22,25,43,48,36,19,41,30,
38: 12,26,29,27,9,47,19,30,39,42,24,49,6,33,3,18,38,15,48,16,0,2,31,1,43,20,44,11,14,35,45,8,40,32,22,46,23,4,10,5,36,41,7,34,13,28,17,37,21,25,
39: 28,32,35,17,39,14,21,19,1,5,37,10,23,4,44,9,18,12,38,42,3,25,41,26,16,7,43,40,34,30,46,49,13,11,8,20,0,2,15,36,47,31,29,48,33,45,22,27,6,24,
40: 42,26,5,30,18,34,10,22,48,43,21,1,29,13,47,25,35,6,0,17,44,41,8,45,20,12,49,28,37,9,4,16,11,38,46,23,27,39,31,14,32,7,36,3,15,40,24,19,2,33,
41: 2,21,19,36,1,43,37,8,16,31,24,26,39,5,14,11,34,3,27,48,7,47,38,12,23,0,45,6,10,32,42,44,25,40,29,46,17,28,18,15,9,35,4,41,49,33,13,30,22,20,
42: 39,7,35,29,6,30,49,37,19,22,10,18,26,41,11,9,45,33,23,2,44,48,4,13,34,47,17,20,5,28,38,15,24,42,0,36,31,8,25,3,12,21,40,46,32,14,27,43,1,16,
43: 44,12,3,22,18,38,33,43,25,29,36,34,14,35,48,27,21,46,39,16,1,15,47,9,23,31,5,37,6,11,0,24,45,8,19,26,32,41,28,42,40,49,7,17,10,13,30,20,4,2,
44: 27,7,21,15,35,19,40,49,34,5,26,4,10,46,14,28,44,41,22,2,31,29,42,25,11,1,12,30,17,38,48,3,47,0,13,6,16,32,39,24,9,33,20,18,43,36,8,37,45,23,
45: 29,19,0,40,21,35,39,28,7,2,20,17,43,41,36,24,3,6,31,14,47,25,34,4,12,1,16,5,10,49,32,22,9,33,30,46,11,45,23,13,37,44,26,15,27,18,38,48,42,8,
46: 13,33,40,45,6,30,11,16,43,36,5,32,20,42,25,7,22,2,38,10,34,0,18,27,4,12,41,3,29,23,47,15,1,8,46,9,17,35,24,21,39,44,49,31,37,28,19,14,48,26,
47: 15,19,1,23,25,28,44,37,16,2,39,8,13,40,14,3,20,43,27,38,42,49,36,29,11,41,22,34,26,18,10,12,9,46,0,45,47,5,33,24,32,35,4,48,30,6,21,31,17,7,
48: 0,27,18,33,21,49,47,36,16,2,29,38,34,19,17,1,28,5,46,14,7,20,43,12,31,45,22,3,32,8,44,9,37,30,24,48,6,10,39,11,42,4,25,41,35,26,40,15,13,23,
49: 29,23,18,41,46,25,32,35,33,30,44,6,16,40,31,22,5,49,4,43,28,15,9,11,3,1,38,8,39,27,10,21,14,0,26,20,7,36,47,12,17,42,48,34,37,13,24,2,45,19,
50: 15,44,29,48,21,24,31,11,20,3,34,37,7,19,27,1,4,25,49,8,40,22,43,30,42,39,35,6,26,10,0,5,23,13,16,38,47,33,2,36,9,17,32,45,28,18,46,12,14,41,
51: 0,28,21,8,11,35,22,48,5,24,32,20,36,19,42,3,49,13,16,27,40,46,25,18,34,1,17,9,41,47,44,33,12,6,45,2,30,15,39,43,23,31,26,14,29,38,4,7,37,10,
52: 47,34,25,43,10,21,30,5,49,28,3,20,48,31,19,46,8,6,12,45,35,38,23,2,15,24,40,1,39,14,26,11,0,36,4,17,22,37,16,41,44,7,9,27,32,42,33,18,29,13,
53: 28,39,17,13,37,49,47,20,27,33,41,12,44,4,31,19,2,46,43,7,5,29,25,32,8,18,22,6,9,23,36,0,30,11,24,42,38,48,1,10,35,40,15,3,26,34,14,21,45,16,
54: 36,34,40,20,14,4,38,26,11,7,1,39,42,18,23,9,41,5,30,32,43,13,48,37,19,3,46,0,17,10,31,47,6,44,21,12,29,27,8,2,16,49,24,45,15,28,25,22,33,35,
55: 24,3,9,32,21,35,25,10,45,20,8,16,43,28,46,42,49,11,40,33,12,17,23,44,2,41,13,7,5,14,6,37,18,4,27,19,48,34,47,30,39,22,0,31,26,1,29,36,38,15,
56: 12,16,46,22,11,48,29,31,2,40,30,13,17,19,27,6,4,44,18,47,3,38,20,39,28,9,0,49,5,10,41,26,35,32,21,15,45,33,8,24,7,23,43,36,1,42,14,37,34,25,
57: 26,3,20,22,33,45,6,41,2,14,42,10,21,11,29,27,49,0,28,43,48,46,8,18,35,9,30,44,7,25,36,47,17,24,5,16,4,40,15,19,32,23,39,1,31,38,34,13,37,12,
58: 49,23,45,43,12,28,26,2,33,27,17,32,0,39,24,6,14,3,42,47,25,4,37,19,13,29,35,1,44,46,5,8,16,20,40,38,48,30,18,31,41,9,36,21,7,10,22,11,15,34,
59: 2,25,11,42,33,24,13,23,4,29,40,32,49,19,0,38,26,5,21,46,35,3,12,45,22,8,30,14,41,34,48,20,17,7,10,1,31,36,9,47,37,18,6,44,28,15,39,27,16,43,
60: 16,22,31,26,30,8,19,17,39,13,0,47,20,43,32,4,41,14,10,2,15,23,21,42,48,45,27,33,24,38,12,46,9,5,34,49,1,18,25,44,11,7,36,28,35,29,3,40,6,37,
61: 30,18,41,37,28,24,9,4,16,13,39,20,40,44,6,35,43,31,5,26,15,7,47,23,42,0,8,10,33,45,21,46,12,34,22,29,3,1,17,49,2,19,11,27,14,38,36,32,25,48,
62: 25,12,37,44,23,35,10,30,13,29,38,19,46,6,3,41,26,33,18,32,8,20,9,40,48,4,28,17,49,14,5,22,2,0,31,11,45,15,7,34,21,27,43,16,36,39,42,24,1,47,
63: 47,30,19,17,29,11,39,35,6,31,33,46,49,25,40,22,13,2,0,9,16,5,37,1,24,27,45,36,7,12,38,42,48,20,26,23,8,32,43,10,44,15,41,3,21,34,4,28,14,18,
64: 24,17,20,35,41,15,34,3,48,12,22,46,11,36,14,26,23,0,19,40,9,27,4,45,43,30,39,47,42,7,32,21,29,2,8,16,44,10,6,37,49,5,1,38,31,33,18,13,25,28,
65: 9,16,1,47,29,8,18,31,37,14,4,43,32,34,42,46,6,23,13,45,28,48,41,19,3,11,33,44,39,10,7,49,0,24,17,20,40,38,27,2,22,25,30,35,5,15,12,21,26,36,
66: 38,21,39,49,47,6,28,2,10,30,25,22,17,44,32,9,48,15,5,7,33,46,18,37,34,11,29,3,35,13,1,23,40,42,16,41,26,0,31,43,8,20,14,4,27,36,24,12,45,19,
67: 37,31,41,44,21,15,46,0,6,33,39,12,43,45,16,19,29,5,32,42,28,20,13,23,4,40,10,36,25,49,9,2,8,18,26,47,30,1,34,17,22,3,48,24,27,14,11,7,38,35,
68: 46,34,37,22,3,48,26,29,9,6,24,2,19,8,4,15,39,5,20,45,41,36,1,40,49,43,18,32,44,25,13,35,38,27,42,12,16,11,31,23,10,17,14,28,7,0,21,33,30,47,
69: 9,22,16,45,2,42,44,13,41,49,18,14,27,33,40,28,20,39,48,11,1,3,38,6,10,30,0,46,17,47,37,7,25,8,29,34,4,15,23,12,19,43,36,31,35,32,26,24,5,21,
70: 9,35,44,25,12,34,6,8,47,22,13,3,33,43,26,4,49,5,46,30,18,38,15,48,10,41,0,23,42,39,11,36,19,2,28,17,21,7,40,45,37,31,1,20,16,24,29,14,32,27,
71: 33,45,40,38,26,32,9,36,17,13,22,41,35,0,30,11,4,12,18,8,34,29,47,15,21,46,44,1,3,10,37,24,49,2,25,5,20,43,28,19,39,23,7,14,16,6,31,48,42,27,
72: 21,42,33,8,16,45,24,37,0,25,13,31,26,20,22,3,38,36,7,43,48,19,4,34,5,35,11,44,23,12,9,46,41,39,30,28,10,15,32,6,27,18,14,40,17,2,47,49,1,29,
73: 29,47,34,2,12,38,26,30,19,37,10,49,28,1,21,6,8,32,23,40,45,48,39,41,9,5,13,11,42,27,20,24,44,35,43,31,18,16,14,33,7,4,25,15,0,46,17,36,3,22,
74: 49,39,14,33,28,16,25,6,43,15,4,26,30,47,45,12,36,8,40,27,21,35,22,44,11,32,42,2,5,10,0,34,18,38,19,48,9,1,31,23,7,37,46,41,20,3,24,29,13,17,
75: 34,4,49,36,29,24,46,3,10,17,39,6,19,14,40,1,22,33,18,9,35,44,20,47,13,37,43,8,2,42,27,16,41,26,45,11,28,31,48,21,5,7,25,23,0,32,30,38,15,12,
76: 42,28,30,17,35,16,27,6,18,5,43,26,36,49,1,32,39,14,20,24,8,47,3,13,33,31,44,46,23,11,4,29,45,12,38,19,48,7,21,10,25,0,34,9,2,22,15,41,37,40,
77: 14,21,33,0,22,39,31,42,13,4,19,49,8,23,38,16,7,47,37,34,10,48,29,11,35,46,1,20,30,41,3,25,9,12,6,27,18,40,36,28,44,24,26,5,43,45,15,32,2,17,
78: 29,23,44,24,28,18,22,5,13,43,40,47,3,31,46,26,39,48,8,12,19,15,37,49,38,10,7,30,20,16,4,35,32,45,17,14,6,0,9,1,42,2,11,25,41,34,21,33,36,27,
79: 13,37,17,11,29,26,4,10,12,23,33,0,32,15,40,14,2,45,35,41,30,9,49,3,48,22,38,43,18,20,25,36,16,8,1,46,6,31,21,24,5,28,34,39,44,7,47,19,27,42,
80: 42,34,18,22,7,9,16,47,44,31,41,12,36,45,5,26,39,13,20,14,17,8,27,3,10,2,24,33,4,37,1,48,25,40,19,49,0,46,38,6,23,30,32,35,28,11,21,15,29,43,
81: 39,7,10,43,13,23,44,30,18,38,21,45,17,1,6,15,29,36,14,16,4,33,37,25,41,2,42,47,49,5,34,24,35,0,32,26,8,20,3,19,11,48,28,9,31,27,40,46,12,22,
82: 26,13,27,31,23,14,35,4,48,7,37,32,5,49,10,15,39,21,40,9,19,45,30,0,11,17,41,6,16,2,46,1,33,38,3,42,12,8,22,20,29,47,44,18,24,36,28,25,43,34,
83: 0,26,40,18,36,7,30,8,12,45,38,19,41,33,27,3,49,22,10,5,11,14,1,6,21,32,37,23,44,47,2,16,42,4,43,25,35,31,13,17,24,28,48,9,39,34,20,15,46,29,
84: 47,29,2,5,8,41,1,22,27,15,35,45,28,12,44,18,36,26,42,4,14,34,6,21,13,17,37,39,11,3,23,49,40,38,7,16,33,25,48,46,19,9,32,30,10,31,24,43,20,0,
85: 33,1,28,23,31,15,2,30,39,8,22,17,19,11,27,49,35,5,3,41,7,36,14,47,10,29,43,45,21,34,25,40,46,6,12,24,44,16,20,13,37,9,26,18,4,0,48,38,42,32,
86: 38,26,6,18,24,34,29,0,5,33,20,45,19,16,23,43,8,36,7,21,3,47,12,39,35,46,44,9,27,4,30,10,37,28,48,41,14,49,11,13,25,42,2,31,40,22,32,1,15,17,
87: 45,16,0,20,28,41,31,47,4,42,9,17,38,25,7,37,6,26,48,46,21,23,11,1,24,43,3,8,36,13,10,18,2,40,5,49,33,19,29,14,35,44,30,15,27,12,32,39,22,34,
88: 42,23,5,7,15,33,21,1,48,14,44,40,8,26,30,3,41,29,18,36,47,19,43,9,38,10,27,34,6,2,17,28,16,12,24,45,35,39,46,11,32,0,31,49,37,25,22,13,4,20,
89: 21,42,30,32,5,11,28,33,25,4,2,15,8,47,13,3,40,22,37,17,43,24,35,39,1,6,41,34,10,12,16,49,46,18,45,29,48,0,38,26,19,9,31,27,14,36,7,44,23,20,
90: 46,9,5,23,37,17,33,41,30,40,27,25,12,31,2,38,29,45,14,6,44,22,13,4,10,36,24,20,32,0,49,26,1,18,43,34,42,3,28,15,47,35,16,48,11,7,19,39,8,21,
time = 14107738
[1603278837.117500] [spartan-snowy014:10905:0]          mpool.c:43   UCX  WARN  object 0x2b8d4d73ff80 was not returned to mpool ucp_am_bufs
[1603278837.119318] [spartan-snowy013:23844:0]          mpool.c:43   UCX  WARN  object 0x2b24764f3f80 was not returned to mpool ucp_am_bufs
