1: 84,2,11,79,37,41,6,38,96,57,53,23,27,55,58,29,36,43,7,56,61,46,93,62,71,86,9,34,85,88,20,24,90,3,25,54,99,91,13,95,78,21,74,0,12,94,68,33,22,51,14,48,97,30,72,83,1,49,19,15,87,32,75,92,5,8,77,45,76,73,17,50,26,28,59,70,64,82,47,44,52,39,10,67,4,66,80,18,98,65,89,40,16,60,42,35,69,63,31,81,
2: 69,72,42,82,58,96,54,22,24,71,55,28,63,50,78,41,51,11,16,60,56,98,9,34,17,80,68,59,46,62,95,65,99,39,44,13,35,6,52,19,83,5,61,8,26,84,90,14,33,77,70,81,75,36,29,4,10,30,49,18,87,21,91,94,53,89,74,1,47,64,32,37,97,43,48,25,23,7,20,86,31,57,27,73,93,66,2,88,40,45,92,79,76,85,3,0,67,15,12,38,
3: 87,19,98,50,28,30,70,72,94,82,79,93,43,64,59,31,62,76,97,2,16,74,35,45,86,55,60,38,26,34,22,18,92,17,8,83,46,32,65,78,20,91,56,15,44,89,75,24,88,25,58,5,40,6,10,61,27,90,48,7,95,1,63,67,96,85,57,42,33,68,11,99,41,66,23,0,9,80,12,49,39,3,84,13,21,29,52,54,73,51,69,36,81,14,37,4,53,47,71,77,
4: 27,54,80,70,3,38,65,9,29,25,52,14,68,39,98,62,28,94,4,82,75,51,36,47,7,10,90,22,50,13,58,99,8,93,95,48,73,66,61,6,97,23,43,84,89,2,92,55,67,42,0,91,11,34,59,64,87,32,76,63,15,5,24,69,96,33,81,40,57,79,30,35,18,44,19,71,45,74,26,56,16,37,12,53,72,20,77,21,86,83,41,78,31,85,60,49,1,17,88,46,
5: 31,88,59,95,55,81,74,76,57,14,69,46,79,15,92,77,16,51,40,20,58,49,38,26,45,12,91,21,39,0,71,84,9,17,60,11,78,25,75,32,63,22,33,93,87,52,28,8,6,85,54,90,50,70,83,99,66,82,47,89,72,24,80,36,23,7,10,42,5,61,65,56,96,37,64,13,1,86,29,41,2,94,34,98,44,68,43,3,67,97,35,30,27,73,18,62,4,53,48,19,
6: 75,62,58,40,44,71,77,55,72,8,80,43,20,31,88,1,83,52,67,76,98,94,16,23,84,0,32,79,29,59,6,11,41,26,7,14,38,47,63,54,27,95,45,66,34,65,68,64,5,70,81,35,19,36,50,74,12,46,85,37,10,33,15,3,93,60,51,25,4,13,9,69,96,89,56,86,21,90,48,91,18,24,42,30,53,99,49,92,39,2,97,82,57,61,28,87,73,78,22,17,
7: 12,32,30,52,43,76,73,37,68,94,56,48,26,35,58,70,40,1,74,4,22,57,91,18,83,75,25,0,60,69,65,96,51,3,67,11,13,99,44,86,47,89,21,53,31,49,98,6,36,9,15,66,95,87,79,7,14,20,41,82,54,78,80,61,84,39,77,2,64,17,42,63,81,55,23,5,45,33,28,92,71,27,8,72,85,93,19,62,50,46,29,88,34,38,97,16,24,90,59,10,
8: 74,38,43,73,10,87,44,36,4,95,78,33,48,24,71,47,59,89,60,35,27,96,3,77,32,8,86,75,12,52,91,51,97,68,84,17,63,46,15,85,19,66,7,67,49,58,98,11,41,2,81,13,53,20,69,25,34,29,14,9,88,82,76,21,6,1,54,28,23,40,55,0,5,64,61,93,22,57,18,83,70,16,99,80,94,26,72,79,31,62,42,65,30,37,39,90,56,45,92,50,
9: 66,44,33,92,5,64,54,65,70,77,80,95,26,46,11,43,10,39,37,88,13,61,51,87,3,28,38,9,55,67,79,86,49,58,60,7,25,17,94,84,40,57,50,96,81,2,0,23,83,8,12,24,15,97,75,91,20,22,78,4,59,72,6,30,56,53,18,99,21,76,45,69,42,14,34,62,27,90,52,47,63,71,73,93,1,89,82,35,16,32,74,68,98,48,41,29,31,19,36,85,
10: 14,17,50,35,37,69,31,81,9,12,32,18,43,83,76,60,93,78,59,30,73,42,72,90,52,22,82,8,77,98,29,94,87,20,57,26,53,19,1,65,70,16,84,27,0,58,54,74,88,92,56,34,28,5,24,89,25,3,96,79,2,23,99,49,7,55,62,85,39,63,75,15,91,6,86,36,71,66,4,13,38,48,41,33,64,45,95,80,11,46,44,10,47,40,21,97,68,61,51,67,
11: 54,52,69,81,45,70,66,10,21,30,49,96,14,79,28,47,99,43,55,76,38,1,12,82,40,0,5,19,39,58,36,26,93,56,6,68,91,80,73,4,89,94,59,67,3,18,9,92,78,95,11,42,33,15,48,22,57,25,41,37,60,97,44,20,84,35,88,23,77,62,16,8,87,98,86,13,74,17,63,53,90,65,46,72,7,34,83,31,75,32,24,51,61,29,71,2,27,50,64,85,
12: 64,47,85,50,10,86,49,97,66,98,69,7,17,39,14,30,44,71,62,54,94,82,74,12,51,96,37,63,18,4,0,3,35,90,52,48,92,68,32,8,11,61,19,65,27,55,87,38,41,1,16,89,20,57,88,13,53,2,77,60,99,23,15,6,31,29,46,83,25,67,79,45,84,5,73,26,93,40,80,58,72,95,36,9,91,21,59,43,76,24,75,33,70,22,78,56,42,34,28,81,
13: 55,13,72,45,34,61,40,42,46,85,41,5,84,62,51,44,68,23,87,18,94,81,12,19,63,20,3,74,79,4,14,39,48,36,88,26,49,99,71,96,7,56,95,21,89,65,25,93,29,37,54,16,11,58,75,35,2,31,83,86,8,97,0,50,9,27,15,22,10,70,77,73,28,91,24,92,30,6,1,52,66,57,80,43,67,78,38,98,32,60,82,17,64,90,76,53,47,33,59,69,
14: 60,14,52,35,13,69,31,2,75,37,58,89,65,90,29,51,57,39,98,26,62,0,83,17,15,1,95,61,85,46,40,28,79,63,80,56,25,48,41,47,44,12,30,49,81,94,19,87,16,9,77,96,71,97,66,32,20,50,11,3,7,99,64,18,84,43,24,4,33,67,8,70,23,73,92,5,42,91,21,38,22,86,27,10,59,34,36,88,68,74,82,54,6,45,55,76,78,93,72,53,
15: 98,51,80,69,37,52,94,53,32,83,71,95,66,62,20,9,30,96,27,47,88,33,77,21,34,42,29,85,41,55,57,93,10,38,49,54,84,59,0,26,7,70,86,79,18,90,15,58,28,91,68,39,75,73,97,31,24,2,6,36,99,13,8,14,65,3,82,48,5,19,74,92,44,63,60,72,78,61,1,40,45,12,67,56,17,25,81,22,35,64,4,87,11,76,23,50,89,46,16,43,
16: 84,66,83,41,32,92,39,62,88,38,19,45,47,20,25,94,4,9,16,55,50,81,61,77,3,73,89,91,54,70,42,34,36,78,95,43,87,12,2,15,18,93,22,17,33,65,60,97,5,46,82,28,10,74,79,48,96,51,31,69,27,14,75,23,49,11,35,72,63,85,24,71,44,57,64,90,99,13,80,98,67,0,6,8,21,76,7,53,37,52,86,1,30,26,59,56,40,29,68,58,
17: 68,80,73,53,35,48,34,2,33,71,49,77,92,4,59,22,19,21,90,84,43,41,6,69,87,99,95,56,72,42,27,18,37,52,36,7,91,94,12,97,8,65,9,70,1,96,26,85,54,50,28,3,66,61,13,88,78,83,75,17,24,76,55,23,29,14,0,30,86,5,40,57,81,62,15,51,20,39,47,67,25,63,93,11,82,79,98,58,10,89,32,38,31,46,44,74,16,45,64,60,
18: 71,74,88,35,91,38,49,27,57,23,21,39,84,90,64,31,6,36,66,73,3,61,75,1,42,34,89,62,51,15,95,32,92,24,26,16,80,54,76,28,2,72,97,68,44,4,18,99,82,79,60,25,17,5,83,50,78,20,22,67,47,59,65,45,40,58,81,14,19,48,96,41,30,13,0,46,53,98,63,85,77,37,94,52,9,87,93,86,11,69,29,10,8,43,55,70,56,12,33,7,
19: 26,72,30,12,57,34,47,53,66,33,77,74,45,55,50,29,65,16,99,1,11,41,2,17,25,82,32,67,23,7,86,49,79,10,98,90,40,97,70,36,84,6,8,95,44,83,54,59,4,71,81,58,14,37,28,38,0,20,43,76,3,22,64,15,75,19,5,56,35,88,27,96,87,60,21,91,46,63,18,51,39,94,31,93,52,78,24,42,80,85,9,13,61,68,92,48,69,73,62,89,
20: 87,95,51,38,85,27,11,69,17,77,58,62,90,54,1,92,29,74,48,21,18,53,5,42,36,63,66,15,2,56,86,39,7,19,24,13,75,32,98,4,9,3,14,97,37,55,64,61,6,22,94,31,28,99,25,8,59,49,65,16,71,89,91,67,34,82,12,88,50,68,33,23,73,93,80,30,57,0,46,79,96,40,43,26,78,41,52,76,84,10,81,70,20,35,45,72,60,44,83,47,
21: 78,63,85,3,62,76,36,52,59,83,22,46,28,21,9,47,33,74,64,41,95,7,90,57,53,29,10,91,13,42,67,20,97,71,27,60,77,68,17,44,93,81,8,5,72,1,48,16,87,30,24,69,99,96,31,66,43,51,11,86,80,15,88,38,70,35,6,19,58,37,61,18,82,55,50,0,54,26,75,40,89,12,2,34,25,73,84,79,23,92,49,98,4,39,65,32,14,45,94,56,
22: 50,65,10,17,75,34,67,48,70,72,46,37,39,18,32,4,83,9,77,51,7,19,98,60,35,94,56,49,96,6,78,82,53,85,81,42,74,21,29,13,63,22,0,97,86,76,15,91,88,92,36,47,71,12,55,20,16,33,2,58,24,31,52,1,5,93,38,80,3,73,27,54,84,23,69,99,30,57,44,26,68,8,64,61,45,41,25,66,43,89,87,11,40,95,79,62,59,90,14,28,
23: 45,7,26,71,80,93,14,76,88,55,13,61,73,34,32,24,49,82,75,23,72,10,38,30,11,78,56,83,59,19,84,44,54,48,85,94,8,74,40,81,3,0,52,62,27,89,95,12,25,6,29,15,28,9,35,21,96,50,5,57,77,86,91,43,64,2,60,58,22,1,66,98,41,4,17,33,47,18,39,63,92,69,20,97,46,36,53,79,99,67,65,90,87,42,68,37,31,70,51,16,
24: 58,37,45,16,39,34,43,56,73,4,49,29,91,97,60,77,57,8,99,22,88,66,74,23,5,69,30,86,50,95,84,52,80,93,36,18,33,0,44,40,12,98,92,25,10,78,20,54,9,41,27,79,90,72,94,31,87,81,26,68,15,46,85,1,51,63,71,42,21,2,6,14,28,7,89,61,35,67,19,75,11,59,24,76,32,47,13,17,53,62,70,38,3,82,64,55,65,96,48,83,
25: 51,64,42,19,90,16,37,32,88,66,7,53,55,77,63,61,9,35,22,74,78,50,70,56,29,95,40,18,97,59,98,6,31,3,0,69,20,47,62,93,84,39,15,26,79,81,96,23,67,87,58,71,30,65,91,5,33,11,1,54,73,13,25,10,45,72,46,38,89,41,92,99,57,82,76,36,68,8,60,94,80,2,21,86,43,17,48,12,75,83,27,4,14,28,52,24,34,85,49,44,
26: 81,50,85,20,4,55,39,8,13,28,76,47,19,36,49,77,48,35,32,96,60,72,10,7,11,51,90,57,31,67,87,42,99,93,6,66,34,53,59,5,95,33,12,71,17,74,25,56,75,61,45,18,16,22,91,0,52,43,82,98,2,21,15,83,1,73,23,44,65,3,64,27,37,88,80,97,9,79,63,89,24,94,62,29,46,78,69,41,92,70,58,14,68,84,26,30,54,86,38,40,
27: 66,23,41,82,40,67,77,88,18,2,52,19,25,50,39,65,85,34,78,17,61,20,37,11,64,74,72,83,87,57,1,26,38,94,58,14,69,28,91,84,16,27,89,32,75,13,6,0,49,15,98,60,81,96,54,36,79,4,21,8,90,12,76,95,99,92,5,10,35,31,86,97,56,9,30,47,45,59,48,53,44,93,43,63,3,33,51,29,71,62,24,22,70,68,46,80,73,42,55,7,
28: 8,45,77,64,70,44,37,95,31,47,60,75,85,38,76,15,48,30,59,88,24,66,6,25,52,97,72,90,7,96,63,14,28,73,41,91,42,26,12,94,83,1,61,16,86,55,23,58,9,4,2,32,20,89,11,33,36,87,53,50,54,5,27,10,93,74,35,79,17,39,57,0,99,78,71,21,98,18,34,3,68,82,46,69,51,19,13,29,81,92,65,49,40,43,56,67,62,22,80,84,
29: 27,9,6,97,18,83,80,61,39,55,43,24,21,53,44,74,88,58,14,51,56,71,93,5,63,70,29,2,8,45,52,99,87,84,78,25,73,57,11,7,31,60,48,26,96,98,75,3,33,10,13,72,62,32,92,36,40,0,50,47,65,68,79,86,35,15,81,69,66,34,37,22,12,91,28,4,42,76,38,49,17,82,1,59,95,54,19,64,85,67,90,77,41,20,16,89,30,23,46,94,
30: 79,84,46,57,69,37,61,58,60,65,14,26,11,43,7,74,13,99,68,20,32,89,27,72,96,88,92,56,34,53,8,39,12,3,95,93,52,62,28,41,86,6,85,81,10,1,55,45,15,23,21,42,38,80,50,9,25,75,19,90,36,33,83,91,59,40,51,17,71,31,5,82,4,18,66,97,22,87,0,98,35,63,29,47,78,2,49,70,24,30,77,64,76,44,94,48,73,54,16,67,
31: 90,80,44,48,68,49,7,27,75,79,67,38,95,18,47,65,29,53,57,87,10,50,26,88,0,77,32,62,40,91,99,54,64,33,92,98,74,93,35,8,19,21,89,52,60,55,9,22,15,1,41,13,34,96,3,85,71,78,39,58,82,4,12,16,37,73,94,61,25,23,17,5,86,59,45,43,46,69,56,72,36,66,84,42,14,51,28,70,6,24,97,63,31,81,30,20,83,2,11,76,
32: 42,74,52,49,68,86,11,76,95,69,57,59,32,64,47,98,46,39,37,44,54,50,84,14,85,26,82,16,40,36,34,99,70,3,12,87,13,78,41,56,48,51,17,80,38,90,81,1,97,20,30,7,96,93,67,2,4,72,89,91,24,28,71,35,23,25,94,9,33,43,15,10,45,58,60,62,73,65,8,77,31,83,18,21,79,66,92,6,22,29,53,5,27,61,63,19,75,55,88,0,
33: 35,58,38,90,46,16,99,92,87,67,55,74,4,20,60,24,66,97,6,44,28,68,59,89,23,78,12,53,25,22,91,86,84,65,34,10,13,33,48,79,54,11,73,21,64,62,41,32,8,93,7,69,15,94,57,3,17,31,26,80,2,77,63,9,40,36,56,96,83,0,76,29,37,5,18,27,95,14,19,81,52,75,51,72,39,98,50,71,61,1,88,70,45,42,85,49,47,30,43,82,
34: 25,90,49,62,13,68,47,60,81,71,50,31,0,7,82,89,77,95,46,65,58,93,52,88,6,43,23,16,35,96,40,30,51,75,37,99,1,87,83,61,14,36,97,79,73,45,2,59,10,70,98,86,63,28,3,21,19,29,8,38,27,67,78,32,54,66,57,5,91,74,84,56,26,15,18,34,9,24,4,20,64,94,80,22,76,17,72,33,41,44,42,39,11,53,55,12,92,48,85,69,
35: 53,77,52,39,45,4,29,62,57,54,70,65,99,51,96,86,79,83,64,48,94,73,37,81,20,15,93,25,0,21,9,78,38,27,55,26,95,42,75,63,67,10,46,14,24,2,28,50,8,17,98,84,40,92,68,32,90,97,41,91,13,11,80,12,19,87,59,23,30,89,71,6,36,82,69,49,88,43,18,60,5,66,47,1,7,33,31,16,85,76,3,58,34,44,22,56,74,35,61,72,
36: 37,63,76,87,48,15,6,82,80,67,86,31,72,53,36,18,39,5,51,44,61,28,52,62,93,70,22,79,84,95,49,92,40,50,7,90,0,65,97,14,58,21,78,64,13,88,99,56,29,2,81,8,98,3,19,66,12,42,24,85,89,9,96,30,77,43,38,4,45,23,17,69,74,41,20,91,75,71,54,94,73,55,33,26,16,1,57,10,46,68,11,35,27,34,83,47,59,25,32,60,
37: 20,50,71,55,27,76,39,37,96,24,60,57,84,64,48,52,75,4,56,82,3,31,14,63,25,41,11,53,81,85,35,38,44,69,89,12,97,6,77,93,43,16,87,17,86,40,70,61,80,1,22,99,7,94,36,8,23,65,42,5,59,32,51,98,18,92,72,30,26,2,95,21,33,73,10,68,13,47,91,9,45,90,62,28,19,49,34,66,54,46,78,67,83,79,88,15,74,29,58,0,
38: 60,65,54,73,99,35,44,0,26,37,13,30,12,55,90,59,43,40,80,48,42,16,96,86,63,83,67,84,3,97,14,7,29,87,58,56,45,11,51,19,46,81,1,47,69,91,32,5,62,6,23,34,2,88,15,89,21,93,49,38,22,27,72,33,79,10,4,78,53,68,24,8,28,75,61,64,66,18,85,77,74,52,98,95,92,31,82,36,70,94,50,39,20,71,57,76,9,41,17,25,
39: 48,72,58,91,95,60,32,73,78,24,97,29,17,57,30,34,96,59,56,49,44,98,33,43,85,62,19,36,50,23,53,38,68,18,93,8,26,13,83,3,65,94,42,82,2,51,11,14,75,77,27,7,64,84,89,46,99,90,87,0,92,71,76,9,67,28,1,55,22,70,45,88,31,15,21,61,16,5,35,10,40,80,52,63,79,69,20,37,54,41,39,6,66,25,47,74,12,86,4,81,
40: 27,50,47,98,94,10,81,19,62,43,61,35,77,26,45,84,49,83,54,69,75,53,28,37,86,44,78,91,16,18,25,92,76,5,8,29,32,80,64,14,97,70,52,2,31,12,30,9,95,17,4,89,87,56,39,6,72,55,58,23,13,60,79,93,41,73,59,82,24,51,90,63,7,46,96,11,21,0,48,36,1,3,68,20,88,66,38,42,71,33,99,67,22,40,85,74,34,57,15,65,
41: 23,12,56,74,5,36,91,48,68,71,29,55,52,99,30,15,53,16,57,44,7,72,35,49,14,75,64,79,34,98,85,67,20,38,31,2,50,10,81,96,88,9,54,17,66,22,39,82,6,76,32,83,4,95,84,63,90,42,86,19,70,33,27,25,73,89,47,1,11,18,87,51,92,28,37,78,94,46,26,24,3,0,97,59,40,77,65,62,45,93,41,80,58,43,8,21,13,61,69,60,
42: 36,83,35,70,48,14,38,67,50,61,69,60,86,21,3,99,39,43,65,53,55,92,46,96,42,24,76,23,15,17,75,0,16,90,54,64,40,27,19,95,81,87,73,68,7,56,44,63,78,28,4,79,91,29,31,77,94,6,98,80,20,32,89,49,1,57,12,22,13,88,82,62,37,34,71,41,59,84,58,52,93,74,5,25,8,85,18,72,9,51,47,97,33,10,2,11,66,45,26,30,
43: 27,25,62,47,94,85,57,38,71,64,43,28,60,49,51,1,59,15,74,68,98,10,63,11,97,84,18,31,40,4,56,36,82,16,54,69,46,99,77,13,20,6,70,65,55,14,88,7,32,17,95,23,3,48,30,22,96,72,93,66,45,79,19,86,42,90,37,29,2,9,78,87,81,73,21,89,34,67,5,75,83,80,61,8,39,91,52,50,12,33,92,44,41,24,0,76,35,53,26,58,
44: 29,59,85,80,41,44,67,62,1,47,69,77,82,8,3,66,12,51,34,99,94,32,53,27,14,65,95,24,74,93,36,2,52,56,75,97,63,20,88,39,21,6,87,48,0,70,79,57,7,37,30,19,43,83,89,17,54,10,13,23,4,45,61,11,92,40,81,91,28,42,96,84,5,25,86,22,16,26,15,58,72,90,68,55,35,31,71,64,46,50,18,78,9,38,60,49,98,33,76,73,
45: 41,46,3,36,52,61,75,90,55,84,42,48,73,13,28,97,93,83,15,70,8,49,68,21,47,2,32,35,59,82,50,85,54,16,4,19,99,95,27,1,79,62,91,33,31,5,96,20,44,58,80,17,9,57,45,23,67,60,30,78,86,12,10,76,98,18,25,92,37,51,87,65,26,40,89,39,69,38,6,81,24,66,14,88,11,63,22,94,53,64,71,43,29,34,0,74,72,77,56,7,
46: 2,31,88,94,55,76,89,57,53,28,63,38,46,22,30,26,86,60,81,74,19,49,11,20,92,79,36,13,0,47,35,75,23,18,54,39,12,61,25,87,99,42,8,78,34,41,95,6,80,62,73,97,4,16,3,96,59,15,98,21,67,82,68,71,48,10,83,27,90,40,52,14,7,37,43,70,24,91,51,56,9,32,50,64,77,65,33,5,58,29,1,69,45,85,44,93,84,17,72,66,
47: 74,60,21,7,84,77,72,91,85,59,43,2,33,35,55,98,94,99,46,27,13,63,29,48,0,38,1,28,31,41,30,54,9,81,52,19,14,95,49,88,69,51,15,37,78,90,26,73,18,79,8,89,87,3,11,75,70,97,47,96,42,16,86,10,17,92,71,62,53,67,34,32,40,61,57,4,20,64,12,44,39,80,25,23,76,66,22,83,50,58,56,24,82,6,68,5,93,36,65,45,
48: 73,63,82,41,38,44,34,24,7,62,18,94,91,97,61,47,79,68,32,22,31,1,11,36,5,0,57,19,40,65,74,46,98,12,64,17,60,86,78,9,95,48,30,4,69,72,10,13,21,50,87,80,45,8,75,3,23,99,54,27,6,96,53,28,70,88,43,26,77,89,92,90,66,15,58,93,76,37,2,29,20,67,51,59,55,42,33,39,85,52,35,16,14,83,56,25,81,84,49,71,
49: 84,13,43,0,3,90,96,54,89,97,48,40,17,83,36,18,22,37,51,88,60,73,78,12,47,15,50,25,70,45,16,10,92,59,87,85,75,64,26,31,49,99,24,34,38,30,77,72,55,81,5,9,39,57,19,2,6,65,94,20,79,7,80,27,1,93,62,67,98,44,71,82,14,35,42,56,53,11,21,33,63,76,95,4,86,8,46,28,58,61,74,69,41,32,68,23,52,29,91,66,
50: 67,49,43,57,79,66,88,36,53,14,86,58,45,22,4,59,24,70,33,87,2,44,64,41,38,16,1,76,80,92,62,17,27,91,5,18,95,0,72,52,12,25,99,42,83,69,89,98,84,6,90,7,30,3,85,71,37,31,20,94,15,61,56,48,74,68,11,9,75,28,50,19,40,8,96,26,97,46,51,23,29,34,13,81,21,73,82,47,77,65,60,78,93,54,10,35,32,55,39,63,
51: 30,77,52,40,67,44,62,28,78,43,32,42,57,33,79,68,24,55,70,51,94,5,10,87,53,91,80,54,61,19,98,0,34,26,4,2,60,83,35,99,75,92,3,84,20,22,59,18,12,7,90,23,47,39,97,56,1,73,17,64,96,46,36,82,71,15,89,50,11,25,49,86,37,27,16,93,63,45,74,8,21,14,9,29,65,85,48,76,66,69,41,38,58,31,88,13,95,72,6,81,
52: 53,69,11,17,47,89,52,86,73,50,57,41,4,96,42,23,85,78,31,16,22,45,1,60,74,5,64,49,15,91,33,30,87,0,38,68,14,25,6,79,94,67,3,63,20,90,27,98,83,88,82,93,71,36,26,44,92,39,13,84,54,72,77,34,10,65,59,8,58,19,76,7,35,18,95,29,62,51,37,70,12,21,40,2,80,28,81,99,48,66,75,56,97,24,46,32,9,61,55,43,
53: 55,64,8,70,62,79,88,72,61,50,97,60,25,47,85,38,75,63,82,45,7,21,27,96,10,56,42,35,17,58,26,91,22,30,4,9,69,84,90,31,3,20,74,24,2,5,40,57,28,53,93,99,36,65,29,23,71,0,78,98,95,11,80,34,81,12,68,66,6,46,77,59,41,92,18,48,32,86,54,14,37,43,13,76,1,83,89,33,52,67,51,73,19,94,15,44,87,49,16,39,
54: 65,58,31,90,41,32,46,84,55,16,19,94,62,68,95,20,33,51,49,77,91,57,81,5,7,79,71,60,48,61,52,1,4,6,86,37,85,36,15,17,96,53,9,69,13,73,34,88,38,97,8,3,27,18,54,14,10,87,44,83,0,99,26,56,89,76,74,43,24,30,64,12,67,22,11,98,47,21,59,66,42,82,45,72,80,40,29,2,92,63,23,70,39,35,78,75,93,50,28,25,
55: 69,44,23,36,59,79,32,71,49,39,10,0,24,47,87,90,65,63,96,13,57,53,85,99,80,77,35,86,6,43,40,56,51,26,16,21,5,14,30,4,88,45,92,42,83,17,33,20,18,67,48,46,1,84,55,3,62,8,41,72,76,58,29,27,9,89,73,94,28,98,93,91,22,75,2,66,81,31,52,54,12,25,50,68,37,64,82,95,78,70,74,38,34,7,97,61,19,15,60,11,
56: 38,64,67,94,35,22,39,26,85,91,71,25,84,21,49,47,70,61,92,5,60,32,13,27,83,51,76,19,90,29,58,9,11,31,14,81,75,46,98,15,42,16,43,30,54,88,62,77,73,6,63,69,99,82,23,4,93,72,17,79,55,97,86,56,7,3,89,12,57,40,52,34,0,95,18,96,41,80,50,8,10,65,59,1,78,68,44,53,24,74,37,87,2,66,20,28,36,48,33,45,
57: 95,25,34,46,9,23,28,30,4,0,76,69,57,50,11,63,35,29,47,70,81,60,84,12,7,2,93,52,59,94,45,67,1,6,75,85,20,53,14,37,8,58,88,64,96,99,27,80,54,5,17,98,31,97,40,13,90,56,3,79,24,65,89,51,71,43,19,78,68,72,18,66,10,87,83,22,15,38,33,92,74,82,42,49,26,44,32,61,16,39,77,21,41,73,48,36,86,62,55,91,
58: 47,52,91,42,88,98,44,79,63,89,75,55,53,1,77,22,20,51,39,69,81,35,57,66,14,26,28,93,85,4,13,59,31,97,30,32,12,40,56,84,29,21,74,3,92,99,76,33,71,10,67,49,8,72,94,19,2,86,68,96,23,54,11,36,18,70,45,41,16,95,62,43,6,60,82,90,5,83,46,17,24,48,25,38,65,27,9,0,73,58,37,61,50,64,78,15,87,34,80,7,
59: 61,25,38,76,46,40,15,52,29,71,3,91,58,78,81,68,33,56,66,44,49,43,30,12,47,96,67,5,32,72,82,59,83,73,93,54,39,1,95,86,8,10,2,19,23,27,64,31,50,16,7,84,65,79,42,11,26,88,90,75,14,24,6,55,98,85,60,41,13,18,97,36,4,74,89,28,53,0,63,9,80,92,69,45,20,57,37,77,17,35,21,87,99,51,22,70,62,34,48,94,
60: 38,76,79,36,58,0,53,69,60,66,51,16,88,31,21,64,67,2,97,32,68,15,43,19,24,33,4,25,57,49,89,6,75,72,61,96,86,13,29,73,80,14,95,74,99,37,48,82,18,77,10,22,17,83,98,87,45,40,55,39,84,78,9,62,8,28,52,23,42,91,71,3,56,35,93,65,11,34,90,94,47,85,92,26,12,7,63,27,81,70,1,44,46,41,30,59,20,5,50,54,
61: 91,94,52,84,27,88,10,17,30,3,42,48,51,62,75,12,2,15,64,28,38,57,98,83,13,45,89,41,58,69,71,59,16,6,50,36,60,39,92,65,99,20,4,85,78,74,33,82,54,25,67,14,95,19,26,55,8,40,23,86,72,5,87,22,77,70,7,49,1,44,73,29,93,80,9,24,18,31,46,32,47,96,81,63,53,66,97,34,79,37,35,21,0,43,11,90,56,61,68,76,
62: 63,2,88,20,33,62,50,78,12,94,24,67,60,3,75,66,96,41,34,77,72,28,91,87,30,45,68,0,54,99,16,13,37,71,74,1,38,84,5,23,36,10,85,73,15,32,22,6,51,70,11,69,97,81,53,86,19,98,43,52,58,26,4,35,7,80,49,21,79,17,14,9,42,92,82,27,76,89,55,57,25,61,95,93,40,8,39,44,83,64,48,46,31,29,56,59,47,65,90,18,
63: 56,45,67,61,57,47,14,83,40,42,15,29,90,64,41,60,80,91,48,76,27,18,65,1,93,53,97,16,37,50,23,55,95,70,3,9,2,33,69,19,17,26,88,25,38,0,34,51,49,24,62,87,63,82,6,78,43,92,71,54,85,31,81,73,86,99,28,7,4,59,84,30,32,20,11,46,8,94,13,58,36,44,74,22,5,39,77,35,52,72,89,75,68,66,96,98,10,21,79,12,
64: 95,55,16,68,8,79,70,25,47,81,50,42,36,86,2,67,24,28,44,56,69,40,17,65,34,94,85,75,5,62,53,15,76,91,64,32,18,93,11,74,45,82,78,71,99,7,35,98,22,43,19,21,48,80,88,13,54,89,1,97,72,51,12,84,63,14,0,59,39,37,10,6,87,30,96,3,92,9,57,26,73,90,27,38,20,31,66,41,29,33,49,58,23,4,60,46,52,61,83,77,
65: 73,35,20,40,65,22,12,67,82,78,4,57,74,97,39,50,59,33,77,95,15,76,94,11,23,38,45,31,49,69,53,36,79,84,30,44,89,51,8,63,21,85,18,81,86,6,48,54,34,0,91,5,83,98,27,88,16,72,80,17,61,1,42,93,2,92,14,96,55,62,26,13,19,47,29,37,66,60,28,71,90,46,10,32,9,24,75,99,70,87,43,58,56,52,25,41,64,3,7,68,
66: 64,95,54,34,84,46,48,55,14,52,98,70,6,32,83,10,62,19,53,23,7,9,12,44,92,61,49,82,45,85,77,63,16,67,56,60,66,1,3,37,15,2,79,17,21,25,4,30,75,0,89,59,20,69,80,27,35,11,78,28,93,42,58,41,74,47,13,91,24,76,36,99,29,40,88,5,65,8,96,50,39,18,73,94,87,71,86,72,81,90,38,26,97,33,57,68,22,43,51,31,
67: 77,17,69,21,23,26,79,31,20,45,54,4,68,61,15,78,91,83,22,47,94,99,90,93,44,40,85,74,41,62,19,53,55,65,5,0,97,33,75,64,43,67,39,12,28,18,84,6,25,95,11,9,63,98,2,72,3,66,37,35,89,27,92,16,71,60,30,73,50,52,8,51,57,36,88,1,76,82,32,10,48,24,49,70,59,34,96,81,58,87,14,46,7,13,80,29,38,42,86,56,
68: 30,68,39,12,91,59,79,9,42,66,73,24,78,85,58,6,62,22,37,41,32,13,72,64,19,77,54,31,61,27,90,46,87,7,65,2,92,14,67,26,8,1,3,33,29,48,45,10,84,63,89,86,49,69,25,80,11,99,23,15,56,5,82,44,4,88,74,43,18,95,34,98,20,94,52,55,51,47,40,21,53,60,93,71,0,36,96,70,57,28,83,75,17,38,76,81,50,97,16,35,
69: 48,91,51,77,93,37,22,26,35,20,44,84,40,9,54,59,1,85,8,80,61,52,72,92,12,97,56,31,29,71,42,3,27,95,69,89,81,10,7,28,45,79,18,66,43,39,25,2,94,86,16,5,17,78,57,23,65,49,55,11,67,75,70,96,24,58,53,34,21,47,13,41,33,83,36,32,62,14,99,19,60,64,88,98,30,87,4,46,63,73,90,82,74,15,50,76,0,68,6,38,
70: 22,35,80,66,16,19,96,31,48,5,45,94,54,75,90,3,44,67,72,55,71,46,61,97,93,40,74,68,4,81,34,26,15,12,27,8,95,39,41,33,83,98,47,63,2,14,79,85,29,0,37,11,6,20,86,64,62,57,84,89,91,9,24,52,17,36,56,59,10,28,1,78,99,23,87,18,51,32,77,13,65,49,92,53,70,82,42,7,25,69,88,21,58,50,30,73,60,38,43,76,
71: 28,71,63,42,38,32,49,4,81,67,58,29,88,34,2,87,17,41,13,66,37,72,51,16,59,44,52,96,84,97,85,98,74,78,56,47,10,15,18,75,11,91,83,6,76,60,46,23,61,48,9,40,90,43,21,92,5,62,26,20,7,33,45,8,70,95,0,19,53,77,25,80,86,14,27,35,12,31,89,1,82,54,22,99,94,55,93,68,39,24,69,57,30,79,50,3,65,36,73,64,
72: 94,64,42,79,68,48,58,82,29,11,69,76,92,84,49,81,60,8,97,30,28,18,25,15,47,61,32,7,67,1,44,10,87,33,66,91,4,88,45,59,41,14,57,85,89,12,56,9,36,24,20,3,83,40,80,6,22,98,86,55,46,95,99,75,77,23,70,2,63,52,39,19,35,78,96,65,16,0,71,53,62,27,31,37,93,26,51,43,17,21,34,38,73,54,72,50,90,74,5,13,
73: 66,21,43,55,80,15,64,29,38,71,6,57,20,16,3,58,44,4,65,34,83,72,40,63,89,50,53,24,78,52,99,10,69,94,22,17,13,70,76,81,95,9,25,67,60,49,39,8,23,12,86,45,91,88,0,56,7,35,31,28,5,27,54,19,36,96,73,48,82,59,68,51,46,90,79,30,75,1,62,92,32,87,41,26,33,14,97,37,42,84,18,11,77,93,85,2,98,61,74,47,
74: 34,51,64,22,65,31,82,17,13,55,10,60,50,84,1,48,74,57,36,20,18,24,38,77,49,69,96,29,81,88,47,15,43,14,27,44,8,61,5,54,19,16,11,6,85,90,75,78,62,92,32,73,87,42,30,59,95,23,7,91,46,26,98,71,37,2,72,45,21,99,93,83,4,63,28,3,56,97,70,67,25,66,9,40,35,79,0,58,52,41,86,53,89,33,68,94,12,80,39,76,
75: 10,51,7,59,36,87,84,94,42,52,18,71,47,19,82,27,81,0,90,67,40,63,69,50,76,29,13,89,39,86,99,33,2,22,11,53,35,75,30,72,38,15,95,5,41,24,85,60,17,25,96,70,20,26,45,64,46,57,80,34,3,9,92,79,58,93,73,88,8,98,48,6,56,37,31,14,77,91,28,16,97,23,68,65,43,78,74,54,83,55,62,32,44,1,4,66,49,12,61,21,
76: 94,74,59,44,63,72,21,38,43,41,34,98,62,75,35,85,39,53,71,64,91,7,82,78,58,89,70,33,15,24,73,8,5,40,0,3,69,19,68,13,18,81,51,23,27,97,2,17,11,42,99,61,28,79,25,84,16,45,4,31,87,46,65,6,55,32,50,9,30,77,14,60,36,48,12,10,96,67,95,20,1,80,76,83,86,66,90,88,93,54,47,22,37,52,92,29,57,26,56,49,
77: 87,45,62,51,76,31,72,38,92,79,64,52,37,48,61,58,69,54,89,57,50,78,21,6,82,26,5,63,32,15,99,19,59,25,28,81,33,98,46,91,7,14,24,67,13,68,96,49,66,3,22,16,65,86,2,97,30,71,47,34,44,73,39,18,1,43,85,74,11,75,12,93,40,53,20,36,27,80,88,4,29,17,10,35,84,70,95,83,9,42,77,41,90,55,8,0,60,23,56,94,
78: 76,29,83,30,49,91,28,39,56,71,26,67,59,82,40,73,41,51,10,31,3,34,20,2,98,48,35,62,17,50,93,8,65,69,33,75,7,19,0,13,92,42,84,72,14,4,63,96,36,87,1,94,38,99,23,74,6,12,61,55,57,79,37,68,27,89,32,25,78,47,90,77,9,66,46,86,11,58,43,22,95,5,21,24,44,15,70,54,16,53,80,64,45,88,85,18,81,97,52,60,
79: 29,86,22,71,15,80,28,40,52,63,93,51,69,19,61,58,25,95,50,42,6,33,73,20,24,3,65,75,27,30,47,26,48,46,98,10,91,55,99,43,74,68,11,23,54,81,83,97,2,21,14,70,90,35,13,1,9,78,88,94,44,8,53,87,79,31,39,41,38,17,66,12,62,60,4,36,18,45,85,34,82,57,76,7,0,64,89,72,96,77,67,16,5,32,37,84,56,59,49,92,
80: 89,35,54,20,99,56,94,71,41,29,25,82,40,4,19,12,97,66,36,93,95,74,15,79,70,61,38,13,91,58,75,31,43,73,64,39,7,45,10,2,17,51,23,87,47,72,78,3,5,22,92,9,14,96,1,80,34,88,26,98,81,48,69,77,59,16,55,65,52,49,0,67,27,86,53,21,46,83,32,18,28,33,6,84,60,68,30,24,37,63,11,57,42,62,76,85,8,50,90,44,
81: 22,80,61,66,34,31,47,71,91,24,35,50,48,84,0,73,64,60,1,13,96,29,4,18,68,45,86,7,93,74,72,16,44,67,81,32,55,46,99,85,2,90,20,14,79,19,97,39,53,40,83,8,70,3,78,11,23,33,17,52,59,75,10,21,95,9,38,88,57,76,25,37,62,12,43,77,6,65,51,28,26,87,5,58,36,69,89,98,92,49,15,27,56,54,94,82,30,42,63,41,
82: 33,87,84,74,38,62,32,30,50,71,73,28,44,61,83,90,46,36,0,63,29,52,6,24,60,77,19,97,94,96,91,89,4,13,99,95,40,66,12,92,86,27,85,21,56,34,41,14,42,55,16,9,17,58,1,53,15,82,37,35,80,68,45,18,78,10,51,67,81,3,39,22,64,25,11,43,2,93,65,49,98,20,79,8,48,31,26,5,76,70,23,47,7,54,69,57,59,88,75,72,
83: 51,74,34,4,60,62,20,24,31,48,91,88,59,93,64,43,26,72,58,79,1,12,70,29,39,41,23,92,46,21,83,7,95,99,80,44,32,98,50,5,81,66,27,65,71,15,0,90,17,82,37,75,94,28,36,38,85,68,89,52,10,87,56,42,22,73,96,6,16,14,47,11,25,76,69,35,40,57,2,30,84,13,18,61,97,19,54,49,45,33,63,77,3,9,78,8,67,86,53,55,
84: 18,7,33,96,40,70,44,29,52,38,60,57,75,97,99,56,49,73,93,64,59,32,26,77,9,37,41,4,79,86,82,89,92,21,43,11,19,72,20,58,65,0,42,71,91,6,10,48,28,12,16,45,94,83,3,25,47,15,90,85,68,95,54,84,66,78,61,87,14,17,63,88,22,35,30,80,2,76,62,13,8,50,39,69,1,81,46,55,53,36,27,31,34,74,67,98,23,5,51,24,
85: 20,37,99,45,51,12,38,46,86,60,82,41,97,19,66,68,83,32,67,85,93,42,5,73,17,34,64,70,61,31,58,48,14,0,22,4,11,77,72,96,2,30,39,55,88,71,18,65,79,95,27,6,63,47,53,7,26,98,87,15,24,75,40,13,29,10,56,91,78,92,89,69,94,44,54,3,35,9,52,84,80,57,36,8,21,23,81,50,74,62,16,59,49,33,1,76,25,28,90,43,
86: 49,25,32,3,42,72,98,51,9,26,0,92,47,12,39,61,96,45,34,71,27,86,41,97,7,81,2,15,13,65,70,40,66,83,88,37,87,33,75,54,99,67,31,5,21,93,64,58,35,91,79,18,84,14,48,59,24,4,30,52,73,82,6,11,23,62,78,19,17,22,80,53,77,8,94,56,90,20,1,63,55,38,36,89,50,43,46,95,57,28,85,10,29,44,68,74,69,60,76,16,
87: 57,93,71,66,40,47,59,88,42,58,33,43,74,97,90,81,18,89,2,69,29,45,41,84,44,30,38,49,83,24,95,6,8,85,63,12,25,22,79,54,87,19,9,91,35,17,0,53,92,60,64,31,98,34,70,80,82,1,65,99,20,13,10,26,37,16,67,46,3,14,62,27,36,72,4,28,15,77,52,96,5,68,39,76,21,7,51,55,78,50,73,11,23,75,32,61,94,56,86,48,
88: 53,49,38,52,95,36,91,65,43,97,92,22,26,67,48,75,29,88,82,46,50,25,87,35,68,5,81,44,24,31,63,30,71,10,90,76,41,79,84,40,77,27,15,32,96,69,2,73,11,42,28,59,21,62,99,1,8,17,74,78,3,89,56,86,19,47,61,9,93,98,18,37,13,23,12,14,6,58,66,85,7,57,16,80,0,83,39,55,45,34,51,4,54,64,94,70,60,33,72,20,
89: 78,95,37,96,53,97,19,43,61,39,51,69,67,17,42,75,60,24,65,33,83,3,15,94,25,91,74,50,18,86,76,0,59,85,90,73,34,5,56,20,48,84,87,30,28,77,88,35,10,16,1,4,32,93,8,52,45,9,29,81,63,31,57,22,89,40,71,66,6,80,99,92,49,2,7,11,21,55,26,64,46,12,38,98,47,27,41,79,82,62,54,23,36,72,68,44,13,58,70,14,
90: 44,35,72,51,78,17,29,86,2,61,75,19,26,96,9,71,52,41,31,38,63,0,95,20,10,42,84,67,97,79,7,14,70,58,43,36,28,13,99,80,1,21,23,64,16,34,93,12,55,48,56,69,91,46,22,92,76,4,15,59,88,77,49,18,66,94,6,37,32,27,54,98,3,83,47,90,25,11,45,8,33,24,85,87,5,81,40,65,57,74,50,53,30,68,82,39,62,60,89,73,
time = 162312061
[1603279002.920560] [spartan-snowy014:11464:0]          mpool.c:43   UCX  WARN  object 0x2b7039c99f80 was not returned to mpool ucp_am_bufs
[1603279002.925265] [spartan-snowy013:24657:0]          mpool.c:43   UCX  WARN  object 0x2af1e3399f80 was not returned to mpool ucp_am_bufs
