1: 3,7,4,2,0,6,1,5,
2: 7,2,0,5,1,4,6,3,
3: 2,4,1,7,0,6,3,5,
4: 6,2,0,5,7,4,1,3,
5: 5,2,4,7,0,3,1,6,
6: 0,6,3,5,7,1,4,2,
7: 1,6,4,7,0,3,5,2,
8: 5,1,6,0,3,7,4,2,
9: 5,2,0,7,4,1,3,6,
10: 4,6,3,0,2,7,5,1,
11: 2,6,1,7,4,0,3,5,
12: 2,4,6,0,3,1,7,5,
13: 3,1,6,2,5,7,0,4,
14: 4,7,3,0,2,5,1,6,
15: 4,1,3,5,7,2,0,6,
16: 7,3,0,2,5,1,6,4,
17: 3,5,7,2,0,6,4,1,
18: 4,6,1,5,2,0,7,3,
19: 3,5,7,1,6,0,2,4,
20: 6,2,7,1,4,0,5,3,
21: 5,7,1,3,0,6,4,2,
22: 4,2,0,5,7,1,3,6,
23: 4,6,0,3,1,7,5,2,
24: 4,0,7,5,2,6,1,3,
25: 2,5,1,6,0,3,7,4,
26: 4,6,1,5,2,0,3,7,
27: 1,4,6,0,2,7,5,3,
28: 5,3,6,0,2,4,1,7,
29: 2,5,1,6,4,0,7,3,
30: 7,1,4,2,0,6,3,5,
31: 3,6,4,1,5,0,2,7,
32: 5,0,4,1,7,2,6,3,
33: 0,6,4,7,1,3,5,2,
34: 6,1,5,2,0,3,7,4,
35: 3,5,0,4,1,7,2,6,
36: 5,2,6,1,7,4,0,3,
37: 3,0,4,7,1,6,2,5,
38: 3,7,0,2,5,1,6,4,
39: 4,2,0,6,1,7,5,3,
40: 2,5,7,1,3,0,6,4,
41: 4,6,0,2,7,5,3,1,
42: 2,5,3,0,7,4,6,1,
43: 1,5,7,2,0,3,6,4,
44: 3,1,7,5,0,2,4,6,
45: 1,4,6,3,0,7,5,2,
46: 2,5,7,0,3,6,4,1,
47: 6,3,1,4,7,0,2,5,
48: 5,2,0,7,3,1,6,4,
49: 0,4,7,5,2,6,1,3,
50: 3,1,4,7,5,0,2,6,
51: 2,4,1,7,5,3,6,0,
52: 3,6,0,7,4,1,5,2,
53: 2,5,7,0,4,6,1,3,
54: 5,1,6,0,2,4,7,3,
55: 2,5,3,1,7,4,6,0,
56: 4,7,3,0,6,1,5,2,
57: 5,2,0,6,4,7,1,3,
58: 2,5,1,4,7,0,6,3,
59: 3,6,4,2,0,5,7,1,
60: 5,3,0,4,7,1,6,2,
61: 0,5,7,2,6,3,1,4,
62: 4,1,5,0,6,3,7,2,
63: 3,1,6,4,0,7,5,2,
64: 4,0,3,5,7,1,6,2,
65: 7,1,3,0,6,4,2,5,
66: 6,3,1,7,5,0,2,4,
67: 4,6,1,3,7,0,2,5,
68: 2,6,1,7,5,3,0,4,
69: 4,2,7,3,6,0,5,1,
70: 3,6,2,7,1,4,0,5,
71: 3,7,0,4,6,1,5,2,
72: 6,1,3,0,7,4,2,5,
73: 3,1,6,2,5,7,4,0,
74: 4,0,7,3,1,6,2,5,
75: 6,4,2,0,5,7,1,3,
76: 1,3,5,7,2,0,6,4,
77: 5,2,4,6,0,3,1,7,
78: 6,0,2,7,5,3,1,4,
79: 3,1,7,4,6,0,2,5,
80: 2,0,6,4,7,1,3,5,
81: 5,3,6,0,7,1,4,2,
82: 5,3,1,7,4,6,0,2,
83: 3,0,4,7,5,2,6,1,
84: 4,1,7,0,3,6,2,5,
85: 2,7,3,6,0,5,1,4,
86: 4,1,3,6,2,7,5,0,
87: 5,2,6,1,3,7,0,4,
88: 1,5,0,6,3,7,2,4,
89: 5,2,6,3,0,7,1,4,
90: 2,4,7,3,0,6,1,5,
time = 203502
[1603278822.057398] [spartan-snowy014:10839:0]          mpool.c:43   UCX  WARN  object 0x2b5ed0bd2f80 was not returned to mpool ucp_am_bufs
[1603278822.059916] [spartan-snowy013:23776:0]          mpool.c:43   UCX  WARN  object 0x2af6e7c9ff80 was not returned to mpool ucp_am_bufs
