1: 4,0,7,5,2,6,1,3,
2: 5,1,6,0,3,7,4,2,
3: 4,6,3,0,2,7,5,1,
4: 7,3,0,2,5,1,6,4,
5: 4,6,1,5,2,0,7,3,
6: 5,7,1,3,0,6,4,2,
7: 6,2,0,5,7,4,1,3,
8: 3,1,6,2,5,7,0,4,
9: 4,2,0,5,7,1,3,6,
10: 2,5,1,6,0,3,7,4,
11: 1,4,6,0,2,7,5,3,
12: 5,3,6,0,2,4,1,7,
13: 3,6,4,1,5,0,2,7,
14: 6,2,7,1,4,0,5,3,
15: 6,1,5,2,0,3,7,4,
16: 3,5,0,4,1,7,2,6,
17: 5,2,6,1,7,4,0,3,
18: 5,0,4,1,7,2,6,3,
19: 3,7,0,2,5,1,6,4,
20: 2,5,7,1,3,0,6,4,
21: 4,6,0,2,7,5,3,1,
22: 2,5,3,0,7,4,6,1,
23: 4,2,0,6,1,7,5,3,
24: 1,5,7,2,0,3,6,4,
25: 2,5,7,0,3,6,4,1,
26: 7,1,4,2,0,6,3,5,
27: 6,3,1,4,7,0,2,5,
28: 5,2,0,7,3,1,6,4,
29: 5,2,4,7,0,3,1,6,
30: 0,4,7,5,2,6,1,3,
31: 3,0,4,7,1,6,2,5,
32: 3,1,4,7,5,0,2,6,
33: 4,7,3,0,2,5,1,6,
34: 2,4,1,7,5,3,6,0,
35: 3,6,0,7,4,1,5,2,
36: 2,5,7,0,4,6,1,3,
37: 7,2,0,5,1,4,6,3,
38: 5,1,6,0,2,4,7,3,
39: 2,5,3,1,7,4,6,0,
40: 4,7,3,0,6,1,5,2,
41: 1,4,6,3,0,7,5,2,
42: 5,2,0,6,4,7,1,3,
43: 2,5,1,4,7,0,6,3,
44: 3,6,4,2,0,5,7,1,
45: 5,3,0,4,7,1,6,2,
46: 0,5,7,2,6,3,1,4,
47: 0,6,4,7,1,3,5,2,
48: 4,1,5,0,6,3,7,2,
49: 3,1,6,4,0,7,5,2,
50: 4,1,3,5,7,2,0,6,
51: 3,1,7,5,0,2,4,6,
52: 4,0,3,5,7,1,6,2,
53: 3,5,7,1,6,0,2,4,
54: 7,1,3,0,6,4,2,5,
55: 6,3,1,7,5,0,2,4,
56: 4,6,1,3,7,0,2,5,
57: 2,6,1,7,5,3,0,4,
58: 4,2,7,3,6,0,5,1,
59: 3,6,2,7,1,4,0,5,
60: 5,2,0,7,4,1,3,6,
61: 0,6,3,5,7,1,4,2,
62: 3,7,0,4,6,1,5,2,
63: 1,6,4,7,0,3,5,2,
64: 6,1,3,0,7,4,2,5,
65: 3,5,7,2,0,6,4,1,
66: 3,1,6,2,5,7,4,0,
67: 4,6,0,3,1,7,5,2,
68: 4,0,7,3,1,6,2,5,
69: 2,5,1,6,4,0,7,3,
70: 6,4,2,0,5,7,1,3,
71: 1,3,5,7,2,0,6,4,
72: 2,4,1,7,0,6,3,5,
73: 2,4,6,0,3,1,7,5,
74: 5,2,4,6,0,3,1,7,
75: 6,0,2,7,5,3,1,4,
76: 3,1,7,4,6,0,2,5,
77: 2,6,1,7,4,0,3,5,
78: 5,2,6,1,3,7,0,4,
79: 3,7,4,2,0,6,1,5,
80: 4,6,1,5,2,0,3,7,
81: 2,4,7,3,0,6,1,5,
82: 1,7,5,0,2,4,6,3,
83: 2,0,6,4,7,1,3,5,
84: 5,3,6,0,7,1,4,2,
85: 4,1,3,6,2,7,5,0,
86: 5,3,1,7,4,6,0,2,
87: 4,1,7,0,3,6,2,5,
88: 2,7,3,6,0,5,1,4,
89: 3,0,4,7,5,2,6,1,
90: 1,5,0,6,3,7,2,4,
time = 123038
[1603283880.079600] [spartan-snowy006:12763:0]          mpool.c:43   UCX  WARN  object 0x2ba9fbfa2f80 was not returned to mpool ucp_am_bufs
[1603283880.080715] [spartan-snowy009:584  :0]          mpool.c:43   UCX  WARN  object 0x2b4653df3f80 was not returned to mpool ucp_am_bufs
[1603283880.093405] [spartan-snowy002:806  :0]          mpool.c:43   UCX  WARN  object 0x2b5f37455f80 was not returned to mpool ucp_am_bufs
