1: 21,14,27,40,45,32,11,47,23,33,36,2,48,20,8,24,12,19,49,0,10,3,1,46,34,28,26,43,4,6,38,9,16,44,17,15,42,29,7,5,25,39,13,30,18,31,41,35,37,22,
2: 19,13,25,8,24,27,39,6,14,37,31,20,3,47,30,32,5,48,2,45,49,22,46,16,9,33,4,40,26,0,7,11,43,1,28,17,15,44,10,35,21,38,42,29,34,18,41,12,23,36,
3: 0,36,45,12,37,24,19,15,23,26,17,5,11,25,46,35,3,22,39,30,13,7,49,41,48,29,4,43,34,27,10,1,21,18,2,9,31,8,14,20,6,44,33,40,32,47,42,16,38,28,
4: 47,6,18,31,25,1,45,33,20,4,7,38,15,11,24,30,39,9,3,13,44,27,41,16,12,8,43,40,2,36,5,0,10,35,48,22,26,17,37,21,49,42,19,29,14,34,46,23,32,28,
5: 32,37,10,26,19,49,33,27,13,21,8,36,29,44,2,48,34,20,4,45,0,31,24,5,18,47,23,38,41,16,6,9,28,25,40,42,35,46,15,22,3,7,14,1,11,30,39,12,43,17,
6: 2,28,12,34,38,22,19,46,49,21,35,0,40,43,5,36,1,24,6,20,18,25,45,17,44,11,9,4,33,26,39,3,27,15,42,31,47,7,16,10,32,41,8,30,37,48,14,23,29,13,
7: 23,49,6,13,24,39,45,19,35,12,26,42,17,21,11,48,1,10,46,0,34,9,2,44,25,20,33,5,27,40,3,8,15,7,47,37,30,28,4,31,22,16,18,41,14,29,32,43,38,36,
8: 15,28,31,39,47,12,24,21,17,4,43,45,11,23,5,35,19,29,3,25,42,10,48,40,49,13,6,32,9,26,46,27,7,16,34,37,44,8,14,18,0,33,1,41,22,38,2,20,30,36,
9: 33,27,36,2,47,19,29,35,13,16,48,3,34,43,15,26,37,20,5,44,28,10,40,21,30,1,38,18,8,11,4,12,42,6,49,25,31,39,23,32,17,9,46,22,41,14,24,0,7,45,
10: 2,14,32,34,45,17,35,25,28,36,21,12,5,16,10,4,24,1,41,19,8,37,26,29,9,44,40,3,49,15,13,48,39,43,31,0,6,27,47,11,20,46,33,18,7,22,38,42,30,23,
11: 16,14,25,47,19,23,27,15,46,40,1,9,39,5,33,37,44,20,7,21,24,45,12,48,38,6,4,28,10,35,42,30,49,43,2,18,22,32,8,3,17,34,26,31,29,11,13,41,0,36,
12: 13,37,31,9,21,38,29,10,3,48,34,15,43,6,4,49,42,35,19,30,27,40,14,8,22,7,2,0,11,25,18,47,41,1,36,45,5,23,12,28,39,46,17,20,24,32,16,44,26,33,
13: 22,43,27,38,32,18,25,12,10,46,30,26,4,8,11,2,37,28,36,1,6,17,21,29,33,14,42,3,31,19,5,45,49,13,35,16,20,47,9,24,40,34,0,7,48,15,44,41,39,23,
14: 44,16,18,42,8,37,1,31,6,26,41,17,40,35,7,22,0,29,14,4,30,48,2,11,43,39,3,9,46,12,32,28,23,25,20,38,47,24,19,33,45,15,21,10,5,34,36,13,49,27,
15: 29,38,14,34,3,16,0,21,6,24,30,43,13,40,35,20,18,9,26,1,36,2,10,8,31,25,48,45,37,7,17,11,49,12,27,41,46,33,22,4,44,5,15,32,47,28,23,42,39,19,
16: 11,39,29,26,20,33,13,36,17,12,35,46,48,19,3,1,47,25,31,4,38,9,6,16,45,22,41,27,18,8,49,2,42,28,7,0,34,14,37,5,32,23,43,30,24,21,40,15,44,10,
17: 41,29,4,32,40,26,21,14,43,15,35,28,24,7,2,34,3,39,48,9,6,16,0,27,8,22,44,25,10,49,31,45,11,1,23,20,46,42,37,47,33,13,38,17,19,36,12,30,5,18,
18: 13,28,24,39,6,3,38,33,42,34,10,46,4,18,5,8,44,47,36,22,17,25,0,32,43,41,2,9,7,23,15,37,1,40,29,49,20,48,27,14,11,21,19,16,30,26,12,35,31,45,
19: 18,32,27,40,20,17,4,42,12,22,37,41,5,14,36,48,23,45,33,16,6,44,1,19,43,13,2,30,8,49,11,9,21,28,34,25,46,0,7,38,31,3,24,26,29,47,10,39,35,15,
20: 5,42,34,18,29,1,12,8,21,46,32,15,10,39,45,49,19,33,38,30,0,13,16,40,47,2,36,20,11,28,48,17,14,4,24,44,25,7,22,6,37,26,23,43,31,9,41,35,3,27,
21: 13,19,47,36,39,27,22,35,18,46,17,1,4,34,5,9,28,40,16,48,25,2,31,37,6,33,10,14,45,32,3,7,20,44,30,15,29,11,21,24,26,43,41,8,12,49,0,42,23,38,
22: 31,20,25,14,9,23,3,42,37,13,36,45,11,40,10,22,18,47,26,33,5,38,46,39,24,15,41,16,49,12,2,34,6,28,44,0,48,21,1,30,32,35,29,4,19,43,8,27,7,17,
23: 38,16,22,3,45,27,19,32,4,37,1,44,31,5,23,41,13,10,12,7,30,24,29,39,47,36,8,6,49,28,42,17,21,35,48,43,0,15,9,40,46,25,2,33,14,20,18,34,11,26,
24: 47,2,39,18,14,26,40,32,30,20,16,19,21,11,42,8,43,5,9,48,37,13,27,35,44,0,10,1,15,23,33,4,29,12,3,25,17,7,45,38,36,24,46,28,22,34,41,49,6,31,
25: 13,40,20,34,29,33,10,43,2,21,18,0,28,14,38,41,37,4,6,15,49,11,42,45,7,23,25,8,47,26,32,46,17,12,39,1,36,9,5,3,31,48,24,35,19,16,30,27,22,44,
26: 28,25,47,11,34,38,27,17,3,9,35,37,0,40,5,26,30,20,41,48,22,8,14,29,42,6,4,43,7,18,10,1,31,23,16,19,32,2,39,33,44,46,49,36,21,13,15,45,12,24,
27: 9,18,36,23,47,15,42,3,13,25,48,24,34,0,39,8,31,35,6,40,43,22,7,14,1,20,38,41,27,37,11,29,10,44,28,19,4,2,12,45,30,33,46,32,5,16,21,26,17,49,
28: 31,23,7,30,22,16,4,32,41,3,9,6,36,15,1,49,20,29,27,25,17,47,8,37,39,46,43,0,38,13,21,44,48,34,42,24,11,40,45,35,18,2,14,19,10,28,26,5,33,12,
29: 8,20,29,4,13,42,18,32,14,2,9,47,40,0,36,11,33,37,28,22,24,6,46,41,35,15,7,43,17,44,21,38,34,27,31,49,19,1,10,23,3,39,30,48,12,45,25,16,5,26,
30: 38,41,26,22,15,17,3,32,29,7,46,16,43,27,9,47,49,13,25,34,6,30,48,8,0,42,19,21,1,4,33,37,45,11,35,14,5,24,12,20,31,40,44,23,28,2,18,10,36,39,
31: 5,26,35,0,41,15,38,24,17,3,12,46,28,37,25,27,19,2,47,9,43,22,49,11,32,7,10,42,48,4,8,30,23,13,40,18,31,14,45,20,1,34,6,29,33,21,16,39,44,36,
32: 35,38,10,26,2,33,39,1,11,31,34,40,4,30,14,21,18,16,44,49,47,9,19,3,8,0,45,32,29,43,48,22,5,42,24,46,6,13,27,17,12,23,37,20,25,28,15,7,41,36,
33: 43,20,17,9,33,23,47,11,15,21,1,4,42,18,31,24,40,30,46,6,16,3,48,34,45,25,36,0,13,19,44,7,29,49,32,37,22,12,8,5,2,10,41,35,27,39,14,26,28,38,
34: 21,1,12,31,18,45,33,5,49,32,19,17,3,24,22,28,9,48,13,43,40,25,4,38,46,41,6,0,47,16,42,27,15,30,37,7,20,39,14,10,34,26,2,8,11,44,23,36,29,35,
35: 6,34,30,20,14,29,9,42,48,1,21,32,27,47,28,33,4,11,44,39,5,8,19,22,46,15,31,36,26,37,49,2,45,13,35,24,17,7,0,12,40,43,10,38,23,41,18,3,25,16,
36: 33,18,12,4,24,41,6,37,14,31,15,36,38,48,23,42,2,25,47,35,10,13,5,20,45,16,44,26,43,3,32,0,7,22,30,1,9,21,49,27,19,8,40,46,29,39,17,34,28,11,
37: 41,43,36,26,0,34,7,28,17,13,20,44,3,37,6,18,15,47,33,24,27,32,38,11,21,45,48,39,4,8,16,49,10,46,29,1,42,31,2,22,9,30,14,5,25,12,19,40,35,23,
38: 5,37,34,21,25,29,13,16,33,26,47,6,20,15,41,0,42,39,8,1,31,22,9,14,43,38,19,27,48,4,45,11,18,7,32,49,24,36,30,23,46,12,10,40,17,3,35,2,44,28,
39: 34,40,14,18,23,41,39,44,9,15,10,46,28,43,16,35,48,11,31,24,6,4,1,49,42,12,22,2,19,26,8,5,20,25,37,0,45,7,36,3,30,21,27,32,17,38,13,29,47,33,
40: 9,47,40,22,32,30,8,19,23,41,27,38,0,4,7,12,14,2,25,15,34,26,43,45,28,35,20,13,39,49,46,10,1,5,17,48,44,36,6,42,29,18,3,21,31,11,16,37,24,33,
41: 28,46,15,32,40,24,6,23,17,10,12,31,34,25,44,5,20,49,0,22,7,47,33,1,29,9,43,21,42,35,19,14,18,4,41,8,27,36,2,37,48,26,30,11,16,38,13,39,3,45,
42: 37,26,42,38,21,6,48,31,7,39,41,15,33,9,2,20,13,35,1,11,29,49,28,23,43,18,46,4,36,5,44,16,10,27,24,30,17,3,40,0,22,32,45,14,19,34,25,12,8,47,
43: 39,26,43,16,25,17,30,13,4,47,11,33,38,22,28,48,27,1,5,18,8,10,2,31,6,44,20,37,46,32,45,29,49,0,36,12,41,3,14,34,19,24,42,40,7,35,21,15,9,23,
44: 23,33,11,38,42,45,1,22,14,5,20,32,13,24,43,17,40,0,9,39,27,47,30,28,2,41,19,15,8,6,49,44,21,7,48,4,26,36,10,37,34,3,29,35,25,18,46,12,16,31,
45: 31,18,9,49,8,19,16,32,37,0,23,14,5,13,48,33,43,36,46,1,29,45,7,28,30,15,4,11,22,44,2,39,24,10,21,34,6,26,40,35,41,38,25,17,3,20,12,42,27,47,
46: 12,37,44,18,30,21,14,0,28,9,34,29,11,35,5,1,39,48,19,6,23,38,32,7,43,36,40,4,22,33,27,10,20,46,24,42,17,2,13,8,16,47,31,26,49,25,3,45,15,41,
47: 39,13,15,23,29,41,30,16,34,26,33,2,42,11,49,0,22,10,37,1,31,36,25,6,20,3,47,35,4,45,40,21,18,12,7,5,17,38,27,19,9,28,46,48,32,44,14,24,8,43,
48: 46,9,32,15,10,28,6,47,45,12,20,49,8,29,41,17,27,2,38,7,21,1,48,44,23,3,13,22,35,11,34,40,16,25,4,33,0,42,19,30,5,24,36,18,37,31,43,26,14,39,
49: 43,13,24,38,27,25,32,20,4,23,42,10,12,0,31,3,7,22,45,47,26,37,46,5,1,15,44,8,39,48,19,33,30,9,17,36,14,16,41,49,35,6,34,18,28,11,2,40,21,29,
50: 17,25,42,24,5,47,16,7,46,34,8,26,19,35,37,45,43,36,20,14,12,3,6,41,10,31,4,23,18,0,33,11,44,38,28,39,9,48,29,1,15,49,27,40,21,32,22,2,13,30,
51: 33,18,9,15,38,11,29,20,45,19,30,6,39,12,1,34,27,42,21,47,25,3,48,44,8,40,28,41,46,7,4,17,23,49,26,43,2,10,14,32,36,5,22,13,0,16,35,37,31,24,
52: 45,26,30,0,6,4,2,46,23,12,18,40,3,25,19,7,20,24,29,41,14,44,39,36,48,31,42,15,9,49,5,13,16,22,43,35,10,47,11,37,33,28,21,38,27,17,8,32,34,1,
53: 14,18,25,21,45,31,33,9,42,16,3,43,48,8,47,30,41,38,15,28,49,10,26,7,20,4,6,13,34,27,12,22,40,2,37,23,46,1,32,24,11,0,17,44,36,19,29,5,35,39,
54: 21,15,26,40,35,12,19,25,36,38,27,31,28,16,24,8,46,7,0,42,11,33,14,34,43,10,20,49,5,1,4,39,47,32,22,6,37,13,17,41,9,30,48,2,44,23,29,45,18,3,
55: 28,14,41,5,29,35,17,31,16,12,25,30,24,4,43,10,49,44,27,45,26,42,0,46,6,19,13,7,21,2,37,47,36,38,22,18,34,23,39,20,15,11,8,33,40,3,1,32,48,9,
56: 2,11,29,46,5,20,18,31,37,32,17,7,47,6,19,41,36,12,26,16,8,43,35,40,42,28,10,48,9,38,13,45,23,49,34,25,22,14,1,15,0,21,27,4,33,3,44,39,30,24,
57: 8,47,9,42,31,2,38,7,19,33,24,28,13,39,45,0,34,36,23,21,16,12,4,44,30,6,49,20,18,3,43,26,48,10,37,29,1,41,22,27,11,14,40,15,5,32,35,46,17,25,
58: 29,18,25,28,35,47,24,46,17,12,16,3,0,4,14,43,2,32,15,21,30,45,23,1,40,38,48,11,33,49,7,39,27,44,8,34,19,9,42,5,20,26,31,22,13,41,10,37,6,36,
59: 48,26,40,16,13,35,32,22,8,14,39,17,24,0,33,38,47,18,6,1,5,20,12,31,15,46,42,4,45,3,28,41,43,11,36,27,29,44,19,25,34,37,10,7,23,49,9,30,21,2,
60: 3,49,33,27,2,13,45,22,18,6,42,37,16,41,7,24,29,0,38,5,39,17,12,30,36,48,31,15,9,46,10,1,32,47,28,14,35,26,20,8,4,25,19,44,11,23,21,34,43,40,
61: 9,17,31,4,1,11,29,37,45,22,24,13,39,47,35,33,10,41,5,8,32,21,48,16,23,40,6,3,0,49,34,15,42,44,2,26,7,25,43,46,14,18,38,12,19,28,36,20,27,30,
62: 34,27,42,33,39,19,24,10,23,20,8,5,21,46,37,43,38,22,1,7,15,6,41,29,45,49,30,26,12,3,31,48,32,14,11,47,2,13,40,18,9,0,28,25,4,36,16,44,35,17,
63: 18,46,3,13,21,40,25,44,7,34,24,38,41,19,10,31,48,6,22,43,1,5,17,14,37,32,12,39,20,4,33,11,9,27,2,0,23,42,16,29,49,15,35,45,8,30,28,26,36,47,
64: 37,11,49,35,20,48,15,0,36,39,17,25,45,34,9,16,29,41,43,3,40,47,8,12,18,31,23,19,6,4,32,1,44,7,33,46,5,42,14,30,38,24,22,28,10,27,13,26,2,21,
65: 36,4,15,22,12,34,16,33,26,46,11,3,18,0,35,9,41,24,1,49,32,6,38,47,19,23,48,8,45,40,14,2,5,30,20,10,29,25,37,44,31,17,42,21,7,27,13,43,28,39,
66: 46,26,30,8,38,35,3,13,4,19,27,6,11,28,0,36,20,39,29,31,47,37,12,10,7,45,34,21,16,1,44,24,41,2,9,48,17,40,14,18,42,25,49,32,5,43,23,15,33,22,
67: 18,30,15,36,45,17,28,43,16,29,19,22,7,32,44,12,20,4,8,42,37,47,24,39,48,46,11,27,2,35,21,25,33,40,9,49,41,26,3,31,38,1,5,10,0,14,23,13,34,6,
68: 22,6,35,23,25,13,32,24,27,11,39,43,9,40,42,8,20,7,29,44,12,21,38,18,34,37,4,45,41,17,36,46,33,10,14,49,19,2,47,1,31,16,26,30,0,48,28,5,3,15,
69: 17,13,33,48,24,20,38,43,21,7,16,0,15,36,44,25,30,4,45,11,3,39,31,1,23,47,26,35,10,14,37,2,5,49,8,40,32,28,42,6,34,29,22,18,12,9,27,19,41,46,
70: 35,8,15,21,23,17,38,7,24,45,36,49,11,42,16,0,12,31,1,34,9,48,39,10,28,46,14,32,22,27,6,3,41,25,4,43,13,2,5,18,37,47,33,29,26,20,30,40,19,44,
71: 40,23,15,44,22,43,29,21,17,6,11,42,19,25,38,1,26,46,48,27,3,13,37,4,8,20,47,31,5,7,49,34,30,39,10,35,18,24,12,28,36,14,32,0,16,33,45,41,9,2,
72: 3,18,36,19,43,11,34,32,15,45,22,26,38,17,13,42,39,1,10,37,9,41,23,44,46,49,35,8,6,48,12,2,28,20,24,30,47,4,14,33,40,5,27,16,7,31,25,21,0,29,
73: 10,8,29,18,37,48,23,39,30,28,15,4,35,11,3,40,16,2,27,25,41,7,26,47,38,5,9,6,36,49,46,12,20,44,33,19,0,32,1,42,34,31,43,13,22,14,17,21,45,24,
74: 7,14,26,48,32,22,35,41,17,31,12,1,5,19,40,11,4,25,15,18,3,0,33,43,29,44,42,37,49,6,45,13,2,47,9,36,10,23,27,20,38,21,46,30,28,16,24,39,8,34,
75: 28,10,20,29,27,24,47,8,32,43,9,38,45,21,16,5,0,31,49,7,35,37,3,14,11,22,15,12,23,33,26,42,44,46,41,1,34,6,48,25,4,13,18,2,36,39,19,40,30,17,
76: 21,35,47,19,36,23,10,5,17,49,25,31,43,39,16,12,15,24,32,1,37,11,2,0,27,48,13,6,9,34,18,14,42,45,4,30,8,29,46,33,3,41,26,28,20,38,7,22,44,40,
77: 38,6,37,25,32,42,18,20,41,23,34,3,9,21,31,10,45,35,44,46,13,22,4,12,27,29,14,36,2,0,7,47,39,43,24,11,5,48,17,30,8,1,28,16,40,15,26,19,33,49,
78: 34,5,12,32,25,3,13,38,33,47,30,28,11,2,41,43,22,36,15,35,6,44,9,49,42,0,4,21,16,20,39,45,14,29,18,40,7,27,19,31,23,26,8,17,37,46,1,24,48,10,
79: 36,20,16,25,4,39,33,3,5,49,22,15,11,28,42,47,21,35,2,26,14,44,31,40,37,10,46,6,1,45,8,17,19,7,9,38,13,18,29,27,30,23,0,41,24,34,48,12,43,32,
80: 40,13,43,36,34,21,44,6,22,27,8,30,16,14,42,18,39,48,45,24,2,32,47,38,1,10,28,7,3,37,17,20,25,4,26,11,49,46,29,9,19,41,0,33,5,23,12,15,31,35,
81: 31,39,19,30,45,11,13,16,24,17,46,2,27,23,10,36,18,43,4,48,21,44,40,12,37,22,3,41,0,8,42,35,25,9,29,38,28,1,20,5,34,14,47,26,15,33,7,32,6,49,
82: 37,28,30,14,26,15,27,21,34,44,29,20,32,5,12,49,45,48,42,4,35,0,25,13,19,41,33,23,6,47,10,39,3,16,46,17,38,31,8,43,1,40,9,24,18,11,2,7,36,22,
83: 13,38,17,8,20,39,23,30,22,40,32,37,6,14,11,1,19,4,28,3,47,12,10,18,49,44,2,34,27,7,42,33,21,41,0,46,15,43,5,48,25,45,35,16,26,9,36,24,31,29,
84: 33,39,34,26,20,1,40,42,44,7,5,17,27,10,23,29,41,21,8,47,22,4,48,12,45,30,19,14,28,3,37,0,16,43,46,38,49,25,9,15,32,2,36,18,6,13,31,24,11,35,
85: 14,23,36,20,0,11,19,2,28,17,1,8,15,41,3,45,35,18,47,37,12,32,6,39,34,25,13,48,43,38,4,9,5,10,27,33,40,49,21,44,26,29,22,42,46,7,31,16,24,30,
86: 44,37,30,45,10,29,6,20,11,24,14,34,49,33,2,32,38,47,0,9,19,4,15,7,16,26,3,35,13,36,28,42,18,22,25,8,17,5,48,41,12,46,21,39,31,40,43,23,1,27,
87: 14,35,39,22,13,37,27,20,24,0,3,33,38,18,1,19,43,2,47,9,17,5,45,12,36,23,32,30,28,49,8,46,40,10,29,34,16,44,26,31,15,42,11,4,7,41,48,21,6,25,
88: 29,6,30,40,0,20,16,1,25,17,3,36,42,24,46,31,15,41,10,4,22,35,2,21,11,47,38,34,12,7,49,37,18,8,23,32,9,28,39,48,43,45,13,5,44,33,27,19,14,26,
89: 18,29,14,37,28,9,21,15,1,38,19,44,49,7,12,0,36,39,20,16,31,2,11,23,4,42,40,46,35,45,6,3,10,32,24,22,5,47,43,30,13,8,48,25,27,33,41,17,34,26,
90: 29,1,8,41,34,26,22,47,19,27,2,13,6,44,28,10,35,39,45,3,33,0,12,16,36,40,49,32,15,11,31,14,17,37,42,23,5,46,24,38,7,48,4,9,20,43,21,25,18,30,
time = 4823539
[1603292448.638005] [spartan-snowy009:29465:0]          mpool.c:43   UCX  WARN  object 0x2b186cf41f80 was not returned to mpool ucp_am_bufs
[1603292448.639874] [spartan-snowy006:9631 :0]          mpool.c:43   UCX  WARN  object 0x2ba90517ff80 was not returned to mpool ucp_am_bufs
[1603292448.641372] [spartan-snowy002:30856:0]          mpool.c:43   UCX  WARN  object 0x2b36de0e1f80 was not returned to mpool ucp_am_bufs
[1603292448.648716] [spartan-snowy020:27058:0]          mpool.c:43   UCX  WARN  object 0x2ab1e787ef80 was not returned to mpool ucp_am_bufs
