time = 653121
500
0: body[2.3308e+12][4.62114e+12][4.71224e+12] velocity: (45620.7, 9812.78, 16680.4) mass: 8.40188e+29
1: body[1.64159e+12][3.27e+12][2.81886e+12] velocity: (31466.2, 18272.2, 25679.6) mass: 7.6823e+29
2: body[5.40616e+12][3.75332e+12][4.23212e+12] velocity: (7000.12, 30342.7, 803.627) mass: 9.5223e+29
3: body[8.11401e+11][4.7452e+12][9.24879e+11] velocity: (20110.2, 6455.59, 5500.75) mass: 2.42887e+29
4: body[1.29036e+12][3.02758e+12][4.95352e+12] velocity: (30624.9, 14787.3, 31846) mass: 9.98925e+29
5: body[2.91547e+12][5.74164e+12][1.72918e+12] velocity: (38572.8, 26239.7, 38522.1) mass: 5.24287e+29
6: body[5.26351e+12][1.67553e+12][2.07981e+12] velocity: (40318.5, 45978.2, 3496.28) mass: 4.00229e+29
7: body[3.10624e+12][5.11578e+11][1.13557e+12] velocity: (33196.4, 44575.9, 17445.4) mass: 9.49327e+29
8: body[1.19169e+11][2.70463e+12][3.76165e+11] velocity: (11991.3, 48540.5, 45165.2) mass: 6.41713e+28
9: body[1.57661e+12][3.1868e+12][2.21661e+12] velocity: (38051.6, 25642.7, 33436.1) mass: 8.5092e+29
10: body[2.35779e+11][2.58518e+12][5.49905e+12] velocity: (46629.2, 36058.5, 14152.7) mass: 5.31606e+29
11: body[3.77659e+12][2.09079e+12][4.06218e+12] velocity: (8263.99, 22021.4, 43959.7) mass: 7.38534e+29
12: body[1.9505e+12][1.35388e+12][5.27503e+12] velocity: (17512.6, 34365.6, 47760.6) mass: 8.29201e+29
13: body[3.88208e+12][5.06791e+12][2.59692e+12] velocity: (46150.1, 19856.8, 40754.8) mass: 5.8864e+29
14: body[5.37884e+12][2.85067e+12][1.27401e+12] velocity: (47434.7, 46018.6, 7405.89) mass: 6.84219e+29
15: body[3.78359e+12][2.55192e+12][3.65695e+12] velocity: (14020, 39320.3, 15341.2) mass: 8.81062e+29
16: body[1.33643e+12][1.10825e+12][1.63052e+12] velocity: (27867.1, 20859, 8517.21) mass: 4.47034e+29
17: body[6.11998e+11][7.48101e+11][2.92716e+12] velocity: (38095.3, 49286.3, 46766.3) mass: 9.06804e+29
18: body[2.26208e+12][4.42463e+12][2.17764e+12] velocity: (14567.5, 11119.7, 29240.5) mass: 6.84445e+29
19: body[9.0253e+11][4.32038e+12][7.43524e+11] velocity: (39729.1, 8172.57, 37337.4) mass: 2.44413e+29
20: body[5.60637e+12][3.10962e+11][3.08067e+12] velocity: (8748.63, 12052.3, 39882.3) mass: 7.45298e+28
21: body[3.87701e+12][5.70809e+12][3.77339e+12] velocity: (37953.4, 4589.24, 6727.8) mass: 7.32654e+29
22: body[4.63565e+11][4.15991e+11][1.20994e+12] velocity: (23107.2, 41040, 28685.1) mass: 5.2021e+29
23: body[3.07324e+11][9.34908e+11][5.9005e+12] velocity: (10266.5, 44529.7, 6209.96) mass: 7.55581e+29
24: body[3.1896e+11][5.14017e+12][4.29308e+11] velocity: (268.423, 46118.1, 29752.9) mass: 9.97799e+29
25: body[9.66018e+11][2.31253e+12][5.38924e+12] velocity: (41011.9, 17986.5, 27542) mass: 1.80372e+29
26: body[2.67249e+12][4.05886e+12][5.89195e+11] velocity: (26537.5, 37855.7, 15308.1) mass: 5.7943e+29
27: body[3.40684e+12][5.17807e+12][4.4153e+12] velocity: (31411.5, 1685.75, 37378.4) mass: 9.92228e+29
28: body[5.46395e+12][5.15551e+12][4.90702e+12] velocity: (48922.2, 37157.6, 45141) mass: 8.33239e+29
29: body[3.93818e+12][2.93767e+12][9.67745e+11] velocity: (41467.2, 44474.8, 3886.68) mass: 9.83596e+29
30: body[1.46649e+12][3.7153e+12][1.35333e+12] velocity: (35079.9, 15841.4, 16495.1) mass: 6.49707e+29
31: body[4.40367e+11][3.73733e+12][1.32377e+12] velocity: (32658.8, 25549.9, 48618.2) mass: 2.31428e+29
32: body[3.22407e+12][4.24624e+12][6.72437e+11] velocity: (23571, 29619.9, 47267.6) mass: 2.80042e+29
33: body[1.98448e+12][5.00283e+12][2.56621e+12] velocity: (142.536, 17179.6, 29901.5) mass: 4.50918e+29
34: body[1.38205e+12][3.98662e+12][2.85248e+12] velocity: (24143.6, 15181.1, 35636.4) mass: 8.33243e+29
35: body[3.67176e+12][2.44015e+11][2.44526e+12] velocity: (34761.9, 33793, 31914.9) mass: 1.82556e+29
36: body[1.09243e+12][3.59515e+12][3.70343e+12] velocity: (36593.1, 16464.1, 36971.5) mass: 3.47116e+29
37: body[5.4345e+12][4.04236e+12][3.85385e+12] velocity: (12781, 26593.7, 4389.7) mass: 2.02213e+29
38: body[5.17704e+12][4.0497e+12][5.55562e+11] velocity: (5482.56, 18074, 28911.5) mass: 2.60497e+29
39: body[3.93393e+12][1.70521e+12][4.57785e+12] velocity: (14483.1, 16451.2, 9490.31) mass: 5.93211e+29
40: body[2.1932e+10][4.88349e+12][1.95987e+12] velocity: (9534.44, 21793.4, 47960.6) mass: 9.84363e+29
41: body[4.5157e+12][4.1262e+12][7.18093e+11] velocity: (34235.6, 19185.9, 38801.6) mass: 9.1893e+29
42: body[5.40944e+12][5.08768e+12][1.20222e+12] velocity: (39610.4, 27377.3, 14952.5) mass: 9.43051e+29
43: body[5.36938e+12][5.15718e+12][2.94023e+12] velocity: (28743.4, 8103.9, 13697.2) mass: 9.04932e+29
44: body[2.9073e+12][2.73686e+12][5.00953e+12] velocity: (24809.7, 14553.9, 8939.18) mass: 8.64579e+29
45: body[4.29467e+12][8.24068e+11][3.56147e+12] velocity: (24576.6, 41987.7, 36192) mass: 6.84178e+29
46: body[1.3102e+12][2.94286e+12][7.16833e+11] velocity: (6945.62, 18037.7, 16311.1) mass: 1.78208e+29
47: body[5.36359e+12][3.67251e+12][4.93873e+12] velocity: (40835.6, 24821.5, 16725.9) mass: 9.31895e+29
48: body[3.88776e+12][3.59272e+12][1.52801e+12] velocity: (7525.42, 3624.15, 5426.32) mass: 3.94327e+29
49: body[2.14562e+12][1.70264e+12][1.95922e+12] velocity: (4576, 21404, 46764.3) mass: 6.47207e+29
50: body[1.56833e+12][3.88729e+12][4.4983e+12] velocity: (24409, 7877.24, 44044.7) mass: 5.8357e+29
51: body[3.05636e+12][1.22987e+12][3.29131e+12] velocity: (21290.7, 41600, 19710) mass: 6.25665e+29
52: body[1.92773e+12][4.30468e+12][3.77194e+12] velocity: (49243.5, 16868.3, 44854.7) mass: 2.44327e+29
53: body[2.42699e+12][3.31839e+10][4.62185e+12] velocity: (38706.1, 14794.3, 5618.07) mass: 1.36075e+29
54: body[4.25819e+12][2.9312e+11][2.65063e+12] velocity: (49281, 35468.8, 10555.8) mass: 8.65535e+29
55: body[5.10622e+12][5.5543e+11][5.90239e+11] velocity: (19114.4, 15117.8, 32866.2) mass: 4.73894e+29
56: body[7.79021e+11][3.07275e+11][3.18184e+11] velocity: (22903.4, 39097.3, 34659.2) mass: 8.09095e+29
57: body[7.05051e+11][3.48143e+12][3.41551e+12] velocity: (26614.9, 29758.6, 18090.8) mass: 4.4256e+29
58: body[5.2461e+12][2.81412e+12][1.00462e+12] velocity: (30438.4, 26304.2, 31023.6) mass: 3.04285e+29
59: body[1.379e+12][4.89986e+12][4.14269e+11] velocity: (4962.52, 46144.6, 8567.55) mass: 5.96196e+29
60: body[1.33194e+12][4.88172e+12][1.71738e+12] velocity: (17800, 43675.1, 17239.3) mass: 4.81733e+29
61: body[3.89232e+12][2.17039e+11][1.52268e+12] velocity: (38883.4, 31378.7, 41834.2) mass: 8.14909e+29
62: body[1.30443e+12][1.17124e+12][3.61679e+12] velocity: (5498.81, 33818.7, 39139) mass: 3.08157e+29
63: body[1.18396e+12][2.36801e+12][1.86405e+12] velocity: (21751.3, 11579.9, 19320.6) mass: 7.19462e+29
64: body[9.14513e+11][3.2785e+12][8.73373e+10] velocity: (19022.6, 19136.9, 15265.9) mass: 5.32846e+29
65: body[1.5406e+12][3.83595e+12][3.26216e+12] velocity: (45981.1, 34281.8, 40470.5) mass: 7.37408e+29
66: body[1.84281e+12][3.81439e+12][3.81043e+10] velocity: (26667.7, 42169.9, 31026.1) mass: 6.97848e+29
67: body[3.06234e+12][2.36765e+12][2.13964e+12] velocity: (35878.7, 40144.9, 33919.9) mass: 6.42693e+29
68: body[1.9488e+11][3.77685e+11][4.04878e+12] velocity: (9444.33, 31029.6, 35008.9) mass: 1.52876e+29
69: body[7.77277e+09][3.65175e+10][1.80461e+12] velocity: (13135.4, 32824.5, 42884) mass: 5.67831e+29
70: body[2.01681e+12][3.93866e+12][5.18997e+12] velocity: (32679.6, 15629.3, 44159.3) mass: 1.81161e+29
71: body[9.30049e+11][2.97433e+12][4.89167e+12] velocity: (33993, 45358.2, 9440.62) mass: 1.86265e+29
72: body[4.16898e+12][5.13068e+12][3.23065e+12] velocity: (36891.1, 46569.9, 11642) mass: 3.94521e+29
73: body[3.2559e+12][5.51123e+12][2.92046e+12] velocity: (27598.3, 46849.9, 39984.8) mass: 9.26576e+29
74: body[3.51158e+12][3.87889e+12][5.87604e+12] velocity: (46778.2, 16226.3, 43622.7) mass: 8.14139e+29
75: body[3.76628e+12][4.48114e+12][4.5776e+12] velocity: (39708.8, 13106.2, 30175.3) mass: 5.89157e+29
76: body[9.88805e+11][4.69626e+12][5.10578e+12] velocity: (43693.6, 33176.6, 20554.9) mass: 4.70564e+29
77: body[3.52234e+12][3.81155e+12][3.17763e+12] velocity: (7386.52, 28919.3, 1670.18) mass: 6.11981e+29
78: body[3.05758e+12][4.91451e+12][3.04099e+12] velocity: (5634.89, 24441.5, 25513.4) mass: 7.0091e+29
79: body[4.80661e+12][2.27011e+12][3.76396e+12] velocity: (22222.2, 7181.43, 20799.7) mass: 4.84997e+28
80: body[2.4024e+12][1.06509e+11][4.23634e+12] velocity: (28691.1, 40727.5, 29216.1) mass: 2.47033e+29
81: body[2.81675e+12][5.87424e+12][3.4905e+11] velocity: (3722.17, 31965.2, 29923.5) mass: 4.46743e+29
82: body[1.29994e+12][3.72043e+12][5.45061e+12] velocity: (36946.7, 23131.8, 21807) mass: 2.22602e+29
83: body[5.62402e+12][5.60001e+12][5.30693e+12] velocity: (38288.5, 16619.6, 26799.2) mass: 8.50586e+29
84: body[2.82135e+12][5.60811e+12][2.75118e+12] velocity: (43802.8, 48078.6, 9054.45) mass: 2.19136e+29
85: body[4.60443e+12][4.52533e+12][5.34237e+12] velocity: (12842.3, 38035.8, 48120.7) mass: 4.58039e+29
86: body[2.37673e+12][3.30945e+12][3.27331e+12] velocity: (31205.4, 9558.74, 23857.3) mass: 3.31846e+29
87: body[3.86051e+12][5.41122e+12][1.24356e+12] velocity: (30315.2, 43220.6, 5507.05) mass: 3.60105e+29
88: body[1.17704e+12][3.81704e+12][3.49714e+12] velocity: (33876, 29793.1, 2927.27) mass: 3.73556e+29
89: body[3.32683e+12][1.43153e+12][1.15567e+11] velocity: (17186.5, 507.963, 46261.8) mass: 5.60872e+29
90: body[4.54779e+12][5.2364e+12][5.50841e+12] velocity: (8634.66, 22367.4, 24336.3) mass: 6.01427e+29
91: body[3.77142e+12][5.70133e+12][9.18069e+11] velocity: (14636.1, 44011.9, 18369.7) mass: 7.95231e+29
92: body[4.41515e+12][2.80778e+12][1.61436e+12] velocity: (47277.1, 6140, 43307.3) mass: 8.99431e+29
93: body[4.24135e+12][5.4555e+12][1.08687e+12] velocity: (14023, 8327.76, 10194.2) mass: 6.23194e+29
94: body[1.0439e+12][7.4741e+11][1.34325e+12] velocity: (47394, 737.194, 8076.23) mass: 6.26125e+29
95: body[2.72534e+12][3.82907e+12][5.4001e+12] velocity: (5044.94, 30706.9, 3427.91) mass: 1.19989e+29
96: body[2.92999e+12][2.57979e+12][1.7322e+12] velocity: (12147.5, 45663.6, 28480.2) mass: 3.93746e+29
97: body[2.08085e+11][2.54942e+12][4.80634e+12] velocity: (37770.2, 17812.2, 49850.9) mass: 1.90709e+29
98: body[3.09196e+12][1.18701e+12][3.90841e+12] velocity: (34966.7, 16460.4, 44442.9) mass: 3.56664e+28
99: body[2.01822e+12][2.99012e+11][4.52648e+12] velocity: (40184.8, 35015.3, 34061.2) mass: 6.46712e+29
100: body[1.84984e+12][4.44044e+12][1.76036e+12] velocity: (40520.7, 9416.64, 29619.8) mass: 9.04187e+29
101: body[5.9917e+11][9.30469e+11][1.44073e+12] velocity: (6871.79, 29478.4, 2917.02) mass: 5.34394e+28
102: body[5.58048e+12][3.31643e+11][5.46133e+12] velocity: (23401, 12895.7, 29310.2) mass: 8.89553e+29
103: body[3.45305e+12][2.81277e+12][4.81425e+12] velocity: (46294.8, 26328.8, 29056.2) mass: 1.68837e+29
104: body[1.33122e+12][1.55869e+12][3.74218e+12] velocity: (26919.7, 876.695, 46585.6) mass: 7.29398e+29
105: body[1.21505e+12][3.08645e+12][2.3686e+12] velocity: (15459.3, 34024.9, 32285.2) mass: 3.47546e+29
106: body[1.58816e+12][4.15208e+12][1.96518e+12] velocity: (10785.7, 37960.4, 12936.4) mass: 4.43339e+29
107: body[9.80486e+10][4.98762e+12][5.03211e+12] velocity: (30182.5, 16112.3, 33422.8) mass: 6.83574e+29
108: body[5.00351e+12][1.47846e+12][1.51559e+12] velocity: (3615.74, 25739.7, 44522.7) mass: 5.2683e+29
109: body[3.13619e+12][4.84734e+12][5.65942e+12] velocity: (34782.4, 17239.3, 18378.8) mass: 6.11411e+29
110: body[1.42063e+11][3.30132e+10][2.87834e+12] velocity: (14745.8, 35503.6, 41001.1) mass: 4.39153e+28
111: body[2.76017e+12][4.65714e+11][1.12699e+12] velocity: (24239.8, 46241.7, 2200.03) mass: 5.0741e+29
112: body[1.44507e+12][4.20115e+12][3.61007e+12] velocity: (4693.51, 48035.2, 43327.3) mass: 8.4411e+28
113: body[2.80812e+12][4.47045e+12][4.59046e+12] velocity: (448.647, 28671.6, 36731.3) mass: 1.66094e+29
114: body[5.44726e+12][5.69225e+11][4.64828e+12] velocity: (47252.6, 5130.54, 13726.5) mass: 7.43727e+29
115: body[4.77868e+12][5.61504e+11][4.40976e+12] velocity: (13808.8, 8746.78, 46867.4) mass: 2.39321e+29
116: body[5.71897e+11][5.79153e+12][4.98908e+12] velocity: (17107, 34546.1, 22778.8) mass: 7.60862e+29
117: body[3.85933e+12][1.91185e+12][3.54454e+12] velocity: (6446.36, 4118.43, 18896) mass: 4.34398e+29
118: body[3.89579e+12][6.76223e+11][5.19892e+12] velocity: (29109.2, 10620.5, 33403.8) mass: 1.36956e+29
119: body[1.84335e+12][5.56517e+12][4.53464e+12] velocity: (6128.97, 1825.28, 25701.4) mass: 5.28885e+29
120: body[1.24957e+12][2.67251e+12][9.44981e+11] velocity: (15453.5, 21716.3, 330.209) mass: 3.993e+29
121: body[7.48084e+11][2.72889e+12][4.99647e+11] velocity: (39107, 39288.9, 34218.5) mass: 6.49787e+29
122: body[5.11874e+12][3.70544e+11][2.82388e+11] velocity: (26330.9, 8921.57, 46448.8) mass: 9.10227e+29
123: body[2.2922e+12][3.51986e+12][3.76837e+12] velocity: (35022.3, 26975.4, 20283.3) mass: 1.09525e+29
124: body[3.41171e+12][5.43876e+12][1.30983e+12] velocity: (39472.1, 18634.2, 19123) mass: 8.22426e+29
125: body[4.77099e+12][2.28887e+12][4.41253e+12] velocity: (46625.6, 42450, 41534.1) mass: 9.74906e+28
126: body[3.74987e+12][3.04772e+12][3.68838e+12] velocity: (25088.4, 28947.5, 33554.3) mass: 7.14432e+29
127: body[4.4607e+12][3.53912e+12][8.23466e+11] velocity: (7135.14, 9818.41, 38945.1) mass: 2.94762e+28
128: body[4.33969e+12][1.08621e+12][3.93741e+12] velocity: (15600, 5330.17, 44406.1) mass: 8.44281e+29
129: body[2.83193e+12][1.59773e+12][1.18246e+12] velocity: (14399.9, 32923.8, 47403.4) mass: 1.02233e+29
130: body[2.99141e+12][4.5942e+12][5.52688e+12] velocity: (7130.34, 14766.3, 27983.7) mass: 2.21918e+29
131: body[5.15586e+12][1.3774e+12][3.98009e+12] velocity: (31386.4, 41691.3, 40701.5) mass: 6.4452e+29
132: body[1.71174e+11][3.48675e+12][3.64496e+12] velocity: (38300.3, 38712.9, 14198) mass: 7.73301e+29
133: body[5.19361e+12][1.02097e+12][1.05765e+12] velocity: (18044.3, 22132, 18834.7) mass: 7.67534e+28
134: body[5.96672e+11][1.92215e+12][5.13317e+12] velocity: (30419.5, 5240.47, 40182.9) mass: 6.47522e+29
135: body[2.35395e+12][2.16669e+12][2.3263e+12] velocity: (13631.3, 30057.4, 3444.34) mass: 7.49719e+29
136: body[2.55197e+12][5.2013e+12][3.98287e+12] velocity: (23041.5, 23493.7, 14599.6) mass: 9.01549e+29
137: body[1.45237e+12][3.40589e+12][1.77897e+12] velocity: (6352.83, 37487.7, 24067.8) mass: 2.24415e+29
138: body[1.13693e+12][5.0681e+12][7.87004e+11] velocity: (14694.1, 9169.33, 197.919) mass: 4.85866e+29
139: body[1.70661e+12][4.77159e+12][3.83809e+12] velocity: (34397.9, 8683.77, 2212.55) mass: 9.00772e+29
140: body[4.57373e+12][6.70787e+11][5.08378e+12] velocity: (10313.5, 49765.5, 26761.6) mass: 9.59716e+29
141: body[2.7515e+12][4.89017e+12][5.26554e+12] velocity: (35621.6, 20197.1, 9609.14) mass: 6.67908e+29
142: body[9.14296e+11][3.97682e+12][1.9127e+12] velocity: (17450.7, 26621.4, 22892.4) mass: 8.37986e+29
143: body[4.23086e+12][2.71556e+12][3.19355e+12] velocity: (200.204, 13409.9, 9581.42) mass: 6.40368e+29
144: body[2.62112e+12][1.39603e+12][3.85543e+12] velocity: (10969.5, 17539.9, 25686.2) mass: 6.9337e+29
145: body[2.03026e+12][3.01551e+11][5.60752e+11] velocity: (40469.2, 44007.4, 49398) mass: 4.26412e+29
146: body[1.67915e+12][1.0665e+12][2.12251e+12] velocity: (21983.4, 42747.5, 34176) mass: 5.21261e+29
147: body[2.27961e+12][8.30591e+11][2.52085e+12] velocity: (5185.54, 30083.5, 48429.8) mass: 7.86187e+29
148: body[5.12898e+12][9.41725e+11][4.73733e+12] velocity: (15598.8, 19822.6, 22750.5) mass: 1.09233e+29
149: body[4.39593e+12][5.72333e+12][5.65687e+12] velocity: (4441.65, 959.951, 2601.27) mass: 5.32342e+29
150: body[5.30797e+12][2.35283e+11][2.47631e+12] velocity: (9136.78, 11049.8, 38923.5) mass: 8.97883e+29
151: body[4.36454e+11][2.72538e+12][2.41658e+12] velocity: (23089.4, 30100.3, 41802.5) mass: 6.22791e+29
152: body[1.19348e+12][4.74319e+12][3.97016e+12] velocity: (3621.8, 48049.2, 23718.2) mass: 5.63327e+29
153: body[2.11404e+12][5.49592e+12][5.41321e+12] velocity: (5238.59, 44810.4, 43845.7) mass: 3.84509e+29
154: body[5.43983e+12][5.48338e+12][5.31165e+11] velocity: (40992.8, 48370.6, 25492.6) mass: 1.91772e+29
155: body[1.1118e+12][1.69765e+12][3.70251e+12] velocity: (13242.1, 37451.1, 1838.97) mass: 4.72651e+27
156: body[2.07037e+12][5.14788e+12][1.68652e+12] velocity: (27660.5, 33667.6, 47935.5) mass: 7.21822e+29
157: body[3.76736e+12][2.55552e+12][5.45564e+10] velocity: (49778.2, 18191.7, 46357) mass: 6.2406e+29
158: body[1.56208e+12][4.72919e+12][1.71888e+12] velocity: (9298.91, 36426.6, 19091.5) mass: 9.92851e+28
159: body[4.1226e+12][5.24888e+12][7.1681e+10] velocity: (44283.7, 8783.17, 32043.2) mass: 6.95418e+27
160: body[5.46092e+12][3.98896e+12][5.13398e+12] velocity: (13683.2, 27341.8, 7747.53) mass: 1.4823e+29
161: body[1.31929e+12][6.68537e+11][2.67281e+12] velocity: (43072, 27359.9, 23079.2) mass: 8.28622e+29
162: body[5.36687e+12][2.28216e+12][5.64212e+12] velocity: (8579.98, 9418.13, 12282.7) mass: 8.56826e+29
163: body[5.41528e+12][3.70673e+12][2.16764e+12] velocity: (30687.9, 25869.3, 18936.3) mass: 3.60164e+29
164: body[4.09781e+12][1.09187e+11][3.83763e+12] velocity: (30942.7, 34776.7, 25996.1) mass: 5.01835e+29
165: body[1.42636e+12][3.98779e+12][4.27222e+12] velocity: (23300.3, 39390.4, 8795.55) mass: 8.95354e+29
166: body[1.97175e+12][3.76375e+12][1.07442e+12] velocity: (12193.2, 1221.78, 6966.91) mass: 3.25177e+29
167: body[1.25295e+12][2.27322e+12][4.58981e+12] velocity: (6516.79, 698.222, 7173.77) mass: 4.17663e+29
168: body[3.13123e+12][3.09244e+12][1.46112e+12] velocity: (11221.3, 27087.1, 44918.2) mass: 7.45154e+29
169: body[1.39113e+12][2.46172e+12][4.36486e+12] velocity: (23853.6, 4622.38, 23153.4) mass: 8.44113e+29
170: body[5.1972e+12][3.77778e+12][1.57382e+12] velocity: (10637.1, 13920.4, 22442.9) mass: 9.41243e+29
171: body[1.78745e+12][3.46476e+12][5.17082e+12] velocity: (25745.4, 48576.5, 32597) mass: 4.58269e+29
172: body[5.8136e+12][4.71376e+12][2.30178e+12] velocity: (25686.8, 16099.8, 31821.6) mass: 6.44512e+29
173: body[5.09917e+12][3.15301e+12][3.4487e+12] velocity: (4899.27, 47548, 16184) mass: 7.40175e+29
174: body[2.59932e+11][4.64631e+12][3.05795e+12] velocity: (46296.8, 21334.9, 39212.9) mass: 5.76479e+29
175: body[4.1613e+12][1.37567e+12][3.52501e+12] velocity: (349.598, 40992.3, 23665.3) mass: 1.38845e+29
176: body[4.66978e+12][7.52151e+11][9.8913e+11] velocity: (38766.5, 46326.9, 27891.7) mass: 5.22729e+29
177: body[1.46346e+12][1.14517e+12][1.89141e+11] velocity: (5630.06, 36393.9, 30866.8) mass: 2.91431e+29
178: body[4.00427e+12][5.54707e+12][4.65209e+12] velocity: (36038.6, 36265.5, 15257) mass: 2.11786e+29
179: body[9.13151e+11][5.33163e+11][4.63013e+12] velocity: (43045.1, 16230.7, 19055.8) mass: 6.45644e+29
180: body[8.40631e+11][5.04666e+12][2.3037e+12] velocity: (46698.3, 48993.5, 27870.6) mass: 8.67321e+29
181: body[5.35176e+12][6.75105e+11][4.1629e+08] velocity: (7700.6, 15405, 1651.46) mass: 7.08616e+29
182: body[2.09816e+11][3.82307e+12][2.82648e+12] velocity: (35771, 29350.9, 13374.5) mass: 2.67083e+29
183: body[1.85488e+12][3.38428e+12][4.78006e+11] velocity: (23443.3, 33170.8, 43331.1) mass: 4.3474e+29
184: body[5.81763e+12][1.45464e+12][1.15272e+12] velocity: (6316.01, 5071.64, 29280.3) mass: 3.27626e+29
185: body[4.91482e+11][8.40618e+11][4.54086e+12] velocity: (49547.1, 12886.2, 38410) mass: 6.04589e+28
186: body[3.33167e+12][4.7265e+12][2.432e+12] velocity: (29942.3, 22360.8, 44549.1) mass: 1.44468e+29
187: body[2.11078e+11][9.32731e+11][4.41223e+12] velocity: (17565.8, 36583.4, 41338) mass: 3.12491e+29
188: body[2.32582e+12][4.08973e+12][8.59174e+11] velocity: (19016.2, 46918, 17084.9) mass: 8.17747e+29
189: body[2.37047e+11][5.45967e+12][3.3531e+12] velocity: (6203.91, 3307.78, 16850.4) mass: 5.07617e+29
190: body[1.91601e+12][6.30925e+11][1.51726e+12] velocity: (44416.7, 45408.9, 33440.6) mass: 1.12205e+29
191: body[2.09836e+12][3.2991e+12][4.72313e+12] velocity: (19539.5, 35818.8, 27311) mass: 4.87639e+29
192: body[2.6402e+12][2.21264e+12][3.2964e+12] velocity: (42064.3, 3414.34, 35148.9) mass: 7.4045e+29
193: body[3.81151e+10][2.63149e+11][4.29822e+12] velocity: (2396.85, 48532.2, 14791.1) mass: 2.20679e+29
194: body[2.18787e+11][3.74098e+12][1.66248e+12] velocity: (18149.9, 36991.9, 26929.9) mass: 1.69177e+29
195: body[3.81637e+12][1.22036e+12][4.35003e+12] velocity: (123.818, 38313.6, 26826.1) mass: 2.49262e+29
196: body[2.84264e+12][4.99889e+11][7.90925e+11] velocity: (46423.3, 23026, 34693.7) mass: 3.93097e+29
197: body[3.11058e+12][2.33426e+12][5.84105e+12] velocity: (26653.8, 21976.4, 35796) mass: 7.68804e+29
198: body[2.41158e+12][8.62878e+10][4.41889e+12] velocity: (22252.6, 32476, 1467) mass: 5.79765e+29
199: body[2.2862e+12][3.35679e+12][3.3035e+11] velocity: (1711.5, 38747.2, 39713.7) mass: 8.06149e+29
200: body[3.18363e+12][1.94491e+12][2.53715e+12] velocity: (1019.74, 20762.1, 28171.7) mass: 3.6516e+28
201: body[5.15299e+12][1.50676e+12][4.23638e+12] velocity: (19921.1, 32537, 35309.7) mass: 9.48708e+29
202: body[5.2979e+11][2.50806e+12][3.02749e+12] velocity: (24984.1, 21954.6, 13107) mass: 9.33176e+29
203: body[5.1297e+11][1.72774e+12][4.42393e+12] velocity: (23804.6, 43084.8, 40224.2) mass: 9.43081e+29
204: body[3.7487e+12][3.52602e+12][3.21903e+12] velocity: (8670.98, 46323.7, 48746.1) mass: 5.08369e+29
205: body[2.00707e+12][3.17562e+12][8.54779e+11] velocity: (10670.2, 39642, 43157.3) mass: 1.95538e+29
206: body[2.61478e+12][3.35994e+12][3.22297e+12] velocity: (27277.1, 49573.3, 3137.52) mass: 6.13046e+29
207: body[2.55371e+12][1.89683e+12][5.74468e+12] velocity: (25951.2, 30687.1, 36031) mass: 3.00651e+28
208: body[2.79613e+12][3.10994e+12][2.95893e+12] velocity: (5424.62, 6209.03, 2338.84) mass: 9.9311e+29
209: body[2.98242e+11][1.25513e+11][2.83148e+12] velocity: (19574.3, 28000, 31193.9) mass: 2.83917e+29
210: body[2.07486e+12][2.86445e+12][1.28039e+12] velocity: (39717.6, 2732.78, 38195.6) mass: 6.03411e+29
211: body[2.83753e+11][4.84949e+12][2.10278e+12] velocity: (24068.4, 7133.73, 16435.6) mass: 3.26097e+29
212: body[4.46224e+12][3.07444e+11][5.857e+12] velocity: (11464.3, 28980.8, 24614.7) mass: 9.99241e+29
213: body[4.14901e+12][3.18958e+12][3.67607e+12] velocity: (37555.7, 28059, 5126.88) mass: 3.39071e+29
214: body[7.07583e+11][4.28516e+12][4.40931e+12] velocity: (23615.6, 10545.1, 48091.6) mass: 1.43224e+29
215: body[1.56968e+12][4.28441e+12][3.48892e+12] velocity: (15690.2, 27309.3, 47339.9) mass: 2.64553e+29
216: body[4.07589e+12][1.63053e+12][4.68206e+12] velocity: (22232, 16432.3, 39151.6) mass: 7.93753e+29
217: body[5.35102e+12][1.65069e+12][9.5387e+10] velocity: (30414.7, 40986.2, 31990) mass: 6.76628e+29
218: body[2.24672e+12][4.37468e+12][2.98259e+12] velocity: (24999.1, 23310.3, 12596.7) mass: 3.62115e+29
219: body[4.00946e+12][1.27295e+12][1.39152e+12] velocity: (47225.4, 47022.4, 41390.1) mass: 9.70693e+29
220: body[2.88263e+12][4.55918e+12][3.1052e+11] velocity: (9090.55, 2433.55, 42442.4) mass: 2.58257e+29
221: body[2.22335e+12][3.723e+12][1.7845e+12] velocity: (14167.3, 45486.1, 15942.8) mass: 6.25596e+29
222: body[4.301e+12][5.64702e+12][1.50443e+12] velocity: (5427.09, 34800.6, 37997.4) mass: 8.92318e+29
223: body[9.77237e+11][7.0281e+10][3.42581e+12] velocity: (42233.6, 11431.7, 40755.6) mass: 6.09356e+29
224: body[9.91962e+11][3.7848e+12][2.76829e+11] velocity: (32855.6, 20669.9, 5021.78) mass: 7.8859e+29
225: body[2.73368e+12][5.57127e+12][2.72111e+12] velocity: (42084.5, 28646.4, 38203.2) mass: 8.3505e+29
226: body[2.855e+12][4.76856e+11][8.85269e+10] velocity: (10632.1, 1918.33, 13534.1) mass: 1.22489e+29
227: body[4.34126e+12][1.71342e+11][5.4971e+12] velocity: (44960.3, 2113.87, 25538.7) mass: 3.21982e+29
228: body[1.58053e+12][1.93159e+12][3.14512e+12] velocity: (21793.7, 48425.7, 28994.4) mass: 7.44056e+29
229: body[2.25605e+12][4.00496e+12][5.46722e+12] velocity: (42235, 31087.9, 19247.3) mass: 9.13142e+28
230: body[1.16186e+12][8.85304e+11][4.76084e+12] velocity: (34073.7, 11606.7, 40998.7) mass: 6.83833e+29
231: body[1.58171e+12][5.3369e+11][1.26794e+12] velocity: (180.893, 6030.09, 7346.83) mass: 8.92815e+29
232: body[9.46646e+11][3.88363e+12][3.82073e+12] velocity: (21477.8, 49182.9, 8949.12) mass: 9.03394e+29
233: body[5.61865e+12][4.48347e+12][5.63377e+12] velocity: (16631.9, 21808.9, 43967.2) mass: 8.62918e+29
234: body[3.5603e+11][1.58069e+12][5.08955e+12] velocity: (12911.7, 20951.3, 33337.6) mass: 1.78314e+29
235: body[3.82814e+12][2.89113e+12][4.89464e+12] velocity: (45769.5, 29000.3, 2148.09) mass: 9.36754e+29
236: body[4.12984e+12][1.12762e+12][4.85699e+12] velocity: (42944.8, 42459.7, 23446) mass: 9.19481e+29
237: body[4.91351e+12][3.83926e+12][8.86037e+11] velocity: (39131.8, 20518, 5281.84) mass: 2.87181e+29
238: body[5.00684e+12][5.81216e+12][1.74968e+12] velocity: (45362.3, 12536, 7948.83) mass: 1.18126e+29
239: body[3.95451e+12][4.88099e+12][6.02555e+11] velocity: (15866.8, 15769, 46640.8) mass: 1.64692e+29
240: body[5.29262e+12][5.75546e+12][9.12366e+11] velocity: (29754.6, 8224.3, 48889.9) mass: 2.34441e+29
241: body[8.56989e+10][2.63844e+12][4.38533e+12] velocity: (42412.5, 4871.08, 44619.6) mass: 4.55442e+29
242: body[2.99611e+12][5.88685e+12][4.41664e+12] velocity: (17776.7, 48997.6, 2217.29) mass: 6.30424e+29
243: body[1.38754e+12][1.20124e+12][2.52931e+12] velocity: (45274.4, 1572.18, 26503.6) mass: 2.63617e+29
244: body[2.05005e+12][2.72042e+12][2.69995e+12] velocity: (12243, 21818.2, 30561.2) mass: 2.22729e+29
245: body[3.55464e+12][3.46871e+12][1.74249e+12] velocity: (30776.1, 1744.53, 1917.18) mass: 8.39868e+29
246: body[7.84856e+11][5.49486e+12][5.49322e+11] velocity: (32038.4, 46314.6, 42109.4) mass: 4.62065e+29
247: body[5.36777e+12][5.22797e+12][1.53247e+12] velocity: (7161.14, 4395.81, 34394.6) mass: 9.9562e+29
248: body[7.11454e+11][1.285e+12][1.60481e+12] velocity: (23441.5, 33925.9, 36459.5) mass: 4.87385e+28
249: body[6.76975e+11][2.00843e+12][3.25634e+12] velocity: (35893.1, 46413.8, 42342.8) mass: 7.11434e+29
250: body[5.67996e+12][5.22233e+12][4.68989e+12] velocity: (4663.26, 40712.8, 44351.1) mass: 3.32182e+29
251: body[4.38594e+12][4.29653e+12][4.31675e+12] velocity: (32583.8, 30660.9, 49489.4) mass: 7.35307e+29
252: body[4.15371e+12][4.00236e+12][4.98911e+12] velocity: (41146.1, 44741.7, 5796.98) mass: 7.96788e+29
253: body[3.38413e+12][4.99003e+12][1.78708e+10] velocity: (34351, 9208.59, 27803.4) mass: 2.91188e+29
254: body[6.66959e+11][2.36439e+12][4.34305e+12] velocity: (3863.08, 14240.8, 26488.8) mass: 4.03541e+29
255: body[5.95276e+11][2.45919e+12][5.34889e+12] velocity: (42217.3, 7235.1, 31780.1) mass: 1.70819e+29
256: body[4.4759e+12][3.70191e+12][1.72667e+12] velocity: (23028.6, 15252.2, 6911.41) mass: 4.95767e+29
257: body[1.18298e+12][1.50539e+12][3.40417e+12] velocity: (38713.3, 5081.63, 29015.7) mass: 2.85365e+29
258: body[1.68956e+12][7.876e+11][5.0993e+12] velocity: (19948.5, 26755.4, 29902.8) mass: 4.60309e+29
259: body[4.83439e+12][7.66663e+11][3.81087e+12] velocity: (45873.8, 27384, 27582.9) mass: 4.74687e+29
260: body[4.07725e+12][1.11678e+12][1.52421e+12] velocity: (22371.1, 40928.5, 27485.2) mass: 7.62171e+29
261: body[7.14309e+11][4.06667e+12][1.16028e+12] velocity: (16116.9, 47165.9, 38692) mass: 9.10726e+29
262: body[2.63168e+11][2.07783e+12][3.27098e+12] velocity: (16643, 24272.4, 20900.3) mass: 9.37877e+28
263: body[1.13099e+11][1.04005e+11][1.20837e+12] velocity: (41927.1, 7414.87, 42508.3) mass: 7.29499e+29
264: body[4.09218e+12][2.37036e+12][3.06212e+12] velocity: (18950.9, 29342.9, 38733.8) mass: 7.56264e+29
265: body[2.39719e+12][1.92859e+12][4.39241e+12] velocity: (26343.7, 796.748, 46933.7) mass: 8.33062e+29
266: body[5.65868e+12][4.20416e+12][5.55587e+12] velocity: (80.5029, 3243.56, 24742.3) mass: 8.47523e+29
267: body[3.24309e+12][5.39281e+12][3.75177e+11] velocity: (28388.3, 46469.1, 13453.4) mass: 3.33894e+29
268: body[4.63163e+11][6.94138e+11][9.5492e+11] velocity: (38613.2, 25961.4, 34030.4) mass: 4.05089e+29
269: body[6.43009e+11][2.69474e+12][5.83443e+12] velocity: (25758.9, 39164.7, 36507.9) mass: 1.55289e+29
270: body[4.71427e+12][3.96656e+12][5.2475e+12] velocity: (37813.6, 19225.5, 41475) mass: 4.1276e+28
271: body[2.65271e+12][1.92159e+12][5.60732e+11] velocity: (49922.4, 11970.7, 7986.7) mass: 7.61029e+29
272: body[1.00259e+12][2.51512e+12][5.72975e+12] velocity: (12408.6, 27174.5, 6513.94) mass: 5.65959e+29
273: body[3.65127e+11][4.79307e+12][1.02861e+12] velocity: (8597.24, 13385.8, 8178.57) mass: 1.89329e+28
274: body[3.06826e+11][5.28124e+12][4.28705e+12] velocity: (42564.1, 28283.8, 30735) mass: 6.84893e+29
275: body[5.6142e+12][2.62929e+12][2.17589e+12] velocity: (19913, 38546.6, 23264.4) mass: 6.07427e+29
276: body[5.6651e+10][3.6682e+12][5.6931e+12] velocity: (9029.77, 2354.66, 46689.3) mass: 3.9829e+29
277: body[3.48826e+12][4.03211e+11][2.63311e+12] velocity: (32590.2, 44065.5, 31010) mass: 4.26904e+29
278: body[8.75456e+11][4.62045e+12][2.99688e+12] velocity: (10054.2, 33799.3, 11702.6) mass: 8.22882e+29
279: body[1.44086e+12][5.00985e+12][3.87582e+12] velocity: (9811.67, 14579.9, 1248.43) mass: 4.94732e+28
280: body[3.81389e+11][2.884e+12][5.8674e+12] velocity: (3764.96, 5509.73, 47809.4) mass: 5.95484e+29
281: body[9.35527e+11][5.27472e+12][4.0136e+12] velocity: (37497.4, 47967, 6283.21) mass: 2.53276e+29
282: body[4.96557e+12][4.40412e+12][1.32573e+12] velocity: (49384.1, 26408.9, 36647) mass: 4.01282e+29
283: body[1.21762e+12][5.70222e+12][1.4094e+12] velocity: (22537.9, 40649.4, 44797.7) mass: 1.88752e+29
284: body[6.42584e+11][5.43259e+12][1.42255e+12] velocity: (8723.85, 20383.2, 11775.1) mass: 6.45453e+29
285: body[3.0688e+12][1.1375e+12][2.95495e+12] velocity: (33863.9, 4381.73, 9084.92) mass: 2.47431e+29
286: body[2.81529e+11][1.81096e+12][4.88368e+12] velocity: (44522.2, 2711.6, 2531.36) mass: 4.26423e+29
287: body[3.43533e+12][4.6277e+12][3.89836e+11] velocity: (39356.1, 37432.9, 15297.7) mass: 8.77099e+29
288: body[3.33336e+12][1.1758e+12][5.212e+12] velocity: (33663.7, 6024.42, 6137.57) mass: 2.37846e+29
289: body[3.12067e+12][2.12017e+12][5.57601e+11] velocity: (2415.72, 27597.4, 29809.9) mass: 8.46642e+29
290: body[3.76558e+12][4.57678e+12][9.04635e+11] velocity: (34238.1, 4055.61, 49057.2) mass: 7.26187e+29
291: body[8.02813e+11][1.93414e+11][2.65641e+12] velocity: (35903.5, 40882.7, 25806.7) mass: 5.72763e+29
292: body[3.33808e+12][4.83683e+12][4.38523e+12] velocity: (6490.19, 938.88, 31280) mass: 5.04956e+29
293: body[8.21025e+11][4.42746e+12][3.83867e+12] velocity: (33468.4, 5404.25, 37173.4) mass: 8.03434e+29
294: body[3.90099e+12][2.00018e+12][2.61201e+12] velocity: (14879.9, 5779.84, 29778.4) mass: 7.16091e+29
295: body[1.16469e+12][3.39632e+12][3.28196e+12] velocity: (16706.8, 30407, 299.223) mass: 9.83497e+29
296: body[2.5022e+12][3.0803e+12][3.27513e+12] velocity: (49494.5, 17158.3, 14836.6) mass: 4.99329e+28
297: body[2.12975e+12][5.4533e+12][5.44614e+12] velocity: (24794.5, 34172.5, 28142.9) mass: 1.19224e+29
298: body[4.62406e+12][1.87245e+12][5.21068e+12] velocity: (22168.4, 32806, 16188.7) mass: 1.66837e+29
299: body[4.54958e+12][5.43069e+12][4.28801e+12] velocity: (48333.1, 24702.2, 14121.3) mass: 7.43078e+29
300: body[6.08107e+11][1.70835e+12][2.07014e+12] velocity: (26377.8, 40567.7, 45284.8) mass: 3.00275e+29
301: body[9.01459e+11][1.19699e+12][3.74504e+12] velocity: (25744.4, 6372.73, 27849.9) mass: 5.1512e+29
302: body[4.72669e+12][7.67379e+11][1.05717e+12] velocity: (28943.5, 22317.2, 2867.13) mass: 1.23013e+28
303: body[6.08137e+11][2.28624e+12][4.55446e+12] velocity: (43720.9, 15348.5, 24858.1) mass: 2.85004e+28
304: body[4.73962e+12][4.60812e+12][8.3216e+11] velocity: (45203.2, 3444.83, 24617.6) mass: 8.40409e+29
305: body[5.19648e+12][2.33891e+12][5.58702e+12] velocity: (1715.99, 29910.5, 29030) mass: 4.31407e+29
306: body[4.28186e+12][8.14615e+11][3.29818e+12] velocity: (26258.5, 13448, 36948.4) mass: 5.46172e+29
307: body[4.2175e+12][4.71891e+12][8.22168e+11] velocity: (40786.1, 9287.41, 45580.9) mass: 1.10183e+29
308: body[2.91775e+12][2.41046e+12][3.12941e+12] velocity: (14824.9, 9481.41, 33522.4) mass: 6.89509e+29
309: body[1.53074e+12][9.55224e+11][3.74154e+12] velocity: (6994.79, 27967.6, 29001.3) mass: 2.02326e+29
310: body[9.25726e+11][9.51978e+11][4.24566e+12] velocity: (44143.9, 15015.9, 13867.7) mass: 1.73228e+29
311: body[3.34426e+12][9.48836e+10][3.05819e+12] velocity: (14029.9, 40854.6, 32820.2) mass: 4.07673e+29
312: body[1.46157e+10][3.34834e+12][4.64483e+12] velocity: (24917.3, 48748.8, 15820.1) mass: 9.75185e+28
313: body[9.7307e+11][5.82717e+12][5.87756e+12] velocity: (21221.3, 7405.93, 31421) mass: 7.9341e+29
314: body[4.17221e+12][1.23902e+12][4.35186e+12] velocity: (43093, 18598.1, 22808.4) mass: 5.64042e+29
315: body[3.95326e+12][4.33704e+12][9.00064e+11] velocity: (11772.1, 37502.1, 33544.4) mass: 7.4439e+29
316: body[3.33707e+12][1.92996e+12][3.6294e+12] velocity: (28347.4, 44697.8, 20080.4) mass: 5.17341e+29
317: body[5.12414e+12][4.24415e+12][5.06083e+12] velocity: (1613.95, 35278.3, 42622.2) mass: 6.37327e+28
318: body[5.0494e+12][2.84886e+12][1.27734e+11] velocity: (28051.8, 34580.6, 37989.7) mass: 4.57052e+29
319: body[3.74555e+11][1.2728e+12][9.99133e+11] velocity: (36703.2, 47482, 16082.8) mass: 4.2472e+29
320: body[4.1288e+12][5.8488e+12][2.87166e+12] velocity: (13202.6, 15789.7, 5075.47) mass: 9.69308e+29
321: body[1.2441e+12][2.97098e+12][5.28863e+12] velocity: (3990.41, 11113.7, 37513.9) mass: 8.32095e+29
322: body[5.48214e+12][3.5749e+12][3.36215e+12] velocity: (39108.5, 4397.57, 29529.3) mass: 1.12371e+29
323: body[4.60731e+12][2.06084e+12][4.55108e+12] velocity: (42095.7, 28201.5, 46936.9) mass: 3.45963e+29
324: body[3.03052e+12][1.54077e+12][3.21774e+12] velocity: (10637.5, 12635.5, 1618.29) mass: 5.76048e+29
325: body[3.36401e+12][7.90472e+11][1.82978e+12] velocity: (39004.6, 31909.9, 10308.5) mass: 4.77887e+29
326: body[5.07227e+12][5.65924e+12][5.73748e+12] velocity: (39316, 28191.6, 27009.5) mass: 8.59687e+29
327: body[3.85357e+12][7.80878e+11][5.4175e+12] velocity: (21651.3, 24081.2, 34336.5) mass: 5.71755e+29
328: body[2.66711e+11][3.71017e+12][5.03083e+12] velocity: (27993.7, 44407.3, 19862.2) mass: 2.76344e+29
329: body[8.36193e+11][2.53797e+12][1.4731e+12] velocity: (35616.9, 28182, 28009.8) mass: 7.71381e+29
330: body[1.18125e+12][4.51697e+12][2.07171e+12] velocity: (3039.15, 36162, 16155.1) mass: 4.91214e+29
331: body[1.70603e+12][5.10451e+12][2.47229e+12] velocity: (47116.8, 49722.6, 16829.2) mass: 8.47031e+29
332: body[2.81846e+12][1.49746e+11][3.84164e+12] velocity: (26115.7, 32756.8, 25161.6) mass: 3.74413e+29
333: body[3.20221e+12][5.31671e+12][5.02597e+12] velocity: (34179.1, 16441.3, 4959.2) mass: 8.04055e+28
334: body[5.27447e+12][3.89762e+12][5.22531e+12] velocity: (4671.49, 21257.9, 11767.3) mass: 3.9426e+29
335: body[8.8217e+11][3.3019e+12][4.22168e+09] velocity: (22057.3, 21100.4, 21371.9) mass: 1.53375e+29
336: body[2.48317e+12][4.46196e+12][4.44668e+12] velocity: (44895.1, 38990.8, 20188.2) mass: 3.78966e+29
337: body[2.56297e+12][5.35646e+12][2.9519e+12] velocity: (48830.3, 40340.5, 17563.9) mass: 4.1966e+29
338: body[8.19214e+11][2.67263e+12][3.20583e+11] velocity: (1657.31, 5705.62, 47108) mass: 6.59387e+29
339: body[3.18052e+12][1.0386e+12][1.65432e+12] velocity: (34395, 36777.9, 14063.2) mass: 1.26812e+29
340: body[9.38288e+11][4.13069e+12][2.97707e+12] velocity: (29045.1, 22737, 12932.5) mass: 1.25433e+29
341: body[1.39572e+12][3.90775e+12][5.28826e+12] velocity: (33520.4, 28406.1, 19720.5) mass: 4.76366e+29
342: body[2.22875e+12][4.41372e+12][1.80153e+12] velocity: (25795.1, 10010.4, 18025.5) mass: 6.45693e+29
343: body[1.8566e+12][1.75935e+12][3.99106e+12] velocity: (42638.8, 23705.4, 47760.8) mass: 5.48938e+29
344: body[1.22982e+12][1.39958e+12][3.92908e+12] velocity: (18392.5, 46891.6, 8435.41) mass: 5.40389e+29
345: body[2.31428e+12][2.52559e+12][2.49102e+12] velocity: (31419.1, 4508.77, 15913.5) mass: 9.45608e+29
346: body[3.88892e+12][4.21513e+12][5.56663e+12] velocity: (1791.31, 23081.4, 12336.9) mass: 2.97622e+29
347: body[3.91521e+12][3.58593e+12][6.02978e+11] velocity: (48820.1, 45238.9, 38954.6) mass: 5.52692e+29
348: body[2.2346e+12][4.33078e+12][2.18283e+12] velocity: (29432.5, 48845.9, 1752.36) mass: 8.29557e+29
349: body[5.34765e+12][1.21807e+12][5.30479e+12] velocity: (14834.7, 31724.4, 15990.7) mass: 9.53274e+29
350: body[4.27267e+12][3.77078e+12][1.31902e+12] velocity: (19107.3, 17644, 8384.45) mass: 9.25819e+29
351: body[4.81046e+12][2.44948e+12][5.73626e+12] velocity: (23869.3, 1116.37, 3616.82) mass: 4.19502e+29
352: body[5.47205e+12][5.02463e+12][1.68051e+12] velocity: (15174.6, 29239.7, 32689.8) mass: 4.54797e+29
353: body[3.27278e+12][4.07527e+12][4.99063e+12] velocity: (23004.5, 44801.4, 37137) mass: 8.92051e+29
354: body[3.12835e+12][3.86919e+11][4.04135e+12] velocity: (12679.4, 35282.5, 45368.3) mass: 7.58491e+29
355: body[3.39296e+11][4.41699e+11][3.33245e+11] velocity: (43654.4, 24517.7, 1491.21) mass: 6.36959e+29
356: body[3.02228e+12][6.08746e+11][4.74699e+12] velocity: (21951.6, 47750.9, 4387.93) mass: 3.49713e+29
357: body[3.17581e+12][4.38653e+12][3.7591e+12] velocity: (4599.91, 21621.2, 24075.9) mass: 7.44732e+29
358: body[1.9465e+12][1.33651e+12][1.84276e+12] velocity: (42992.4, 14622, 49846.9) mass: 5.53111e+29
359: body[5.87248e+12][5.33583e+12][4.42986e+12] velocity: (2527.43, 48858.5, 40341.7) mass: 1.13274e+29
360: body[2.76439e+12][4.9326e+12][1.61535e+12] velocity: (48975.4, 46826.9, 3956.29) mass: 9.24018e+29
361: body[5.26176e+12][9.8985e+11][9.69035e+11] velocity: (21421.7, 45547.7, 40078.7) mass: 4.18925e+29
362: body[2.02954e+12][1.66923e+12][4.46541e+11] velocity: (33654.4, 25473.5, 19423.2) mass: 5.2229e+29
363: body[4.72484e+12][2.26044e+12][3.80948e+12] velocity: (39717.3, 14350.4, 19744.8) mass: 5.32111e+29
364: body[1.56516e+12][1.19379e+12][4.55336e+12] velocity: (36596.7, 1922.35, 2271.68) mass: 8.47705e+29
365: body[5.7591e+12][7.31058e+11][7.75617e+11] velocity: (43286, 14574.4, 14774.8) mass: 7.1232e+29
366: body[1.18865e+12][5.64148e+11][4.83594e+12] velocity: (27248.1, 19005.2, 44657.5) mass: 2.96707e+29
367: body[5.23478e+12][1.66313e+12][4.4235e+12] velocity: (34227.6, 33197.2, 19653.8) mass: 2.17346e+29
368: body[5.6112e+12][4.66799e+12][1.9488e+12] velocity: (10695, 49630, 5106.09) mass: 4.82525e+29
369: body[1.79544e+11][8.70876e+11][3.90052e+12] velocity: (385.175, 13605.8, 39586.6) mass: 9.48206e+29
370: body[3.31851e+12][5.1215e+11][1.00497e+12] velocity: (38055, 9164.04, 49530.6) mass: 8.72903e+29
371: body[3.30534e+12][5.21043e+12][3.09797e+12] velocity: (22290.7, 8153.07, 13683.8) mass: 3.07532e+29
372: body[4.89282e+12][3.95013e+12][3.63945e+12] velocity: (38911.1, 22960.5, 47319.3) mass: 1.33637e+29
373: body[2.67127e+12][2.8609e+11][5.56901e+12] velocity: (24140.4, 9848.8, 30137.6) mass: 9.95253e+29
374: body[2.75457e+12][2.33704e+12][2.13599e+12] velocity: (1463.85, 24187.3, 26592) mass: 4.8874e+29
375: body[3.92115e+12][3.06892e+12][5.8832e+11] velocity: (11185, 20172.5, 31295.1) mass: 7.91725e+29
376: body[3.3486e+12][5.30343e+12][4.7491e+12] velocity: (19784.1, 28285.5, 20954.7) mass: 6.70987e+29
377: body[1.6305e+11][2.16816e+12][1.00855e+12] velocity: (24059.3, 20793.5, 5757.66) mass: 1.75605e+29
378: body[3.60688e+12][4.23846e+12][2.66593e+12] velocity: (3862.29, 5675.68, 40658.8) mass: 9.62518e+29
379: body[3.52036e+12][2.03425e+12][5.30615e+12] velocity: (13024.2, 43230, 49805.5) mass: 1.06892e+29
380: body[1.5782e+12][3.67211e+12][9.25994e+11] velocity: (41749.1, 26018.5, 48129.4) mass: 4.85257e+29
381: body[5.2047e+11][2.25501e+12][2.39638e+12] velocity: (5854.16, 37479.1, 28863.5) mass: 2.30139e+29
382: body[9.7309e+11][4.07817e+12][3.28999e+12] velocity: (38880.9, 20415.6, 442.205) mass: 5.95102e+29
383: body[3.08788e+12][4.84921e+12][5.67163e+12] velocity: (7436.16, 8168.33, 42515.4) mass: 8.53776e+29
384: body[1.77985e+11][5.0593e+12][5.10905e+12] velocity: (14774, 23813.5, 922.033) mass: 3.8067e+29
385: body[5.89832e+12][5.8015e+12][2.13391e+12] velocity: (4318.99, 18173.2, 38347.5) mass: 1.30979e+29
386: body[6.71031e+11][2.02658e+12][4.71149e+12] velocity: (13927.1, 1720.66, 17730.5) mass: 2.03196e+29
387: body[2.6214e+12][2.15309e+12][5.35687e+12] velocity: (48351.1, 9355.9, 43316.3) mass: 5.35336e+28
388: body[2.08144e+12][4.29337e+12][2.75845e+12] velocity: (19139, 29183.9, 16674.4) mass: 8.662e+28
389: body[3.75466e+11][2.09825e+12][4.78131e+12] velocity: (3272.3, 16907, 8524.24) mass: 6.79287e+29
390: body[4.15194e+12][5.53687e+12][2.09056e+12] velocity: (40802.2, 14010.7, 7633.85) mass: 1.51025e+29
391: body[1.86822e+12][3.00354e+12][8.73897e+11] velocity: (38027.2, 43700.6, 2845.61) mass: 9.45434e+28
392: body[3.54603e+11][5.45066e+12][4.79895e+12] velocity: (20672.9, 32477.3, 13988.4) mass: 7.26557e+29
393: body[1.38807e+12][3.62492e+12][2.79812e+12] velocity: (14995.6, 48464.7, 14256.3) mass: 7.94763e+29
394: body[1.81428e+12][2.69034e+12][3.02989e+12] velocity: (575.985, 19724.6, 43343.8) mass: 3.61881e+29
395: body[3.99068e+12][1.18187e+11][5.43899e+12] velocity: (49593.5, 26483.4, 3451.79) mass: 8.27268e+29
396: body[2.3697e+12][7.39337e+11][2.82143e+12] velocity: (23051.4, 2522.58, 14528.8) mass: 7.51439e+29
397: body[4.1297e+12][3.37347e+12][3.94285e+12] velocity: (46648.4, 9238.29, 7053.22) mass: 8.73412e+29
398: body[9.12919e+11][2.5204e+12][3.50997e+12] velocity: (23155.2, 44118.5, 5374.42) mass: 2.32951e+29
399: body[1.63364e+12][5.756e+12][1.76963e+12] velocity: (47619.9, 49625.9, 11108.4) mass: 4.72507e+29
400: body[3.08726e+12][1.72151e+12][4.10148e+12] velocity: (46184.2, 20874.2, 8601.86) mass: 9.43601e+29
401: body[2.74651e+12][2.73898e+12][1.52864e+12] velocity: (8248.36, 1791.27, 46423.3) mass: 3.85001e+29
402: body[1.30653e+12][4.08143e+11][1.96231e+12] velocity: (18813.4, 24844.8, 46357.8) mass: 9.89663e+28
403: body[2.23064e+12][2.03519e+11][1.8314e+12] velocity: (32695.5, 551.248, 30508.6) mass: 8.37454e+29
404: body[2.50644e+10][4.90533e+12][3.24156e+12] velocity: (26425.6, 6086.97, 12199.3) mass: 6.05637e+29
405: body[3.18336e+12][2.46596e+12][4.92894e+12] velocity: (219.97, 44113.4, 4619.21) mass: 4.50345e+29
406: body[5.41307e+12][1.20438e+11][1.58709e+12] velocity: (6879.54, 4516.09, 30044.9) mass: 1.69592e+29
407: body[3.4528e+12][3.11305e+12][2.07705e+12] velocity: (48066.7, 28093.1, 33082.7) mass: 5.14103e+29
408: body[3.37176e+12][1.60084e+12][1.3104e+12] velocity: (28740.4, 5164.84, 38586.7) mass: 6.15899e+29
409: body[1.33302e+12][9.06728e+10][3.25683e+12] velocity: (38248.9, 21710.6, 19355.4) mass: 1.01377e+29
410: body[1.85292e+12][2.83904e+12][5.54367e+12] velocity: (11555.2, 25069.7, 10302.5) mass: 7.69862e+29
411: body[3.48373e+12][4.77153e+12][5.216e+12] velocity: (8705.06, 16736.8, 11710.1) mass: 3.69793e+29
412: body[5.29682e+12][5.29285e+12][4.44609e+12] velocity: (23378.8, 8354.64, 48722.3) mass: 1.36962e+29
413: body[1.59988e+12][4.39979e+12][8.5728e+11] velocity: (24842.1, 37972.3, 34899.6) mass: 4.34146e+28
414: body[1.13845e+12][4.9556e+11][1.8688e+11] velocity: (25323.9, 28251.6, 48592.7) mass: 2.61102e+29
415: body[3.89754e+11][1.057e+12][6.38637e+11] velocity: (32848.4, 49362.8, 49630.8) mass: 7.37725e+29
416: body[1.90447e+12][1.33905e+12][5.71269e+12] velocity: (11011.4, 6227.12, 35918.9) mass: 8.30764e+29
417: body[1.7256e+12][4.10231e+12][4.32233e+12] velocity: (28128.5, 21939.9, 43799.9) mass: 6.88542e+29
418: body[1.18394e+12][3.38508e+12][1.89038e+12] velocity: (19735.8, 32861.9, 17603.5) mass: 5.90435e+28
419: body[1.30659e+12][1.89916e+12][3.76247e+12] velocity: (14385.1, 24983.1, 37216.1) mass: 8.99437e+29
420: body[2.87605e+12][4.3471e+12][4.56687e+12] velocity: (40438.7, 48168.9, 37020.9) mass: 9.42739e+29
421: body[5.13734e+11][2.72539e+12][4.23873e+12] velocity: (19028, 7822, 22490.7) mass: 2.95571e+28
422: body[3.5255e+12][1.93204e+12][5.91957e+09] velocity: (39849.8, 45030.6, 16134.6) mass: 9.41724e+29
423: body[3.2891e+12][3.96922e+12][5.32605e+11] velocity: (38902.1, 49701.3, 36434.3) mass: 1.90303e+29
424: body[2.9159e+12][2.78321e+12][4.89037e+10] velocity: (49020.6, 10390.8, 39154.3) mass: 6.49769e+28
425: body[1.00782e+12][3.08669e+12][4.837e+12] velocity: (12956.6, 49152.1, 26872.2) mass: 7.89879e+29
426: body[8.35476e+11][5.82815e+12][3.41274e+12] velocity: (36942.5, 15633.1, 28932.3) mass: 6.36282e+29
427: body[1.26866e+12][5.31062e+12][4.28493e+12] velocity: (38600.5, 28500.9, 40727.2) mass: 5.3536e+29
428: body[3.33526e+12][3.19964e+12][3.62821e+12] velocity: (2934.07, 693.42, 31072.9) mass: 5.49519e+29
429: body[1.30885e+12][2.38424e+12][4.89398e+12] velocity: (19617.8, 46320.7, 32332.1) mass: 3.91351e+28
430: body[5.37006e+12][1.09807e+12][1.69045e+12] velocity: (2492.35, 8721.9, 43205.1) mass: 6.49603e+29
431: body[2.88209e+12][2.6132e+12][1.91531e+12] velocity: (35127.8, 17100.8, 2520.75) mass: 7.89231e+29
432: body[5.39502e+12][5.10914e+12][1.40365e+11] velocity: (23916.2, 20369, 31952.9) mass: 4.73805e+29
433: body[2.49164e+12][1.53705e+12][3.40729e+12] velocity: (32193.9, 33232.2, 20316.4) mass: 5.38074e+29
434: body[3.47926e+12][3.23624e+11][4.04672e+12] velocity: (24925.5, 12125.2, 48534) mass: 3.55706e+28
435: body[2.44792e+12][4.92739e+12][2.0084e+12] velocity: (45103.8, 13793.2, 33234.4) mass: 5.50689e+29
436: body[3.6601e+12][4.21963e+12][4.63349e+11] velocity: (26665.5, 29021.5, 5187.24) mass: 6.04654e+29
437: body[5.83322e+12][4.36796e+12][3.2539e+12] velocity: (20428.5, 49961.7, 6430.21) mass: 1.33406e+28
438: body[3.91333e+12][3.15813e+12][5.29544e+11] velocity: (12622.2, 29158.4, 39034.8) mass: 5.36133e+28
439: body[4.89914e+12][4.40046e+12][1.78812e+12] velocity: (12164.4, 28989.8, 32126.8) mass: 7.51912e+29
440: body[5.06413e+12][1.81158e+12][4.43622e+12] velocity: (23838.1, 1064.91, 41433.7) mass: 1.46641e+29
441: body[3.55565e+12][5.49895e+12][1.51817e+11] velocity: (29507, 33487.6, 28922) mass: 1.19682e+28
442: body[3.95896e+12][4.16259e+12][3.21807e+11] velocity: (16634.3, 12000.6, 7299.77) mass: 8.24207e+26
443: body[4.89818e+12][5.41894e+12][1.99814e+12] velocity: (32951.4, 33107.3, 32039.7) mass: 5.86288e+29
444: body[1.43861e+12][1.67415e+12][3.04173e+11] velocity: (5121.1, 29536.1, 40185.2) mass: 9.04326e+29
445: body[3.61262e+12][3.73132e+12][3.49338e+12] velocity: (10671.4, 28136.6, 30795.1) mass: 5.79678e+29
446: body[1.38856e+12][1.14659e+12][4.75793e+12] velocity: (45316.4, 44987.7, 42911.6) mass: 8.04975e+29
447: body[8.25593e+11][2.67501e+10][4.87173e+12] velocity: (48495.5, 46182.3, 8154.44) mass: 2.39309e+29
448: body[3.45644e+12][4.74749e+12][3.1482e+12] velocity: (41396.2, 4351.54, 29188.7) mass: 6.2884e+29
449: body[4.00306e+12][2.27981e+12][3.01182e+12] velocity: (14621.5, 1101.79, 5201.24) mass: 9.30723e+29
450: body[3.43709e+12][4.24606e+12][1.82815e+12] velocity: (40811, 45600.1, 5805.6) mass: 5.04796e+29
451: body[4.79319e+12][5.76149e+12][5.67569e+12] velocity: (47566.5, 48903, 39309.4) mass: 7.22097e+29
452: body[5.32097e+12][5.61297e+12][3.23773e+12] velocity: (24280.7, 37707, 4081.72) mass: 9.19869e+29
453: body[4.97779e+12][3.92966e+12][1.45729e+12] velocity: (26041.2, 2601.11, 37896.8) mass: 3.15721e+29
454: body[4.20592e+11][5.06997e+12][1.87184e+12] velocity: (32693.7, 28821.1, 31370.9) mass: 8.12006e+29
455: body[2.89573e+12][4.38175e+12][1.13058e+12] velocity: (15110.1, 35866.7, 7690.97) mass: 4.69413e+29
456: body[4.11853e+12][5.54937e+12][1.02435e+12] velocity: (29988.4, 44397, 36203.3) mass: 2.5322e+29
457: body[3.81418e+12][4.74368e+12][2.37208e+12] velocity: (24426, 23439.3, 32431.9) mass: 8.58521e+28
458: body[3.08281e+12][2.38984e+12][4.85638e+12] velocity: (29714.2, 13289.7, 6989.48) mass: 1.10069e+28
459: body[4.96721e+12][4.52388e+12][4.2228e+12] velocity: (16554.2, 25389.6, 45309.8) mass: 2.45651e+29
460: body[1.34023e+12][3.55326e+11][5.23797e+12] velocity: (46224.9, 50054.5, 2967.74) mass: 6.34528e+29
461: body[5.25408e+12][4.62007e+12][3.59355e+12] velocity: (26740.4, 29280.7, 527.798) mass: 5.23216e+29
462: body[3.32777e+11][3.88636e+12][2.20092e+11] velocity: (28972, 3162.57, 43048.9) mass: 2.56669e+28
463: body[1.9317e+12][5.90036e+12][2.45844e+12] velocity: (8468.02, 38189.6, 6589.56) mass: 1.70937e+29
464: body[1.62123e+12][2.25975e+11][8.00766e+11] velocity: (25063.7, 4956.87, 1228.13) mass: 5.01178e+29
465: body[5.77352e+11][5.01055e+11][5.59685e+12] velocity: (49409.1, 43404, 27807.5) mass: 4.24995e+29
466: body[2.6762e+12][3.35171e+12][3.24264e+12] velocity: (24636.2, 11394, 29020.1) mass: 5.23506e+29
467: body[1.71428e+12][2.63057e+12][1.52627e+12] velocity: (30907.3, 22280.6, 33788.7) mass: 8.72588e+28
468: body[1.24653e+12][4.76164e+12][1.6981e+12] velocity: (24401.8, 42265.8, 21236) mass: 7.86326e+29
469: body[5.56026e+12][2.6376e+12][2.42781e+12] velocity: (1909.35, 26559.1, 17930.8) mass: 9.86235e+29
470: body[2.35114e+12][5.41074e+12][3.24714e+12] velocity: (42580.7, 24134.4, 4944.14) mass: 2.67842e+28
471: body[4.19621e+12][4.04389e+12][2.64367e+12] velocity: (-2.63394, 6525.99, 35293.8) mass: 3.60305e+29
472: body[3.40106e+12][2.24602e+12][2.39272e+12] velocity: (39293.1, 9388.53, 34643.3) mass: 6.18712e+29
473: body[1.90943e+11][6.85365e+11][1.52727e+12] velocity: (48772.6, 28145, 33486.1) mass: 2.72133e+29
474: body[5.52984e+11][1.75423e+11][2.40577e+11] velocity: (24628.9, 47384.8, 29609.2) mass: 1.35584e+28
475: body[2.53998e+12][4.07319e+12][4.14625e+12] velocity: (7074.31, 18758.1, 7473.26) mass: 3.4234e+29
476: body[2.98721e+12][5.05123e+12][4.49452e+12] velocity: (4134.42, 11758.8, 8291.89) mass: 1.42949e+29
477: body[2.50059e+12][5.07373e+12][8.33931e+11] velocity: (22779.4, 48676.4, 20038.9) mass: 8.68918e+29
478: body[3.17343e+12][4.07633e+11][2.61426e+12] velocity: (31550, 4983.14, 24170.3) mass: 4.29182e+29
479: body[2.60575e+11][4.38225e+11][2.74041e+12] velocity: (23796.5, 38241.2, 8372) mass: 1.22013e+29
480: body[8.24166e+11][1.87227e+12][4.47911e+12] velocity: (32286.4, 8677.3, 25986.7) mass: 6.15842e+29
481: body[2.42075e+12][4.05655e+12][3.52256e+12] velocity: (41656.1, 27290, 36857.2) mass: 7.27586e+29
482: body[3.07643e+12][8.09044e+11][4.23399e+12] velocity: (2931.42, 10356.5, 7972.13) mass: 2.88326e+29
483: body[1.7954e+12][3.79875e+12][4.78951e+12] velocity: (17404.7, 35825, 13717.2) mass: 6.89566e+29
484: body[2.83974e+12][2.61657e+12][2.58463e+12] velocity: (30979.1, 38005.6, 9826.56) mass: 8.22086e+29
485: body[5.50802e+12][4.23305e+12][5.86198e+12] velocity: (17117.3, 20208.5, 29349.4) mass: 2.65539e+29
486: body[5.61125e+12][1.93239e+12][2.74137e+12] velocity: (23527.6, 23240.4, 9100.09) mass: 1.76179e+29
487: body[3.9581e+12][2.0236e+12][1.30085e+12] velocity: (48672.8, 49304.6, 1643.23) mass: 5.30892e+29
488: body[4.14637e+12][1.82027e+12][8.53039e+11] velocity: (9132.22, 37576, 29172.5) mass: 3.2207e+29
489: body[3.01705e+12][4.59708e+12][4.08043e+11] velocity: (22206.7, 24742.4, 3175.34) mass: 8.03575e+29
490: body[5.31541e+12][3.85025e+12][5.68665e+12] velocity: (42511.3, 48973.4, 21318.1) mass: 7.87347e+29
491: body[2.61543e+12][3.60338e+12][5.03891e+12] velocity: (5664.11, 47618.3, 3643.33) mass: 3.23107e+29
492: body[5.53638e+12][6.30118e+11][2.41924e+12] velocity: (31954.3, 20751, 27695.7) mass: 8.75648e+28
493: body[9.78598e+11][8.05617e+11][3.70595e+12] velocity: (33870.4, 45829.4, 34834.6) mass: 8.24041e+29
494: body[2.42418e+12][4.47969e+12][5.36157e+12] velocity: (15577.7, 20512, 43484.4) mass: 1.20757e+29
495: body[2.30394e+12][1.77194e+12][2.86331e+12] velocity: (41675.7, 45547.8, 16963.2) mass: 1.61952e+29
496: body[5.08935e+12][2.44199e+12][2.02674e+11] velocity: (39947.1, 26023.2, 22242.3) mass: 9.46461e+29
497: body[5.51385e+12][5.88554e+12][1.5644e+12] velocity: (4934.26, 6590.12, 44628.6) mass: 4.40458e+29
498: body[2.85208e+11][3.47569e+12][5.29584e+12] velocity: (23004.9, 17376, 40194.3) mass: 7.76254e+29
499: body[4.47668e+12][3.99701e+12][5.49795e+12] velocity: (7386.94, 48816.9, 20750.5) mass: 7.69599e+29
